Login	Sat 09/28/2024	20:55:17.38	mgyee 	
Logoff	Sat 09/28/2024	20:56:45.62	mgyee  
Login	Thu 10/03/2024	15:53:39.55	jhu95 	
Logoff	Thu 10/03/2024	17:06:48.88	jhu95  
Login	Fri 10/04/2024	16:10:07.16	wtvo 	
Logoff	Fri 10/04/2024	18:07:41.95	wtvo  
Login	Fri 10/04/2024	18:35:42.04	wtvo 	
Logoff	Fri 10/04/2024	18:48:38.24	wtvo  
Login	Sat 10/05/2024	15:11:05.67	avelazq5 	
Logoff	Sat 10/05/2024	18:06:27.64	avelazq5  
Login	Sun 10/06/2024	15:26:49.46	glemaste 	
Logoff	Sun 10/06/2024	17:22:52.92	glemaste  
Login	Mon 10/07/2024	15:24:37.21	ncavallo 	
Logoff	Mon 10/07/2024	15:42:18.78	ncavallo  
Login	Mon 10/07/2024	15:44:24.11	ncavallo 	
Logoff	Mon 10/07/2024	17:56:48.65	ncavallo  
Login	Tue 10/08/2024	15:55:30.32	ncavallo 	
Logoff	Tue 10/08/2024	17:03:11.78	ncavallo  
Login	Tue 10/08/2024	17:08:03.13	aromer14 	
Logoff	Tue 10/08/2024	17:11:27.25	aromer14  
Login	Tue 10/08/2024	18:00:20.10	afunk3 	
Logoff	Tue 10/08/2024	20:12:05.92	afunk3  
Login	Tue 10/08/2024	20:46:52.14	bhwang7 	
Logoff	Tue 10/08/2024	23:53:32.28	bhwang7  
Login	Wed 10/09/2024	16:45:59.76	mjayawee 	
Logoff	Wed 10/09/2024	17:47:04.26	mjayawee  
Login	Wed 10/09/2024	18:04:07.85	kforman1 	
Logoff	Wed 10/09/2024	20:21:14.17	kforman1  
Login	Thu 10/10/2024	11:02:07.53	wtvo 	
Logoff	Thu 10/10/2024	11:19:01.34	wtvo  
Login	Thu 10/10/2024	15:54:36.86	wtvo 	
Logoff	Thu 10/10/2024	20:10:47.58	wtvo  
Login	Fri 10/11/2024	19:29:12.96	wtvo 	
Logoff	Fri 10/11/2024	19:57:03.19	wtvo  
Login	Mon 10/14/2024	15:05:51.03	bhwang7 	
Logoff	Mon 10/14/2024	16:52:39.72	bhwang7  
Login	Mon 10/14/2024	16:57:02.44	bhwang7 	
Logoff	Mon 10/14/2024	18:06:13.70	bhwang7  
Login	Mon 10/14/2024	18:50:43.10	bhwang7 	
Logoff	Mon 10/14/2024	19:27:04.14	bhwang7  
Login	Mon 10/14/2024	21:17:00.27	bhwang7 	
Logoff	Mon 10/14/2024	22:55:12.39	bhwang7  
Login	Tue 10/15/2024	15:53:38.95	jhu95 	
Logoff	Tue 10/15/2024	17:06:08.95	jhu95  
Login	Tue 10/15/2024	18:47:26.94	bhwang7 	
Logoff	Tue 10/15/2024	19:23:23.49	bhwang7  
Login	Tue 10/15/2024	22:24:04.52	bhwang7 	
Logoff	Tue 10/15/2024	22:42:52.67	bhwang7  
Login	Wed 10/16/2024	11:31:51.54	pgupta27 	
Logoff	Wed 10/16/2024	12:04:55.63	pgupta27  
Login	Wed 10/16/2024	16:22:22.74	ideliona 	
Logoff	Wed 10/16/2024	16:38:17.41	ideliona  
Login	Wed 10/16/2024	16:59:41.52	pgupta27 	
Logoff	Wed 10/16/2024	18:52:22.42	pgupta27  
Login	Thu 10/17/2024	15:56:41.01	ncavallo 	
Logoff	Thu 10/17/2024	20:08:41.26	ncavallo  
Login	Fri 10/18/2024	16:19:49.86	jhu95 	
Logoff	Fri 10/18/2024	16:51:42.26	jhu95  
Login	Mon 10/21/2024	16:38:34.58	ncavallo 	
Logoff	Mon 10/21/2024	20:07:16.79	ncavallo  
Login	Mon 10/21/2024	20:20:36.02	ncavallo 	
Logoff	Mon 10/21/2024	20:24:52.40	ncavallo  
Login	Tue 10/22/2024	16:15:12.38	ncavallo 	
Logoff	Tue 10/22/2024	19:13:07.68	ncavallo  
Login	Wed 10/23/2024	 9:55:59.85	bhwang7 	
Logoff	Wed 10/23/2024	12:58:22.80	bhwang7  
Login	Wed 10/23/2024	13:53:27.14	bhwang7 	
Logoff	Wed 10/23/2024	15:51:42.75	bhwang7  
Login	Wed 10/23/2024	17:09:04.89	gwang52 	
Logoff	Wed 10/23/2024	18:00:01.08	gwang52  
Login	Wed 10/23/2024	18:22:07.77	sgoel17 	
Logoff	Wed 10/23/2024	18:57:24.49	sgoel17  
Login	Wed 10/23/2024	19:08:28.62	bhwang7 	
Logoff	Wed 10/23/2024	19:27:01.69	bhwang7  
Login	Thu 10/24/2024	17:01:30.74	sgoel17 	
Logoff	Thu 10/24/2024	17:55:04.72	sgoel17  
Login	Thu 10/24/2024	18:05:27.82	edukemoe 	
Logoff	Thu 10/24/2024	21:43:58.91	edukemoe  
Login	Fri 10/25/2024	17:15:41.65	tcseidel 	
Logoff	Fri 10/25/2024	19:17:06.48	tcseidel  
