Login	Tue 10/08/2024	16:05:44.94	jgranat1 	
Logoff	Tue 10/08/2024	17:52:36.55	jgranat1  
Login	Tue 10/08/2024	21:15:39.37	gwang52 	
Logoff	Wed 10/09/2024	 0:01:16.06	gwang52  
Login	Thu 10/10/2024	15:56:26.38	gwang52 	
Logoff	Thu 10/10/2024	17:58:03.91	gwang52  
Login	Thu 10/10/2024	19:12:41.14	gwang52 	
Logoff	Thu 10/10/2024	20:03:34.37	gwang52  
Login	Sun 10/13/2024	15:49:30.94	abousque 	
Logoff	Sun 10/13/2024	18:16:39.87	abousque  
Login	Tue 10/15/2024	15:57:13.11	jgranat1 	
Logoff	Tue 10/15/2024	19:45:14.90	jgranat1  
Login	Wed 10/16/2024	17:18:46.79	avelazq5 	
Logoff	Wed 10/16/2024	18:02:07.73	avelazq5  
Login	Wed 10/16/2024	18:40:29.73	jjoneill 	
Logoff	Wed 10/16/2024	20:43:28.19	jjoneill  
Login	Thu 10/17/2024	15:53:39.82	jjoneill 	
Logoff	Thu 10/17/2024	16:47:14.21	jjoneill  
Login	Thu 10/17/2024	19:31:22.11	nmodugul 	
Logoff	Thu 10/17/2024	20:45:29.02	nmodugul  
Login	Sun 10/20/2024	16:17:27.61	ideliona 	
Logoff	Sun 10/20/2024	17:06:33.28	ideliona  
Login	Tue 10/22/2024	16:11:34.38	mtopal 	
Logoff	Tue 10/22/2024	21:32:53.19	mtopal  
Login	Wed 10/23/2024	15:58:25.22	mtopal 	
Logoff	Wed 10/23/2024	16:59:35.35	mtopal  
Login	Wed 10/23/2024	17:04:24.45	mtopal 	
Logoff	Wed 10/23/2024	17:17:32.99	mtopal  
Login	Wed 10/23/2024	17:58:43.63	tgordon4 	
Logoff	Wed 10/23/2024	19:24:07.72	tgordon4  
Login	Thu 10/24/2024	12:42:06.58	tgordon4 	
Logoff	Thu 10/24/2024	14:39:11.85	tgordon4  
Login	Thu 10/24/2024	15:24:28.54	anarsipu 	
Logoff	Thu 10/24/2024	15:24:40.31	anarsipu  
Login	Thu 10/24/2024	16:38:52.09	anarsipu 	
Logoff	Thu 10/24/2024	20:03:02.89	anarsipu  
Login	Thu 10/31/2024	16:50:52.45	jgranat1 	
Logoff	Thu 10/31/2024	19:53:23.46	jgranat1  
Login	Fri 11/01/2024	 9:23:46.47	iochiang 	
Logoff	Fri 11/01/2024	 9:54:19.19	iochiang  
Login	Fri 11/01/2024	17:28:19.70	jgranat1 	
Logoff	Fri 11/01/2024	18:05:23.05	jgranat1  
Login	Sun 11/03/2024	16:47:46.95	cmorenoa 	
Logoff	Sun 11/03/2024	22:21:13.57	cmorenoa  
Login	Mon 11/04/2024	15:45:10.06	gwang52 	
Logoff	Mon 11/04/2024	18:11:43.64	gwang52  
Login	Mon 11/04/2024	20:04:13.93	gwang52 	
Logoff	Mon 11/04/2024	22:09:22.13	gwang52  
Login	Tue 11/05/2024	15:55:43.87	mdodd2 	
Logoff	Tue 11/05/2024	17:22:26.10	mdodd2  
