Login	Fri 09/06/2024	 9:24:48.77	clouzon 	
Logoff	Fri 09/06/2024	12:49:00.36	clouzon  
Login	Sat 09/07/2024	15:12:12.99	schiu7 	
Logoff	Sat 09/07/2024	16:04:52.36	schiu7  
Login	Sat 09/07/2024	17:01:38.30	schiu7 	
Logoff	Sat 09/07/2024	21:49:06.63	schiu7  
Login	Tue 09/10/2024	 8:46:23.79	zlyakhov 	
Login	Tue 09/17/2024	12:29:06.57	clouzon 	
Logoff	Tue 09/17/2024	14:16:07.11	clouzon  
Login	Tue 09/17/2024	14:16:35.51	clouzon 	
Logoff	Tue 09/17/2024	14:17:05.69	clouzon  
Logoff	Tue 09/17/2024	14:17:19.29	zlyakhov  
Login	Tue 09/17/2024	18:10:21.26	jkaur14 	
Login	Wed 09/18/2024	 9:03:23.87	clouzon 	
Logoff	Wed 09/18/2024	 9:06:13.39	clouzon  
Login	Sun 09/22/2024	16:02:30.17	szhou44 	
Login	Wed 09/25/2024	11:11:36.92	clouzon 	
Logoff	Wed 09/25/2024	11:17:28.80	clouzon  
Login	Thu 09/26/2024	 9:44:27.20	clouzon 	
Logoff	Thu 09/26/2024	10:12:45.63	clouzon  
Login	Thu 09/26/2024	10:14:49.32	clouzon 	
Logoff	Thu 09/26/2024	10:22:35.13	clouzon  
Login	Mon 09/30/2024	16:10:07.20	zlyakhov 	
Login	Tue 10/01/2024	13:41:01.83	schiu7 	
Logoff	Tue 10/01/2024	14:20:18.25	schiu7  
Login	Fri 10/18/2024	13:56:00.59	schiu7 	
Logoff	Fri 10/18/2024	14:03:18.33	schiu7  
Login	Thu 10/31/2024	15:05:02.09	smorri23 	
Logoff	Thu 10/31/2024	17:21:22.59	smorri23  
Login	Fri 11/01/2024	16:23:29.46	smorri23 	
Logoff	Fri 11/01/2024	16:42:17.82	smorri23  
