Login	Mon 09/16/2024	13:11:28.27	jsemple 	
Logoff	Mon 09/16/2024	14:20:30.17	jsemple  
Login	Mon 09/16/2024	20:16:13.31	fikeda 	
Logoff	Mon 09/16/2024	23:03:33.07	fikeda  
Login	Tue 09/17/2024	10:55:48.90	ntmichae 	
Logoff	Tue 09/17/2024	11:44:32.86	ntmichae  
Login	Tue 09/17/2024	12:47:25.84	dveloso 	
Logoff	Tue 09/17/2024	15:37:00.77	dveloso  
Login	Tue 09/17/2024	15:57:41.58	ntmichae 	
Logoff	Tue 09/17/2024	16:16:25.20	ntmichae  
Login	Wed 09/18/2024	16:53:40.98	dsmuk 	
Logoff	Wed 09/18/2024	19:02:51.80	dsmuk  
Login	Thu 09/19/2024	11:53:52.13	rbibiu 	
Logoff	Thu 09/19/2024	12:34:47.68	rbibiu  
Login	Thu 09/19/2024	16:04:14.73	dveloso 	
Logoff	Thu 09/19/2024	16:29:06.59	dveloso  
Login	Thu 09/19/2024	16:58:16.50	obaptist 	
Logoff	Thu 09/19/2024	17:17:52.48	obaptist  
Login	Sun 09/22/2024	 8:38:34.40	xzhan177 	
Logoff	Sun 09/22/2024	 8:54:32.38	xzhan177  
Login	Mon 09/23/2024	19:04:25.72	slorenzo 	
Logoff	Mon 09/23/2024	20:46:37.52	slorenzo  
Login	Tue 09/24/2024	 9:25:04.95	slorenzo 	
Logoff	Tue 09/24/2024	14:23:45.68	slorenzo  
Login	Wed 09/25/2024	 9:23:54.42	sarothro 	
Logoff	Wed 09/25/2024	10:00:14.56	sarothro  
Login	Wed 09/25/2024	10:54:56.83	sarothro 	
Logoff	Wed 09/25/2024	11:31:55.97	sarothro  
Login	Wed 09/25/2024	13:55:41.48	tsasao 	
Logoff	Wed 09/25/2024	18:17:20.80	tsasao  
Login	Fri 09/27/2024	 9:35:57.62	adm_aarruda2 	
Login	Fri 09/27/2024	10:57:30.18	slorenzo 	
Logoff	Fri 09/27/2024	11:51:25.04	slorenzo  
Logoff	Fri 09/27/2024	13:56:35.60	adm_aarruda2  
Login	Sat 09/28/2024	18:19:11.45	tsasao 	
Logoff	Sat 09/28/2024	18:44:55.20	tsasao  
Login	Sun 09/29/2024	 8:16:14.54	ktieku 	
Logoff	Sun 09/29/2024	 9:07:54.00	ktieku  
Login	Mon 09/30/2024	 9:08:16.40	sarothro 	
Logoff	Mon 09/30/2024	15:08:21.58	sarothro  
Login	Tue 10/01/2024	 8:55:54.30	slorenzo 	
Logoff	Tue 10/01/2024	13:20:48.62	slorenzo  
Login	Wed 10/02/2024	 9:22:40.96	slorenzo 	
Logoff	Wed 10/02/2024	 9:50:24.52	slorenzo  
Login	Wed 10/02/2024	11:50:41.60	dkulzhan 	
Logoff	Wed 10/02/2024	12:50:23.78	dkulzhan  
Login	Thu 10/03/2024	 8:05:43.38	pogan 	
Logoff	Thu 10/03/2024	 8:07:41.94	pogan  
Login	Sun 10/06/2024	10:11:02.71	xzhan177 	
Logoff	Sun 10/06/2024	11:02:49.29	xzhan177  
Login	Tue 10/08/2024	 9:37:16.10	epantigo 	
Logoff	Tue 10/08/2024	13:18:37.02	epantigo  
Login	Wed 10/09/2024	16:45:06.97	kbarros 	
Logoff	Wed 10/09/2024	17:26:00.13	kbarros  
Login	Thu 10/10/2024	12:01:26.76	kbarros 	
Logoff	Thu 10/10/2024	12:55:43.16	kbarros  
Login	Sun 10/13/2024	11:15:24.77	epolydef 	
Logoff	Sun 10/13/2024	11:50:54.77	epolydef  
Login	Tue 10/15/2024	14:09:59.18	slorenzo 	
Logoff	Tue 10/15/2024	16:49:03.51	slorenzo  
Login	Thu 10/17/2024	16:29:56.14	jgupta12 	
Logoff	Thu 10/17/2024	17:52:12.23	jgupta12  
Login	Thu 10/17/2024	17:56:42.39	kbarros 	
Logoff	Thu 10/17/2024	19:10:56.52	kbarros  
Login	Fri 10/18/2024	 8:55:16.08	slorenzo 	
Logoff	Fri 10/18/2024	11:53:08.74	slorenzo  
Login	Sun 10/20/2024	11:17:54.69	ktieku 	
Logoff	Sun 10/20/2024	13:44:03.13	ktieku  
Login	Mon 10/21/2024	17:21:19.02	abaum2 	
Logoff	Mon 10/21/2024	18:32:09.43	abaum2  
Login	Tue 10/22/2024	10:31:34.81	ktieku 	
Login	Tue 10/22/2024	10:53:08.41	ntmichae 	
Login	Tue 10/22/2024	12:37:55.70	kyalama2 	
Logoff	Tue 10/22/2024	12:50:53.72	kyalama2  
Logoff	Tue 10/22/2024	12:51:11.08	ktieku  
Logoff	Tue 10/22/2024	12:51:21.00	ntmichae  
Login	Tue 10/22/2024	13:48:42.16	slorenzo 	
Login	Tue 10/22/2024	16:31:05.83	ketanaka 	
Logoff	Tue 10/22/2024	17:55:33.54	ketanaka  
Logoff	Tue 10/22/2024	20:11:31.27	slorenzo  
Login	Wed 10/23/2024	14:42:33.08	kbarros 	
Logoff	Wed 10/23/2024	14:51:14.51	kbarros  
Login	Thu 10/24/2024	10:48:54.46	awoertz 	
Logoff	Thu 10/24/2024	10:57:45.40	awoertz  
Login	Thu 10/24/2024	12:07:06.12	aromer14 	
Logoff	Thu 10/24/2024	13:25:30.92	aromer14  
Login	Fri 10/25/2024	15:13:15.53	kyalama2 	
Logoff	Fri 10/25/2024	18:16:02.78	kyalama2  
Login	Sun 10/27/2024	14:47:30.68	jgupta12 	
Logoff	Sun 10/27/2024	18:15:00.76	jgupta12  
Login	Mon 10/28/2024	 9:07:12.87	wjash 	
Logoff	Mon 10/28/2024	 9:47:40.95	wjash  
Login	Mon 10/28/2024	10:56:36.71	wjash 	
Logoff	Mon 10/28/2024	12:31:23.88	wjash  
Login	Mon 10/28/2024	16:33:11.95	abaum2 	
Logoff	Mon 10/28/2024	18:03:07.46	abaum2  
Login	Mon 10/28/2024	19:17:40.39	aromer14 	
Logoff	Mon 10/28/2024	19:18:32.33	aromer14  
Login	Tue 10/29/2024	14:01:59.44	aromer14 	
Logoff	Tue 10/29/2024	19:17:41.53	aromer14  
Login	Thu 10/31/2024	11:07:40.96	sarothro 	
Login	Thu 10/31/2024	11:16:49.19	sarothro 	
Logoff	Thu 10/31/2024	13:57:34.78	sarothro  
Login	Thu 10/31/2024	14:50:21.24	wjash 	
Logoff	Thu 10/31/2024	16:32:35.15	wjash  
Login	Thu 10/31/2024	17:26:23.83	awoertz 	
Logoff	Thu 10/31/2024	18:03:33.65	awoertz  
Login	Thu 10/31/2024	19:02:21.35	ntmichae 	
Logoff	Thu 10/31/2024	19:23:53.91	ntmichae  
Login	Fri 11/01/2024	10:00:02.76	adm_wz36 	
Logoff	Fri 11/01/2024	10:10:04.18	adm_wz36  
Login	Fri 11/01/2024	21:29:03.69	dkulzhan 	
Logoff	Fri 11/01/2024	23:25:03.97	dkulzhan  
Login	Sat 11/02/2024	13:08:59.38	aromer14 	
Login	Sat 11/02/2024	16:31:02.03	abaum2 	
Logoff	Sat 11/02/2024	16:36:35.10	aromer14  
Logoff	Sat 11/02/2024	16:37:54.72	abaum2  
Login	Sat 11/02/2024	16:40:04.66	aromer14 	
Logoff	Sat 11/02/2024	16:58:08.40	aromer14  
Login	Sun 11/03/2024	 9:41:38.90	tswillia 	
Logoff	Sun 11/03/2024	12:22:32.11	tswillia  
Login	Mon 11/04/2024	14:01:43.14	mander59 	
Logoff	Mon 11/04/2024	14:19:39.74	mander59  
Login	Mon 11/04/2024	16:36:49.24	abaum2 	
Logoff	Mon 11/04/2024	19:35:45.77	abaum2  
Login	Tue 11/05/2024	13:12:16.26	schohmal 	
Logoff	Tue 11/05/2024	13:24:05.02	schohmal  
Login	Tue 11/05/2024	14:09:49.45	tswillia 	
Logoff	Tue 11/05/2024	18:19:38.21	tswillia  
Login	Tue 11/05/2024	22:55:36.88	dkulzhan 	
Logoff	Tue 11/05/2024	23:14:05.80	dkulzhan  
Login	Wed 11/06/2024	 9:35:14.34	wjash 	
Login	Wed 11/06/2024	 9:39:11.04	wjash 	
Logoff	Wed 11/06/2024	 9:51:21.72	wjash  
Login	Wed 11/06/2024	11:01:56.51	wjash 	
Logoff	Wed 11/06/2024	11:52:02.48	wjash  
