Login	Wed 09/04/2024	15:23:36.39	cvalenz1 	
Login	Wed 09/04/2024	20:23:31.72	svu3 	
Logoff	Wed 09/04/2024	22:07:07.32	svu3  
Login	Thu 09/05/2024	12:00:44.64	pgatesiu 	
Login	Sat 09/07/2024	13:07:03.57	rrakin 	
Login	Sun 09/08/2024	14:17:45.94	fmenende 	
Login	Mon 09/09/2024	14:53:33.89	cvalenz1 	
Login	Tue 09/10/2024	12:55:57.87	fikeda 	
Login	Wed 09/11/2024	22:20:44.49	kherna21 	
Logoff	Wed 09/11/2024	23:54:27.43	kherna21  
Login	Thu 09/12/2024	18:54:35.24	pgifford 	
Login	Thu 09/12/2024	20:17:13.86	abousque 	
Logoff	Thu 09/12/2024	22:06:09.24	abousque  
Login	Fri 09/13/2024	17:31:20.11	svu3 	
Logoff	Fri 09/13/2024	18:09:40.59	svu3  
Login	Sat 09/14/2024	12:02:48.10	fmenende 	
Login	Sun 09/15/2024	14:29:26.45	rrakin 	
Login	Mon 09/16/2024	14:10:06.91	cvalenz1 	
Login	Mon 09/16/2024	18:28:45.03	cchow27 	
Login	Tue 09/17/2024	10:01:49.12	cvalenz1 	
Login	Wed 09/18/2024	16:09:04.70	lmanfred 	
Logoff	Wed 09/18/2024	16:29:23.09	lmanfred  
Login	Wed 09/18/2024	20:22:01.94	cchow27 	
Login	Thu 09/19/2024	15:09:28.81	fikeda 	
Login	Fri 09/20/2024	10:40:14.40	kherna21 	
Logoff	Fri 09/20/2024	12:22:14.90	kherna21  
Login	Fri 09/20/2024	12:22:43.87	blacerte 	
Logoff	Fri 09/20/2024	13:58:26.83	blacerte  
Login	Fri 09/20/2024	14:03:10.58	epetit1 	
Login	Sat 09/21/2024	12:07:30.03	fmenende 	
Login	Sun 09/22/2024	19:22:09.95	rrakin 	
Login	Mon 09/23/2024	13:09:47.69	aauribe 	
Logoff	Mon 09/23/2024	14:07:13.17	aauribe  
Login	Mon 09/23/2024	14:07:32.65	fmenende 	
Logoff	Mon 09/23/2024	16:36:05.72	fmenende  
Login	Mon 09/23/2024	20:29:24.77	tjbarton 	
Logoff	Mon 09/23/2024	22:29:17.98	tjbarton  
Login	Tue 09/24/2024	12:57:34.19	fmenende 	
Login	Tue 09/24/2024	16:54:10.39	tgillin 	
Login	Wed 09/25/2024	13:21:03.46	lmanfred 	
Logoff	Wed 09/25/2024	16:26:30.29	lmanfred  
Login	Thu 09/26/2024	15:09:57.93	kgaugha1 	
Login	Fri 09/27/2024	17:22:22.56	rrakin 	
Logoff	Fri 09/27/2024	18:09:10.28	rrakin  
Login	Sat 09/28/2024	16:11:54.67	fikeda 	
Logoff	Sat 09/28/2024	18:04:38.17	fikeda  
Login	Sun 09/29/2024	14:32:47.83	rrakin 	
Login	Sun 09/29/2024	18:08:04.94	epetit1 	
Logoff	Sun 09/29/2024	18:15:38.90	epetit1  
Login	Mon 09/30/2024	13:01:55.98	aauribe 	
Login	Tue 10/01/2024	16:06:01.09	cvalenz1 	
Login	Wed 10/02/2024	17:18:23.95	achou8 	
Logoff	Wed 10/02/2024	18:02:35.58	achou8  
Login	Wed 10/02/2024	18:12:08.72	achou8 	
Login	Thu 10/03/2024	12:38:35.00	kherna21 	
Logoff	Thu 10/03/2024	14:27:35.70	kherna21  
Login	Thu 10/03/2024	14:35:52.26	kgaugha1 	
Login	Fri 10/04/2024	16:51:24.98	rrakin 	
Logoff	Fri 10/04/2024	18:04:39.35	rrakin  
Login	Sat 10/05/2024	16:05:01.37	fikeda 	
Logoff	Sat 10/05/2024	18:06:41.86	fikeda  
Login	Sun 10/06/2024	12:45:27.00	jnguy112 	
Login	Sun 10/06/2024	20:22:16.94	irothdis 	
Logoff	Sun 10/06/2024	21:53:34.94	irothdis  
Login	Mon 10/07/2024	12:10:12.92	aauribe 	
Logoff	Mon 10/07/2024	16:01:02.81	aauribe  
Login	Tue 10/08/2024	12:27:00.95	fmenende 	
Login	Wed 10/09/2024	14:46:42.59	tjbarton 	
Login	Wed 10/09/2024	17:25:15.25	dnorth1 	
Login	Sat 10/12/2024	11:30:44.37	kherna21 	
Logoff	Sat 10/12/2024	13:22:45.48	kherna21  
Login	Sat 10/12/2024	16:07:34.32	rrakin 	
Logoff	Sat 10/12/2024	17:58:28.54	rrakin  
Login	Sun 10/13/2024	18:15:34.95	zflorida 	
Logoff	Sun 10/13/2024	20:02:54.09	zflorida  
Login	Tue 10/15/2024	12:57:52.61	kale 	
Logoff	Tue 10/15/2024	12:59:14.41	kale  
Login	Tue 10/15/2024	14:59:18.82	kherna21 	
Logoff	Tue 10/15/2024	16:07:33.33	kherna21  
Login	Tue 10/15/2024	17:00:06.83	cvalenz1 	
Login	Wed 10/16/2024	12:06:35.45	zflorida 	
Logoff	Wed 10/16/2024	15:28:21.73	zflorida  
Login	Thu 10/17/2024	12:22:05.02	echapma8 	
Login	Thu 10/17/2024	14:31:16.90	fikeda 	
Login	Fri 10/18/2024	13:28:27.81	lmanfred 	
Logoff	Fri 10/18/2024	13:35:24.35	lmanfred  
Login	Fri 10/18/2024	16:59:59.14	rrakin 	
Logoff	Fri 10/18/2024	17:59:10.54	rrakin  
Login	Sat 10/19/2024	10:54:12.75	pgifford 	
Login	Sun 10/20/2024	16:19:29.72	pgatesiu 	
Logoff	Sun 10/20/2024	16:35:20.26	pgatesiu  
Login	Sun 10/20/2024	17:33:45.86	pgatesiu 	
Login	Sun 10/20/2024	20:06:10.89	aauribe 	
Logoff	Sun 10/20/2024	21:35:31.58	aauribe  
Login	Mon 10/21/2024	12:00:10.97	aauribe 	
Login	Tue 10/22/2024	14:08:51.81	kherna21 	
Logoff	Tue 10/22/2024	16:08:00.92	kherna21  
Login	Tue 10/22/2024	18:39:14.11	pgatesiu 	
Login	Thu 10/24/2024	 9:42:27.12	gzani 	
Logoff	Thu 10/24/2024	 9:48:32.35	gzani  
Login	Fri 10/25/2024	16:24:16.85	rrakin 	
Logoff	Fri 10/25/2024	17:57:31.89	rrakin  
Login	Sat 10/26/2024	13:29:52.65	svu3 	
Login	Mon 10/28/2024	12:04:23.44	aauribe 	
Login	Mon 10/28/2024	15:20:53.59	fmenende 	
Login	Tue 10/29/2024	16:42:04.79	pgatesiu 	
Login	Wed 10/30/2024	14:47:37.56	blacerte 	
Logoff	Wed 10/30/2024	15:55:55.71	blacerte  
Login	Wed 10/30/2024	18:00:08.09	akhuran4 	
Login	Wed 10/30/2024	22:29:57.81	abousque 	
Logoff	Wed 10/30/2024	23:24:40.87	abousque  
Login	Thu 10/31/2024	13:33:52.82	fmenende 	
Logoff	Thu 10/31/2024	16:42:41.30	fmenende  
Login	Sat 11/02/2024	11:41:48.41	echapma8 	
Login	Sun 11/03/2024	21:18:55.75	aauribe 	
Logoff	Sun 11/03/2024	21:58:41.91	aauribe  
Login	Mon 11/04/2024	11:47:57.19	pgifford 	
Login	Mon 11/04/2024	19:09:31.78	tjbarton 	
Login	Tue 11/05/2024	12:13:44.16	fmenende 	
Logoff	Tue 11/05/2024	12:27:12.65	fmenende  
