Login	Wed 10/09/2024	17:31:46.74	gwang52 	
Logoff	Wed 10/09/2024	17:45:05.30	gwang52  
Login	Wed 10/09/2024	19:18:16.67	rmhossai 	
Logoff	Wed 10/09/2024	19:18:28.35	rmhossai  
Login	Wed 10/09/2024	19:19:58.80	rmhossai 	
Logoff	Wed 10/09/2024	19:42:18.11	rmhossai  
Login	Thu 10/10/2024	15:57:18.36	ssamaha1 	
Logoff	Thu 10/10/2024	15:57:42.60	ssamaha1  
Login	Thu 10/10/2024	17:30:51.18	cliu294 	
Logoff	Thu 10/10/2024	17:55:06.79	cliu294  
Login	Wed 10/16/2024	16:08:08.30	amanger 	
Logoff	Wed 10/16/2024	16:08:19.82	amanger  
Login	Wed 10/16/2024	16:10:53.76	amanger 	
Logoff	Wed 10/16/2024	16:13:00.83	amanger  
Login	Wed 10/16/2024	17:20:02.59	rpankaj 	
Logoff	Wed 10/16/2024	18:11:20.21	rpankaj  
Login	Wed 10/16/2024	18:17:01.00	edukemoe 	
Logoff	Wed 10/16/2024	19:58:39.64	edukemoe  
Login	Thu 10/17/2024	16:04:03.06	sschaudh 	
Logoff	Thu 10/17/2024	19:48:57.73	sschaudh  
Login	Sun 10/20/2024	16:45:22.07	swang525 	
Logoff	Sun 10/20/2024	16:45:33.58	swang525  
Login	Sun 10/20/2024	16:47:20.59	swang525 	
Logoff	Sun 10/20/2024	16:47:32.91	swang525  
Login	Sun 10/20/2024	16:49:12.86	swang525 	
Logoff	Sun 10/20/2024	18:32:14.23	swang525  
Login	Tue 10/22/2024	13:52:44.21	sschaudh 	
Logoff	Tue 10/22/2024	18:43:04.92	sschaudh  
Login	Tue 10/22/2024	19:50:04.36	vgokhale 	
Logoff	Tue 10/22/2024	19:50:16.44	vgokhale  
Login	Wed 10/23/2024	18:33:50.21	edukemoe 	
Logoff	Wed 10/23/2024	19:43:47.09	edukemoe  
Login	Wed 10/23/2024	20:37:14.57	gwang52 	
Logoff	Wed 10/23/2024	22:26:27.11	gwang52  
Login	Thu 10/24/2024	15:54:32.12	gwang52 	
Logoff	Thu 10/24/2024	16:05:03.81	gwang52  
Login	Mon 11/04/2024	14:17:06.10	swang525 	
Logoff	Mon 11/04/2024	17:24:20.28	swang525  
Login	Mon 11/04/2024	17:26:25.67	jgranat1 	
Logoff	Mon 11/04/2024	20:01:16.22	jgranat1  
Login	Tue 11/05/2024	13:50:18.78	swang525 	
Logoff	Tue 11/05/2024	20:40:14.29	swang525  
Login	Wed 11/06/2024	13:55:04.07	abousque 	
