Login	Tue 10/08/2024	16:02:03.80	tlu44 	
Logoff	Tue 10/08/2024	18:37:44.07	tlu44  
Login	Wed 10/09/2024	16:24:51.49	vgokhale 	
Logoff	Wed 10/09/2024	18:14:38.08	vgokhale  
Login	Wed 10/09/2024	18:59:43.09	rmhossai 	
Logoff	Wed 10/09/2024	19:18:49.04	rmhossai  
Login	Wed 10/09/2024	20:23:17.98	ssamaha1 	
Logoff	Wed 10/09/2024	21:56:08.07	ssamaha1  
Login	Sun 10/13/2024	16:23:49.05	avelazq5 	
Logoff	Sun 10/13/2024	17:54:26.20	avelazq5  
Login	Tue 10/15/2024	16:10:20.70	mogoldsm 	
Logoff	Tue 10/15/2024	17:54:50.86	mogoldsm  
Login	Thu 10/17/2024	12:08:41.32	vgokhale 	
Logoff	Thu 10/17/2024	14:05:21.07	vgokhale  
Login	Thu 10/17/2024	15:53:18.98	vgokhale 	
Logoff	Thu 10/17/2024	19:56:20.31	vgokhale  
Login	Fri 10/18/2024	18:17:33.72	tgordon4 	
Logoff	Fri 10/18/2024	20:28:31.01	tgordon4  
Login	Sun 10/20/2024	16:18:05.66	dvtruong 	
Logoff	Sun 10/20/2024	18:11:18.84	dvtruong  
Login	Mon 10/21/2024	16:02:30.59	mogoldsm 	
Logoff	Mon 10/21/2024	17:09:13.30	mogoldsm  
Login	Mon 10/21/2024	17:34:19.67	rpankaj 	
Logoff	Mon 10/21/2024	20:00:01.44	rpankaj  
Login	Tue 10/22/2024	16:26:19.79	ssamaha1 	
Logoff	Tue 10/22/2024	16:44:35.62	ssamaha1  
Login	Wed 10/23/2024	17:37:39.19	vgokhale 	
Logoff	Wed 10/23/2024	21:43:02.69	vgokhale  
Login	Wed 10/23/2024	22:09:47.41	glemaste 	
Logoff	Wed 10/23/2024	22:21:11.54	glemaste  
Login	Thu 10/24/2024	17:52:35.25	dkearlen 	
Logoff	Thu 10/24/2024	18:49:18.28	dkearlen  
Login	Fri 10/25/2024	14:14:39.87	aromer14 	
Logoff	Fri 10/25/2024	14:19:33.78	aromer14  
Login	Sun 10/27/2024	16:06:18.14	slopezlu 	
Logoff	Sun 10/27/2024	18:41:05.59	slopezlu  
Login	Mon 11/04/2024	14:08:51.74	ylin237 	
Logoff	Mon 11/04/2024	15:16:23.47	ylin237  
Login	Mon 11/04/2024	15:24:57.15	ylin237 	
Logoff	Mon 11/04/2024	17:39:35.88	ylin237  
Login	Tue 11/05/2024	15:14:59.49	ideliona 	
Logoff	Tue 11/05/2024	16:38:20.14	ideliona  
Login	Tue 11/05/2024	17:48:20.65	yliu811 	
Logoff	Tue 11/05/2024	21:11:09.42	yliu811  
