Login	Thu 09/05/2024	18:30:09.48	jdhanda 	
Logoff	Thu 09/05/2024	18:58:00.53	jdhanda  
Login	Fri 09/06/2024	14:50:30.01	epetit1 	
Logoff	Fri 09/06/2024	15:08:56.47	epetit1  
Login	Fri 09/06/2024	15:10:45.21	fmenende 	
Logoff	Fri 09/06/2024	18:03:57.39	fmenende  
Login	Sat 09/07/2024	15:50:44.16	smurph26 	
Login	Sun 09/08/2024	12:36:46.64	bspiegel 	
Logoff	Sun 09/08/2024	14:39:36.34	bspiegel  
Login	Sun 09/08/2024	16:34:02.09	sfletch3 	
Login	Mon 09/09/2024	16:51:22.14	nescoba1 	
Logoff	Mon 09/09/2024	17:17:04.24	nescoba1  
Login	Mon 09/09/2024	19:17:28.84	kgaugha1 	
Logoff	Mon 09/09/2024	21:46:56.86	kgaugha1  
Login	Tue 09/10/2024	11:06:59.55	mmillerd 	
Logoff	Tue 09/10/2024	12:29:16.95	mmillerd  
Login	Tue 09/10/2024	13:03:29.81	nescoba1 	
Logoff	Tue 09/10/2024	13:35:25.05	nescoba1  
Login	Tue 09/10/2024	14:23:44.79	vlanders 	
Logoff	Tue 09/10/2024	14:58:36.93	vlanders  
Login	Tue 09/10/2024	15:12:28.56	vlanders 	
Logoff	Tue 09/10/2024	15:37:00.01	vlanders  
Login	Tue 09/10/2024	15:37:24.91	nescoba1 	
Logoff	Tue 09/10/2024	16:14:17.79	nescoba1  
Login	Tue 09/10/2024	16:24:05.59	zgoldemb 	
Logoff	Tue 09/10/2024	17:09:53.21	zgoldemb  
Login	Tue 09/10/2024	18:01:26.17	sfletch3 	
Logoff	Tue 09/10/2024	18:36:40.39	sfletch3  
Login	Wed 09/11/2024	14:12:30.55	xlyu21 	
Logoff	Wed 09/11/2024	15:38:03.80	xlyu21  
Login	Wed 09/11/2024	16:30:07.21	nescoba1 	
Logoff	Wed 09/11/2024	16:41:03.78	nescoba1  
Login	Wed 09/11/2024	17:07:57.28	jchen706 	
Logoff	Wed 09/11/2024	18:21:32.77	jchen706  
Login	Wed 09/11/2024	18:24:46.88	sfletch3 	
Logoff	Wed 09/11/2024	19:25:48.95	sfletch3  
Login	Wed 09/11/2024	19:41:58.72	ehong42 	
Logoff	Wed 09/11/2024	20:25:17.89	ehong42  
Login	Wed 09/11/2024	20:25:43.87	sfletch3 	
Logoff	Wed 09/11/2024	21:53:26.04	sfletch3  
Login	Thu 09/12/2024	10:20:26.36	jlidsky 	
Logoff	Thu 09/12/2024	10:44:17.80	jlidsky  
Login	Thu 09/12/2024	12:30:11.32	bhwang7 	
Logoff	Thu 09/12/2024	12:45:07.49	bhwang7  
Login	Thu 09/12/2024	14:12:18.81	jgallar4 	
Login	Thu 09/12/2024	16:56:10.78	axu92 	
Logoff	Thu 09/12/2024	18:09:29.31	axu92  
Login	Thu 09/12/2024	18:13:10.90	axu92 	
Logoff	Thu 09/12/2024	18:43:07.91	axu92  
Login	Thu 09/12/2024	18:51:59.38	mkamisat 	
Logoff	Thu 09/12/2024	19:15:52.75	mkamisat  
Login	Thu 09/12/2024	19:47:02.24	dveloso 	
Login	Fri 09/13/2024	12:24:56.62	rrasquin 	
Logoff	Fri 09/13/2024	12:37:26.52	rrasquin  
Login	Fri 09/13/2024	15:45:21.78	ckimura1 	
Logoff	Fri 09/13/2024	16:10:01.41	ckimura1  
Login	Fri 09/13/2024	16:20:38.35	axu92 	
Logoff	Fri 09/13/2024	17:22:57.76	axu92  
Login	Sat 09/14/2024	12:30:25.16	ajiang42 	
Logoff	Sat 09/14/2024	13:09:03.01	ajiang42  
Login	Sat 09/14/2024	13:12:44.38	ajiang42 	
Logoff	Sat 09/14/2024	13:20:38.80	ajiang42  
Login	Sat 09/14/2024	13:32:39.03	ajiang42 	
Login	Sat 09/14/2024	15:37:21.59	rrakin 	
Logoff	Sat 09/14/2024	16:35:42.43	rrakin  
Login	Sat 09/14/2024	16:54:45.33	jbsilva 	
Logoff	Sat 09/14/2024	17:45:55.27	jbsilva  
Login	Sat 09/14/2024	17:56:47.96	magarw13 	
Logoff	Sat 09/14/2024	18:48:08.03	magarw13  
Login	Sat 09/14/2024	19:25:27.33	mkamisat 	
Logoff	Sat 09/14/2024	20:44:43.81	mkamisat  
Login	Sun 09/15/2024	12:57:32.49	rrasquin 	
Logoff	Sun 09/15/2024	13:48:17.43	rrasquin  
Login	Sun 09/15/2024	14:20:27.35	laportil 	
Logoff	Sun 09/15/2024	14:54:15.33	laportil  
Login	Sun 09/15/2024	14:54:35.90	ajiang42 	
Login	Sun 09/15/2024	15:53:59.52	rrakin 	
Logoff	Sun 09/15/2024	17:59:04.57	rrakin  
Login	Sun 09/15/2024	18:06:00.94	ckfitzge 	
Logoff	Sun 09/15/2024	18:35:57.44	ckfitzge  
Login	Sun 09/15/2024	18:36:12.03	bhwang7 	
Logoff	Sun 09/15/2024	18:56:53.55	bhwang7  
Login	Sun 09/15/2024	21:12:27.45	ckfitzge 	
Login	Mon 09/16/2024	13:46:05.63	aauribe 	
Logoff	Mon 09/16/2024	15:14:26.91	aauribe  
Login	Mon 09/16/2024	16:26:32.11	axu92 	
Logoff	Mon 09/16/2024	18:08:07.73	axu92  
Login	Mon 09/16/2024	18:33:46.34	laportil 	
Login	Mon 09/16/2024	20:13:45.69	tjbarton 	
Logoff	Mon 09/16/2024	20:17:58.70	tjbarton  
Login	Tue 09/17/2024	13:28:23.96	ahunnius 	
Logoff	Tue 09/17/2024	16:52:09.66	ahunnius  
Login	Tue 09/17/2024	18:34:32.58	samaas 	
Logoff	Tue 09/17/2024	19:05:32.17	samaas  
Login	Tue 09/17/2024	19:57:58.95	bhwang7 	
Logoff	Tue 09/17/2024	20:14:45.58	bhwang7  
Login	Wed 09/18/2024	10:52:02.07	espilker 	
Logoff	Wed 09/18/2024	12:56:39.46	espilker  
Login	Wed 09/18/2024	17:24:31.45	ytomokiy 	
Login	Wed 09/18/2024	21:49:51.32	eoscarph 	
Login	Thu 09/19/2024	11:03:01.49	mgoeke 	
Logoff	Thu 09/19/2024	11:07:07.90	mgoeke  
Login	Thu 09/19/2024	11:09:04.96	mgoeke 	
Logoff	Thu 09/19/2024	11:53:16.81	mgoeke  
Login	Thu 09/19/2024	11:55:09.93	zgordon7 	
Logoff	Thu 09/19/2024	12:51:46.98	zgordon7  
Login	Thu 09/19/2024	13:06:55.28	mkamisat 	
Login	Thu 09/19/2024	14:44:47.88	kgaugha1 	
Logoff	Thu 09/19/2024	16:28:56.26	kgaugha1  
Login	Thu 09/19/2024	16:32:38.22	jbsilva 	
Logoff	Thu 09/19/2024	17:14:46.52	jbsilva  
Login	Thu 09/19/2024	17:17:08.13	ahunnius 	
Logoff	Thu 09/19/2024	18:32:02.35	ahunnius  
Login	Thu 09/19/2024	18:38:51.76	spatti 	
Logoff	Thu 09/19/2024	19:41:36.99	spatti  
Login	Thu 09/19/2024	21:12:28.30	jpark264 	
Logoff	Thu 09/19/2024	21:48:02.03	jpark264  
Login	Fri 09/20/2024	14:44:54.17	seruiz 	
Logoff	Fri 09/20/2024	14:45:53.28	seruiz  
Login	Fri 09/20/2024	14:48:48.55	seruiz 	
Logoff	Fri 09/20/2024	14:57:17.21	seruiz  
Login	Fri 09/20/2024	15:12:15.21	ahunnius 	
Logoff	Fri 09/20/2024	16:10:36.01	ahunnius  
Login	Sat 09/21/2024	12:01:50.09	axu92 	
Logoff	Sat 09/21/2024	13:19:33.46	axu92  
Login	Sat 09/21/2024	16:12:20.17	fikeda 	
Logoff	Sat 09/21/2024	18:03:23.60	fikeda  
Login	Sat 09/21/2024	18:05:27.93	fikeda 	
Logoff	Sat 09/21/2024	18:07:52.21	fikeda  
Login	Sun 09/22/2024	13:01:25.20	kgaugha1 	
Logoff	Sun 09/22/2024	13:23:00.07	kgaugha1  
Login	Sun 09/22/2024	13:23:17.53	jbsilva 	
Logoff	Sun 09/22/2024	14:04:26.52	jbsilva  
Login	Sun 09/22/2024	14:04:51.28	jpark264 	
Logoff	Sun 09/22/2024	14:38:46.90	jpark264  
Login	Sun 09/22/2024	16:39:54.09	pgatesiu 	
Logoff	Sun 09/22/2024	21:42:20.42	pgatesiu  
Login	Mon 09/23/2024	11:10:31.32	smurph26 	
Logoff	Mon 09/23/2024	11:49:50.78	smurph26  
Login	Mon 09/23/2024	12:17:39.24	pgifford 	
Login	Mon 09/23/2024	17:03:45.36	jpark264 	
Logoff	Mon 09/23/2024	17:51:10.50	jpark264  
Login	Mon 09/23/2024	18:42:49.92	hcoval 	
Logoff	Mon 09/23/2024	19:11:03.48	hcoval  
Login	Mon 09/23/2024	19:17:25.68	sjbarrer 	
Logoff	Mon 09/23/2024	20:17:18.59	sjbarrer  
Login	Mon 09/23/2024	20:33:12.72	jpark264 	
Logoff	Mon 09/23/2024	20:54:05.35	jpark264  
Login	Mon 09/23/2024	21:03:29.20	gjmena 	
Logoff	Mon 09/23/2024	21:34:08.89	gjmena  
Login	Tue 09/24/2024	10:58:49.08	mguterl1 	
Logoff	Tue 09/24/2024	11:33:50.02	mguterl1  
Login	Tue 09/24/2024	13:53:52.13	lmanfred 	
Logoff	Tue 09/24/2024	14:01:24.80	lmanfred  
Login	Tue 09/24/2024	15:55:39.53	jpark264 	
Logoff	Tue 09/24/2024	16:07:39.55	jpark264  
Login	Tue 09/24/2024	16:20:04.58	nsohn 	
Login	Tue 09/24/2024	18:30:34.92	vnirmal 	
Logoff	Tue 09/24/2024	22:03:40.57	vnirmal  
Login	Wed 09/25/2024	 9:00:42.52	brlyons 	
Logoff	Wed 09/25/2024	 9:18:06.85	brlyons  
Login	Wed 09/25/2024	10:49:49.17	smurph26 	
Login	Wed 09/25/2024	17:17:32.97	dnorth1 	
Login	Thu 09/26/2024	11:52:24.78	mgoeke 	
Logoff	Thu 09/26/2024	12:35:27.97	mgoeke  
Login	Thu 09/26/2024	12:56:06.02	vnirmal 	
Logoff	Thu 09/26/2024	13:26:50.63	vnirmal  
Login	Thu 09/26/2024	14:46:34.93	fikeda 	
Logoff	Thu 09/26/2024	16:07:31.51	fikeda  
Login	Thu 09/26/2024	16:07:42.88	rrasquin 	
Logoff	Thu 09/26/2024	17:22:16.40	rrasquin  
Login	Thu 09/26/2024	17:26:49.71	ahunnius 	
Login	Thu 09/26/2024	18:25:03.25	spatti 	
Logoff	Thu 09/26/2024	20:06:11.71	spatti  
Login	Thu 09/26/2024	20:11:58.58	nstarhil 	
Login	Fri 09/27/2024	11:01:01.11	wjohns10 	
Login	Fri 09/27/2024	14:05:23.59	epetit1 	
Logoff	Fri 09/27/2024	14:49:11.10	epetit1  
Login	Fri 09/27/2024	14:49:39.89	smurph26 	
Logoff	Fri 09/27/2024	15:24:02.17	smurph26  
Login	Fri 09/27/2024	17:13:36.84	svu3 	
Logoff	Fri 09/27/2024	17:27:44.18	svu3  
Login	Sat 09/28/2024	17:28:54.97	rrasquin 	
Logoff	Sat 09/28/2024	17:57:32.99	rrasquin  
Login	Mon 09/30/2024	 9:59:42.22	vlanders 	
Logoff	Mon 09/30/2024	11:22:47.96	vlanders  
Login	Mon 09/30/2024	11:27:18.43	sfletch3 	
Logoff	Mon 09/30/2024	12:23:56.37	sfletch3  
Login	Mon 09/30/2024	14:40:53.06	aidahosa 	
Logoff	Mon 09/30/2024	14:48:54.31	aidahosa  
Login	Mon 09/30/2024	14:53:53.08	euwillia 	
Logoff	Mon 09/30/2024	15:26:29.97	euwillia  
Login	Mon 09/30/2024	15:32:11.27	aidahosa 	
Login	Mon 09/30/2024	19:07:59.13	maraffer 	
Logoff	Mon 09/30/2024	19:55:21.12	maraffer  
Login	Mon 09/30/2024	20:02:22.34	gjmena 	
Logoff	Mon 09/30/2024	21:32:46.21	gjmena  
Login	Mon 09/30/2024	21:34:06.67	ebao1 	
Logoff	Mon 09/30/2024	21:39:21.78	ebao1  
Login	Tue 10/01/2024	10:06:05.79	cwernli 	
Logoff	Tue 10/01/2024	11:55:18.21	cwernli  
Login	Tue 10/01/2024	14:08:00.44	jbrauner 	
Logoff	Tue 10/01/2024	16:35:40.20	jbrauner  
Login	Tue 10/01/2024	18:35:48.35	cchow27 	
Login	Wed 10/02/2024	12:56:12.03	vnirmal 	
Logoff	Wed 10/02/2024	13:54:22.61	vnirmal  
Login	Wed 10/02/2024	14:07:28.68	tjbarton 	
Login	Wed 10/02/2024	16:54:05.26	efsalina 	
Logoff	Wed 10/02/2024	17:28:36.00	efsalina  
Login	Wed 10/02/2024	17:39:34.73	npurow 	
Login	Thu 10/03/2024	11:55:59.19	mgoeke 	
Logoff	Thu 10/03/2024	12:38:06.14	mgoeke  
Login	Thu 10/03/2024	16:12:32.14	vnirmal 	
Logoff	Thu 10/03/2024	16:54:19.93	vnirmal  
Login	Fri 10/04/2024	10:03:52.70	hcoval 	
Logoff	Fri 10/04/2024	11:21:57.31	hcoval  
Login	Fri 10/04/2024	14:03:41.08	epetit1 	
Logoff	Fri 10/04/2024	14:48:45.64	epetit1  
Login	Fri 10/04/2024	20:23:42.49	bdquinte 	
Login	Sat 10/05/2024	16:51:10.20	spulopot 	
Logoff	Sat 10/05/2024	17:44:12.99	spulopot  
Login	Sat 10/05/2024	17:46:05.72	yni25 	
Login	Sun 10/06/2024	14:07:37.08	spulopot 	
Logoff	Sun 10/06/2024	14:48:07.47	spulopot  
Login	Sun 10/06/2024	15:11:42.37	mholyoke 	
Logoff	Sun 10/06/2024	16:52:20.68	mholyoke  
Login	Sun 10/06/2024	16:52:38.66	jpark264 	
Logoff	Sun 10/06/2024	16:58:31.36	jpark264  
Login	Sun 10/06/2024	18:19:41.98	espilker 	
Login	Mon 10/07/2024	13:47:48.89	spulopot 	
Logoff	Mon 10/07/2024	14:11:12.91	spulopot  
Login	Mon 10/07/2024	14:51:55.19	mtobin3 	
Login	Mon 10/07/2024	19:48:05.98	mmac 	
Logoff	Mon 10/07/2024	20:25:09.54	mmac  
Login	Mon 10/07/2024	21:04:27.11	jbsilva 	
Logoff	Mon 10/07/2024	21:49:36.46	jbsilva  
Login	Mon 10/07/2024	21:52:46.31	rbari 	
Logoff	Mon 10/07/2024	22:15:39.09	rbari  
Login	Tue 10/08/2024	 8:13:47.82	chhuang 	
Logoff	Tue 10/08/2024	 9:11:59.70	chhuang  
Login	Tue 10/08/2024	 9:12:13.10	brlyons 	
Logoff	Tue 10/08/2024	10:27:16.15	brlyons  
Login	Tue 10/08/2024	12:11:59.33	jkang90 	
Logoff	Tue 10/08/2024	12:55:30.77	jkang90  
Login	Tue 10/08/2024	15:02:52.32	jbsilva 	
Logoff	Tue 10/08/2024	15:09:40.11	jbsilva  
Login	Tue 10/08/2024	16:12:29.15	cusadi 	
Logoff	Tue 10/08/2024	17:45:11.41	cusadi  
Login	Tue 10/08/2024	18:13:37.61	fmenende 	
Logoff	Tue 10/08/2024	19:56:16.23	fmenende  
Login	Wed 10/09/2024	13:37:45.64	zflorida 	
Logoff	Wed 10/09/2024	19:24:45.43	zflorida  
Login	Wed 10/09/2024	21:36:51.08	rbari 	
Login	Thu 10/10/2024	12:05:38.11	mgoeke 	
Logoff	Thu 10/10/2024	12:31:31.10	mgoeke  
Login	Thu 10/10/2024	14:49:20.14	kgaugha1 	
Logoff	Thu 10/10/2024	15:39:16.93	kgaugha1  
Login	Thu 10/10/2024	15:40:07.49	fikeda 	
Login	Thu 10/10/2024	18:41:54.49	klogiudi 	
Logoff	Thu 10/10/2024	18:52:32.69	klogiudi  
Login	Thu 10/10/2024	18:55:03.21	spatti 	
Login	Fri 10/11/2024	12:15:43.08	blacerte 	
Logoff	Fri 10/11/2024	17:56:30.46	blacerte  
Login	Sat 10/12/2024	13:38:56.13	jbrauner 	
Logoff	Sat 10/12/2024	16:35:08.70	jbrauner  
Login	Sat 10/12/2024	16:38:40.55	rrakin 	
Logoff	Sat 10/12/2024	18:04:04.08	rrakin  
Login	Sun 10/13/2024	15:29:44.11	mholyoke 	
Logoff	Sun 10/13/2024	16:31:18.85	mholyoke  
Login	Sun 10/13/2024	16:31:50.64	jpark264 	
Logoff	Sun 10/13/2024	16:59:55.55	jpark264  
Login	Sun 10/13/2024	17:02:14.41	rbari 	
Login	Tue 10/15/2024	14:38:38.86	hcoval 	
Login	Tue 10/15/2024	17:07:48.61	hprimis 	
Logoff	Tue 10/15/2024	17:19:40.29	hprimis  
Login	Tue 10/15/2024	17:22:19.63	jpark264 	
Logoff	Tue 10/15/2024	17:31:45.85	jpark264  
Login	Tue 10/15/2024	18:16:46.20	cchow27 	
Logoff	Tue 10/15/2024	20:13:20.51	cchow27  
Login	Tue 10/15/2024	20:13:34.74	rbari 	
Login	Tue 10/15/2024	21:25:57.89	pgkenos 	
Logoff	Tue 10/15/2024	21:59:20.26	pgkenos  
Login	Wed 10/16/2024	15:05:13.82	blacerte 	
Logoff	Wed 10/16/2024	17:09:54.47	blacerte  
Login	Wed 10/16/2024	17:10:07.08	jpark264 	
Logoff	Wed 10/16/2024	19:27:59.95	jpark264  
Login	Wed 10/16/2024	19:56:27.18	zflorida 	
Logoff	Wed 10/16/2024	21:43:49.11	zflorida  
Login	Thu 10/17/2024	12:02:41.60	jpark264 	
Logoff	Thu 10/17/2024	14:11:07.60	jpark264  
Login	Thu 10/17/2024	14:13:42.57	fikeda 	
Logoff	Thu 10/17/2024	15:30:37.58	fikeda  
Login	Thu 10/17/2024	15:33:13.00	jpark264 	
Logoff	Thu 10/17/2024	16:48:41.49	jpark264  
Login	Thu 10/17/2024	16:50:15.01	samaas 	
Logoff	Thu 10/17/2024	17:34:43.94	samaas  
Login	Thu 10/17/2024	17:35:17.12	hprimis 	
Logoff	Thu 10/17/2024	17:45:37.57	hprimis  
Login	Thu 10/17/2024	17:47:42.48	kivanov2 	
Logoff	Thu 10/17/2024	18:28:50.31	kivanov2  
Login	Thu 10/17/2024	18:30:07.84	jpark264 	
Logoff	Thu 10/17/2024	18:38:32.83	jpark264  
Login	Thu 10/17/2024	18:39:42.47	mholyoke 	
Login	Fri 10/18/2024	 9:41:15.29	gzani 	
Logoff	Fri 10/18/2024	17:58:29.46	gzani  
Login	Sat 10/19/2024	17:26:13.63	fikeda 	
Logoff	Sat 10/19/2024	18:06:18.52	fikeda  
Login	Sun 10/20/2024	12:18:10.10	aclark40 	
Login	Sun 10/20/2024	19:48:26.30	abenjam9 	
Logoff	Sun 10/20/2024	20:02:42.34	abenjam9  
Login	Sun 10/20/2024	21:07:00.47	aauribe 	
Logoff	Sun 10/20/2024	21:15:37.74	aauribe  
Login	Sun 10/20/2024	21:17:57.91	tzaidat 	
Logoff	Sun 10/20/2024	22:03:11.50	tzaidat  
Login	Mon 10/21/2024	 8:39:39.53	lkobayas 	
Logoff	Mon 10/21/2024	 8:54:25.49	lkobayas  
Login	Mon 10/21/2024	 8:54:42.10	lkobayas 	
Login	Mon 10/21/2024	10:40:23.28	mfederle 	
Logoff	Mon 10/21/2024	11:15:57.45	mfederle  
Login	Mon 10/21/2024	13:41:48.92	gjmena 	
Logoff	Mon 10/21/2024	14:26:37.21	gjmena  
Login	Mon 10/21/2024	14:26:59.50	abenjam9 	
Logoff	Mon 10/21/2024	15:44:33.56	abenjam9  
Login	Mon 10/21/2024	15:46:14.02	ckim236 	
Logoff	Mon 10/21/2024	16:02:46.54	ckim236  
Login	Mon 10/21/2024	16:05:07.04	alivanov 	
Logoff	Mon 10/21/2024	16:40:24.12	alivanov  
Login	Mon 10/21/2024	16:43:10.71	jmani 	
Logoff	Mon 10/21/2024	17:58:19.55	jmani  
Login	Mon 10/21/2024	18:01:58.90	tzaidat 	
Logoff	Mon 10/21/2024	19:16:21.86	tzaidat  
Login	Mon 10/21/2024	19:18:18.25	abenjam9 	
Logoff	Mon 10/21/2024	19:48:10.00	abenjam9  
Login	Mon 10/21/2024	20:23:49.48	jbsilva 	
Logoff	Mon 10/21/2024	21:23:27.63	jbsilva  
Login	Mon 10/21/2024	21:24:03.15	gjmena 	
Logoff	Mon 10/21/2024	21:33:35.43	gjmena  
Login	Mon 10/21/2024	21:35:23.13	gjmena 	
Logoff	Mon 10/21/2024	21:40:27.82	gjmena  
Login	Tue 10/22/2024	12:20:36.16	dglover2 	
Logoff	Tue 10/22/2024	12:40:05.07	dglover2  
Login	Tue 10/22/2024	12:49:05.22	ltekindu 	
Logoff	Tue 10/22/2024	13:44:56.13	ltekindu  
Login	Tue 10/22/2024	14:30:04.29	enguye50 	
Logoff	Tue 10/22/2024	14:45:25.72	enguye50  
Login	Tue 10/22/2024	16:22:50.92	vnirmal 	
Logoff	Tue 10/22/2024	16:39:12.40	vnirmal  
Login	Tue 10/22/2024	16:51:49.92	tgillin 	
Login	Wed 10/23/2024	 9:38:26.14	vnirmal 	
Logoff	Wed 10/23/2024	 9:52:36.88	vnirmal  
Login	Wed 10/23/2024	10:16:53.08	vnirmal 	
Logoff	Wed 10/23/2024	10:31:19.54	vnirmal  
Login	Wed 10/23/2024	11:29:57.65	carosale 	
Logoff	Wed 10/23/2024	13:46:38.75	carosale  
Login	Wed 10/23/2024	15:09:54.22	tjbarton 	
Logoff	Wed 10/23/2024	15:42:01.55	tjbarton  
Login	Wed 10/23/2024	15:42:20.04	nsohn 	
Logoff	Wed 10/23/2024	16:06:24.38	nsohn  
Login	Wed 10/23/2024	16:18:00.87	afeng19 	
Logoff	Wed 10/23/2024	17:30:20.22	afeng19  
Login	Wed 10/23/2024	17:31:04.83	afeng19 	
Logoff	Wed 10/23/2024	19:41:46.37	afeng19  
Login	Wed 10/23/2024	19:48:33.09	whacket2 	
Logoff	Wed 10/23/2024	22:02:23.96	whacket2  
Login	Wed 10/23/2024	22:07:32.74	whacket2 	
Login	Thu 10/24/2024	12:00:46.64	mgoeke 	
Logoff	Thu 10/24/2024	12:26:52.11	mgoeke  
Login	Thu 10/24/2024	12:35:25.53	afeng19 	
Logoff	Thu 10/24/2024	15:52:10.95	afeng19  
Login	Thu 10/24/2024	15:52:29.93	jbsilva 	
Login	Thu 10/24/2024	17:56:27.56	mhatchue 	
Logoff	Thu 10/24/2024	20:59:52.50	mhatchue  
Login	Thu 10/24/2024	21:00:10.51	cpoisson 	
Logoff	Thu 10/24/2024	21:45:10.29	cpoisson  
Login	Fri 10/25/2024	11:49:16.18	mhatchue 	
Logoff	Fri 10/25/2024	12:20:27.23	mhatchue  
Login	Fri 10/25/2024	13:21:42.76	SSSuong 	
Logoff	Fri 10/25/2024	14:53:18.35	SSSuong  
Login	Fri 10/25/2024	14:59:09.10	vnirmal 	
Logoff	Fri 10/25/2024	16:03:09.00	vnirmal  
Login	Fri 10/25/2024	16:07:05.75	nsohn 	
Logoff	Fri 10/25/2024	16:51:36.57	nsohn  
Login	Fri 10/25/2024	16:55:28.49	rrakin 	
Logoff	Fri 10/25/2024	17:53:32.72	rrakin  
Login	Fri 10/25/2024	20:07:24.84	msanch58 	
Logoff	Fri 10/25/2024	21:36:29.04	msanch58  
Login	Fri 10/25/2024	21:49:37.28	cwernli 	
Logoff	Fri 10/25/2024	22:18:51.94	cwernli  
Login	Sat 10/26/2024	10:15:14.14	abousque 	
Logoff	Sat 10/26/2024	10:16:09.48	abousque  
Login	Sat 10/26/2024	10:19:26.01	abousque 	
Logoff	Sat 10/26/2024	11:39:46.58	abousque  
Login	Sat 10/26/2024	11:56:59.34	kaggarw7 	
Logoff	Sat 10/26/2024	12:49:37.58	kaggarw7  
Login	Sat 10/26/2024	13:25:26.56	rduong1 	
Logoff	Sat 10/26/2024	13:56:18.20	rduong1  
Login	Sat 10/26/2024	13:56:34.97	jbsilva 	
Logoff	Sat 10/26/2024	17:45:08.02	jbsilva  
Login	Sun 10/27/2024	13:18:22.16	tpchen 	
Logoff	Sun 10/27/2024	14:11:06.06	tpchen  
Login	Sun 10/27/2024	14:11:39.13	nsohn 	
Logoff	Sun 10/27/2024	15:30:38.32	nsohn  
Login	Sun 10/27/2024	15:31:16.26	ayussif 	
Logoff	Sun 10/27/2024	15:54:28.85	ayussif  
Login	Sun 10/27/2024	15:54:51.72	iliang4 	
Logoff	Sun 10/27/2024	16:24:53.96	iliang4  
Login	Sun 10/27/2024	16:25:18.29	ayussif 	
Logoff	Sun 10/27/2024	17:50:03.94	ayussif  
Login	Sun 10/27/2024	18:02:53.19	abenjam9 	
Logoff	Sun 10/27/2024	19:21:35.49	abenjam9  
Login	Sun 10/27/2024	19:36:02.20	hcaole 	
Login	Sun 10/27/2024	20:20:38.98	aauribe 	
Logoff	Sun 10/27/2024	21:58:54.88	aauribe  
Login	Mon 10/28/2024	12:03:47.42	mhatchue 	
Logoff	Mon 10/28/2024	12:17:07.08	mhatchue  
Login	Mon 10/28/2024	13:03:08.22	aauribe 	
Login	Mon 10/28/2024	18:22:51.75	lbechta 	
Logoff	Mon 10/28/2024	19:02:36.00	lbechta  
Login	Mon 10/28/2024	19:04:58.89	tjbarton 	
Logoff	Mon 10/28/2024	20:25:17.77	tjbarton  
Login	Mon 10/28/2024	20:26:59.18	jpark264 	
Logoff	Mon 10/28/2024	21:17:17.95	jpark264  
Login	Mon 10/28/2024	21:17:50.47	jpark264 	
Logoff	Mon 10/28/2024	21:52:32.19	jpark264  
Login	Tue 10/29/2024	 9:01:29.77	vlanders 	
Logoff	Tue 10/29/2024	 9:24:04.11	vlanders  
Login	Tue 10/29/2024	11:53:25.52	kbaker19 	
Logoff	Tue 10/29/2024	12:11:21.37	kbaker19  
Login	Tue 10/29/2024	12:12:18.77	fmenende 	
Login	Tue 10/29/2024	16:30:11.91	gvanhorn 	
Logoff	Tue 10/29/2024	17:24:26.67	gvanhorn  
Login	Tue 10/29/2024	17:34:52.68	aluna4 	
Logoff	Tue 10/29/2024	18:04:35.42	aluna4  
Login	Tue 10/29/2024	18:07:05.53	aluna4 	
Logoff	Tue 10/29/2024	19:39:45.21	aluna4  
Login	Tue 10/29/2024	19:42:15.19	aluna4 	
Logoff	Tue 10/29/2024	22:13:01.99	aluna4  
Login	Wed 10/30/2024	10:11:17.05	kgaugha1 	
Login	Wed 10/30/2024	12:12:51.88	ahunnius 	
Logoff	Wed 10/30/2024	13:02:54.20	ahunnius  
Login	Wed 10/30/2024	13:05:05.17	sssuong 	
Logoff	Wed 10/30/2024	14:59:04.63	sssuong  
Login	Wed 10/30/2024	18:06:25.64	akhuran4 	
Logoff	Wed 10/30/2024	18:53:42.25	akhuran4  
Login	Wed 10/30/2024	19:17:11.78	rbari 	
Logoff	Wed 10/30/2024	20:08:18.28	rbari  
Login	Wed 10/30/2024	20:09:42.67	yaceved2 	
Logoff	Wed 10/30/2024	21:33:39.85	yaceved2  
Login	Wed 10/30/2024	21:34:57.84	lbeck2 	
Logoff	Wed 10/30/2024	21:57:11.08	lbeck2  
Login	Wed 10/30/2024	21:57:50.01	chhuang 	
Logoff	Wed 10/30/2024	22:06:47.22	chhuang  
Login	Thu 10/31/2024	11:53:13.42	lbeck2 	
Logoff	Thu 10/31/2024	12:56:50.06	lbeck2  
Login	Thu 10/31/2024	12:57:10.19	lbeck2 	
Logoff	Thu 10/31/2024	14:15:13.62	lbeck2  
Login	Thu 10/31/2024	14:18:53.88	fikeda 	
Logoff	Thu 10/31/2024	16:00:01.47	fikeda  
Login	Thu 10/31/2024	17:00:15.31	chhuang 	
Logoff	Thu 10/31/2024	17:18:58.19	chhuang  
Login	Thu 10/31/2024	17:19:37.44	sfletch3 	
Logoff	Thu 10/31/2024	18:48:11.52	sfletch3  
Login	Thu 10/31/2024	19:03:22.29	axu92 	
Logoff	Thu 10/31/2024	20:44:15.94	axu92  
Login	Fri 11/01/2024	 9:07:08.41	brlyons 	
Logoff	Fri 11/01/2024	 9:18:55.01	brlyons  
Login	Fri 11/01/2024	11:24:27.17	fbarrera 	
Logoff	Fri 11/01/2024	12:14:31.61	fbarrera  
Login	Fri 11/01/2024	12:57:38.22	makerma2 	
Logoff	Fri 11/01/2024	14:17:15.96	makerma2  
Login	Fri 11/01/2024	14:17:28.16	brlyons 	
Logoff	Fri 11/01/2024	14:24:49.07	brlyons  
Login	Fri 11/01/2024	14:25:09.27	brlyons 	
Logoff	Fri 11/01/2024	14:54:48.65	brlyons  
Login	Fri 11/01/2024	16:52:07.10	mcampb26 	
Logoff	Fri 11/01/2024	18:10:37.31	mcampb26  
Login	Sat 11/02/2024	12:28:31.34	lrhoads 	
Login	Sat 11/02/2024	16:29:34.43	makerma2 	
Logoff	Sat 11/02/2024	17:43:57.01	makerma2  
Login	Sun 11/03/2024	14:24:12.85	nstarhil 	
Login	Sun 11/03/2024	20:38:49.89	cpoisson 	
Logoff	Sun 11/03/2024	21:16:30.08	cpoisson  
Login	Mon 11/04/2024	10:30:04.18	razanchi 	
Logoff	Mon 11/04/2024	11:38:34.45	razanchi  
Login	Mon 11/04/2024	11:58:21.13	ayussif 	
Logoff	Mon 11/04/2024	13:33:46.68	ayussif  
Login	Mon 11/04/2024	14:07:42.27	aidahosa 	
Login	Mon 11/04/2024	16:05:24.66	pvachon 	
Logoff	Mon 11/04/2024	16:35:14.22	pvachon  
Login	Mon 11/04/2024	16:52:08.66	npurow 	
Logoff	Mon 11/04/2024	17:41:01.76	npurow  
Login	Mon 11/04/2024	17:41:34.49	mhatchue 	
Logoff	Mon 11/04/2024	18:02:03.90	mhatchue  
Login	Mon 11/04/2024	18:14:41.74	mcampb26 	
Logoff	Mon 11/04/2024	19:14:24.38	mcampb26  
Login	Mon 11/04/2024	20:17:05.61	abacigal 	
Logoff	Mon 11/04/2024	21:46:14.87	abacigal  
Login	Wed 11/06/2024	10:44:53.16	smurph26 	
Logoff	Wed 11/06/2024	12:07:27.08	smurph26  
Login	Wed 11/06/2024	12:08:11.70	mhatchue 	
Logoff	Wed 11/06/2024	12:16:21.55	mhatchue  
Login	Wed 11/06/2024	12:59:51.67	ayussif 	
