Login	Mon 09/16/2024	13:13:51.98	jgupta12 	
Logoff	Mon 09/16/2024	13:38:25.60	jgupta12  
Login	Tue 09/17/2024	14:23:34.86	sesch 	
Logoff	Tue 09/17/2024	15:03:49.84	sesch  
Login	Thu 09/19/2024	14:24:47.57	sesch 	
Logoff	Thu 09/19/2024	17:27:04.97	sesch  
Login	Sat 09/21/2024	21:48:08.69	dkulzhan 	
Logoff	Sun 09/22/2024	 0:14:41.80	dkulzhan  
Login	Sun 09/22/2024	 8:20:21.80	xzhan177 	
Logoff	Sun 09/22/2024	 8:37:43.98	xzhan177  
Login	Mon 09/23/2024	 9:13:59.47	dkulzhan 	
Logoff	Mon 09/23/2024	 9:54:23.54	dkulzhan  
Login	Fri 09/27/2024	16:18:04.81	adm_aarruda2 	
Login	Mon 10/07/2024	17:55:32.71	dkulzhan 	
Logoff	Mon 10/07/2024	19:00:15.99	dkulzhan  
Login	Thu 10/10/2024	16:14:16.35	epantigo 	
Login	Sun 10/13/2024	10:49:11.02	awoertz 	
Logoff	Sun 10/13/2024	12:13:24.07	awoertz  
Login	Thu 10/17/2024	10:53:45.63	sarothro 	
Logoff	Thu 10/17/2024	12:22:43.30	sarothro  
Login	Thu 10/17/2024	15:39:18.96	jsemple 	
Logoff	Thu 10/17/2024	16:13:20.26	jsemple  
Logoff	Thu 10/24/2024	11:18:25.95	adm_aarruda2  
Logoff	Thu 10/24/2024	11:18:29.16	epantigo  
Login	Fri 11/01/2024	10:01:48.39	adm_wz36 	
Logoff	Fri 11/01/2024	10:06:43.08	adm_wz36  
Login	Fri 11/01/2024	10:13:52.60	adm_wz36 	
Logoff	Fri 11/01/2024	10:17:05.60	adm_wz36  
Login	Mon 11/04/2024	17:14:11.41	awoertz 	
Logoff	Mon 11/04/2024	20:11:31.88	awoertz  
Login	Tue 11/05/2024	11:41:54.54	mander59 	
Logoff	Tue 11/05/2024	11:46:27.14	mander59  
Login	Tue 11/05/2024	14:03:03.03	ketanaka 	
Logoff	Tue 11/05/2024	19:27:18.18	ketanaka  
