Login	Mon 09/16/2024	17:20:53.13	jsemple 	
Logoff	Mon 09/16/2024	19:14:48.85	jsemple  
Login	Mon 09/16/2024	19:18:05.33	tsasao 	
Logoff	Mon 09/16/2024	23:03:32.63	tsasao  
Login	Tue 09/17/2024	10:52:58.64	ntmichae 	
Logoff	Tue 09/17/2024	10:54:37.83	ntmichae  
Login	Tue 09/17/2024	10:56:51.00	jsemple 	
Login	Tue 09/17/2024	13:29:19.48	chammett 	
Logoff	Tue 09/17/2024	13:35:08.49	chammett  
Login	Tue 09/17/2024	13:40:29.57	chammett 	
Logoff	Tue 09/17/2024	14:35:21.03	chammett  
Logoff	Tue 09/17/2024	14:35:23.58	jsemple  
Login	Tue 09/17/2024	14:37:22.99	chammett 	
Logoff	Tue 09/17/2024	15:05:42.49	chammett  
Login	Wed 09/18/2024	10:52:26.17	lsanch25 	
Logoff	Wed 09/18/2024	12:05:28.26	lsanch25  
Login	Thu 09/19/2024	 9:59:01.09	fikeda 	
Login	Thu 09/19/2024	13:48:53.21	tsasao 	
Logoff	Thu 09/19/2024	15:45:55.13	tsasao  
Login	Thu 09/19/2024	16:00:59.65	ntmichae 	
Logoff	Thu 09/19/2024	16:17:45.35	ntmichae  
Logoff	Thu 09/19/2024	23:41:19.84	fikeda  
Login	Sat 09/21/2024	20:00:49.50	dkulzhan 	
Logoff	Sat 09/21/2024	20:05:13.66	dkulzhan  
Login	Sat 09/21/2024	21:14:04.04	dkulzhan 	
Logoff	Sat 09/21/2024	21:48:30.15	dkulzhan  
Login	Sat 09/21/2024	21:51:56.73	dkulzhan 	
Logoff	Sat 09/21/2024	23:57:27.31	dkulzhan  
Login	Sun 09/22/2024	 0:16:10.08	dkulzhan 	
Logoff	Sun 09/22/2024	 0:18:05.94	dkulzhan  
Login	Mon 09/23/2024	10:54:25.03	tsasao 	
Logoff	Mon 09/23/2024	11:54:04.50	tsasao  
Login	Mon 09/23/2024	17:03:36.54	fgold 	
Logoff	Mon 09/23/2024	19:09:18.91	fgold  
Login	Sun 09/29/2024	10:37:05.87	fikeda 	
Logoff	Sun 09/29/2024	13:43:11.24	fikeda  
Login	Mon 09/30/2024	 9:35:45.50	dkulzhan 	
Logoff	Mon 09/30/2024	 9:56:53.67	dkulzhan  
Login	Wed 10/02/2024	11:14:16.75	nmodugul 	
Logoff	Wed 10/02/2024	12:09:54.17	nmodugul  
Login	Wed 10/02/2024	13:47:04.44	tsasao 	
Logoff	Wed 10/02/2024	18:27:52.16	tsasao  
Login	Mon 10/07/2024	16:11:04.20	fikeda 	
Logoff	Mon 10/07/2024	21:34:06.05	fikeda  
Login	Wed 10/09/2024	11:10:09.33	ntmichae 	
Logoff	Wed 10/09/2024	12:27:10.02	ntmichae  
Login	Wed 10/09/2024	12:35:25.56	kyalama2 	
Logoff	Wed 10/09/2024	12:58:34.37	kyalama2  
Login	Sun 10/13/2024	15:15:24.63	nmodugul 	
Logoff	Sun 10/13/2024	16:05:30.96	nmodugul  
Login	Mon 10/14/2024	17:06:38.03	awoertz 	
Logoff	Mon 10/14/2024	18:17:24.45	awoertz  
Login	Tue 10/15/2024	12:12:14.19	aromer14 	
Logoff	Tue 10/15/2024	12:17:59.06	aromer14  
Login	Tue 10/15/2024	16:13:50.84	fgold 	
Logoff	Tue 10/15/2024	20:36:54.27	fgold  
Login	Thu 10/17/2024	16:37:08.04	nmodugul 	
Logoff	Thu 10/17/2024	19:11:48.55	nmodugul  
Login	Thu 10/17/2024	19:31:40.64	zlenguye 	
Logoff	Thu 10/17/2024	20:11:03.44	zlenguye  
Login	Fri 10/18/2024	11:07:52.30	aromer14 	
Logoff	Fri 10/18/2024	11:51:52.95	aromer14  
Login	Sun 10/20/2024	 9:09:15.47	ketanaka 	
Logoff	Sun 10/20/2024	12:49:02.44	ketanaka  
Login	Mon 10/21/2024	18:19:23.28	fgold 	
Logoff	Mon 10/21/2024	20:32:59.69	fgold  
Login	Tue 10/22/2024	14:28:07.07	fikeda 	
Login	Tue 10/22/2024	16:18:47.62	ntmichae 	
Logoff	Tue 10/22/2024	17:37:50.06	ntmichae  
Logoff	Tue 10/22/2024	19:43:23.39	fikeda  
Login	Wed 10/23/2024	12:07:34.47	jsemple 	
Logoff	Wed 10/23/2024	15:12:22.67	jsemple  
Login	Thu 10/24/2024	12:29:28.26	lcyu 	
Logoff	Thu 10/24/2024	18:10:15.87	lcyu  
Login	Sun 10/27/2024	10:23:35.39	mogoldsm 	
Logoff	Sun 10/27/2024	10:43:16.38	mogoldsm  
Login	Sun 10/27/2024	10:45:18.73	mogoldsm 	
Logoff	Sun 10/27/2024	12:36:56.34	mogoldsm  
Login	Sun 10/27/2024	13:49:57.07	ntmichae 	
Logoff	Sun 10/27/2024	18:15:06.46	ntmichae  
Login	Mon 10/28/2024	14:00:12.65	epantigo 	
Logoff	Mon 10/28/2024	14:18:24.56	epantigo  
Login	Thu 10/31/2024	 9:39:47.61	jsemple 	
Login	Thu 10/31/2024	19:00:56.46	aromer14 	
Logoff	Thu 10/31/2024	19:11:38.49	aromer14  
Logoff	Thu 10/31/2024	21:17:11.36	jsemple  
Login	Fri 11/01/2024	10:01:29.11	adm_wz36 	
Logoff	Fri 11/01/2024	10:13:21.65	adm_wz36  
Login	Sat 11/02/2024	13:47:53.38	ntmichae 	
Logoff	Sat 11/02/2024	15:30:53.15	ntmichae  
Login	Sun 11/03/2024	10:38:56.21	dkulzhan 	
Logoff	Sun 11/03/2024	13:39:27.69	dkulzhan  
Login	Mon 11/04/2024	16:26:24.99	etsahin 	
Logoff	Mon 11/04/2024	18:49:01.82	etsahin  
Login	Mon 11/04/2024	18:52:03.17	aromer14 	
Logoff	Mon 11/04/2024	19:31:42.67	aromer14  
Login	Mon 11/04/2024	19:35:17.13	aromer14 	
Logoff	Mon 11/04/2024	22:03:22.32	aromer14  
Login	Tue 11/05/2024	12:20:08.53	lcyu 	
Login	Tue 11/05/2024	15:37:42.93	etsahin 	
Logoff	Tue 11/05/2024	17:28:53.00	etsahin  
Logoff	Tue 11/05/2024	17:31:03.56	lcyu  
