Login	Fri 10/04/2024	17:20:57.42	sgoel17 	
Logoff	Fri 10/04/2024	18:54:44.72	sgoel17  
Login	Wed 10/09/2024	15:38:50.11	amanger 	
Logoff	Wed 10/09/2024	18:55:14.30	amanger  
Login	Tue 10/15/2024	15:57:08.28	wtvo 	
Logoff	Tue 10/15/2024	17:31:23.06	wtvo  
Login	Wed 10/16/2024	16:03:52.74	mfulop 	
Logoff	Wed 10/16/2024	18:59:58.42	mfulop  
Login	Thu 10/17/2024	15:56:27.74	kforman1 	
Logoff	Thu 10/17/2024	17:37:10.22	kforman1  
Login	Fri 10/18/2024	18:02:15.63	kforman1 	
Logoff	Fri 10/18/2024	18:50:59.08	kforman1  
Login	Sun 10/20/2024	16:38:55.04	swang525 	
Logoff	Sun 10/20/2024	16:48:39.34	swang525  
Login	Tue 10/22/2024	16:10:58.11	swang525 	
Logoff	Tue 10/22/2024	16:12:33.07	swang525  
Login	Wed 10/23/2024	20:34:58.99	glemaste 	
Logoff	Wed 10/23/2024	20:35:40.06	glemaste  
Login	Thu 10/24/2024	17:03:29.33	sakelly 	
Logoff	Thu 10/24/2024	18:09:55.05	sakelly  
Login	Thu 10/24/2024	18:37:48.46	glemaste 	
Logoff	Thu 10/24/2024	19:36:48.99	glemaste  
Login	Thu 10/24/2024	21:00:28.11	glemaste 	
Logoff	Thu 10/24/2024	22:07:36.43	glemaste  
Login	Fri 10/25/2024	15:53:26.77	glemaste 	
Logoff	Fri 10/25/2024	16:24:09.78	glemaste  
Login	Mon 10/28/2024	20:35:13.65	jhadley3 	
Logoff	Tue 10/29/2024	 0:22:01.65	jhadley3  
Login	Mon 11/04/2024	16:47:47.64	dlara1 	
Logoff	Mon 11/04/2024	19:44:42.17	dlara1  
