Login	Fri 09/20/2024	13:02:39.05	sbo1 	
Logoff	Fri 09/20/2024	13:27:39.98	sbo1  
Login	Fri 10/04/2024	16:34:49.25	mtopal 	
Logoff	Fri 10/04/2024	17:46:37.48	mtopal  
Login	Mon 10/07/2024	16:41:50.26	jpien 	
Logoff	Mon 10/07/2024	16:53:43.11	jpien  
Login	Mon 10/07/2024	17:51:38.78	jpien 	
Logoff	Mon 10/07/2024	18:10:34.09	jpien  
Login	Tue 10/08/2024	15:54:06.78	jgranat1 	
Logoff	Tue 10/08/2024	16:05:41.80	jgranat1  
Login	Tue 10/08/2024	16:27:36.62	jrendon 	
Logoff	Tue 10/08/2024	17:13:18.58	jrendon  
Login	Tue 10/08/2024	21:11:35.77	glemaste 	
Logoff	Tue 10/08/2024	22:39:49.18	glemaste  
Login	Sat 10/12/2024	14:29:06.60	glemaste 	
Logoff	Sat 10/12/2024	17:07:56.14	glemaste  
Login	Sun 10/13/2024	15:50:34.75	ideliona 	
Logoff	Sun 10/13/2024	19:42:25.18	ideliona  
Login	Tue 10/15/2024	15:53:53.07	ncavallo 	
Logoff	Tue 10/15/2024	17:41:18.02	ncavallo  
Login	Wed 10/16/2024	16:25:07.23	mtopal 	
Logoff	Wed 10/16/2024	20:14:14.42	mtopal  
Login	Thu 10/17/2024	15:53:36.57	jrendon 	
Logoff	Thu 10/17/2024	18:53:26.70	jrendon  
Login	Fri 10/18/2024	16:52:31.51	jhu95 	
Logoff	Fri 10/18/2024	18:31:04.42	jhu95  
Login	Sun 10/20/2024	17:08:34.89	ideliona 	
Logoff	Sun 10/20/2024	18:04:15.96	ideliona  
Login	Mon 10/21/2024	17:16:50.01	jnwosu 	
Logoff	Mon 10/21/2024	18:23:33.25	jnwosu  
Login	Tue 10/22/2024	16:29:22.97	mogoldsm 	
Logoff	Tue 10/22/2024	18:11:19.81	mogoldsm  
Login	Tue 10/22/2024	18:44:20.27	bhwang7 	
Logoff	Tue 10/22/2024	19:59:28.98	bhwang7  
Login	Wed 10/23/2024	10:05:02.68	glemaste 	
Logoff	Wed 10/23/2024	10:35:28.15	glemaste  
Login	Sun 11/03/2024	17:10:21.14	cmorenoa 	
Logoff	Sun 11/03/2024	17:10:33.03	cmorenoa  
Login	Mon 11/04/2024	16:42:58.06	mdodd2 	
Logoff	Mon 11/04/2024	18:46:38.80	mdodd2  
Login	Mon 11/04/2024	19:40:18.57	mfulop 	
Logoff	Mon 11/04/2024	21:59:36.02	mfulop  
Login	Tue 11/05/2024	13:11:00.86	mfulop 	
Logoff	Tue 11/05/2024	17:28:20.88	mfulop  
