Login	Thu 09/05/2024	15:19:41.29	jpien 	
Logoff	Thu 09/05/2024	16:42:22.29	jpien  
Login	Fri 09/27/2024	 9:22:53.10	adtirtos 	
Logoff	Fri 09/27/2024	 9:40:35.67	adtirtos  
Login	Fri 10/04/2024	16:41:06.19	anarsipu 	
Logoff	Fri 10/04/2024	18:00:07.47	anarsipu  
Login	Sat 10/05/2024	16:05:59.27	mgyee 	
Logoff	Sat 10/05/2024	17:39:42.70	mgyee  
Login	Mon 10/07/2024	18:06:03.54	abousque 	
Logoff	Mon 10/07/2024	19:05:22.33	abousque  
Login	Tue 10/08/2024	 9:33:43.75	rpankaj 	
Logoff	Tue 10/08/2024	10:29:54.10	rpankaj  
Login	Tue 10/08/2024	16:59:54.21	mbucci 	
Logoff	Tue 10/08/2024	17:09:59.91	mbucci  
Login	Wed 10/09/2024	10:45:05.64	jherbst1 	
Logoff	Wed 10/09/2024	11:01:27.73	jherbst1  
Login	Wed 10/09/2024	15:31:45.31	mbucci 	
Logoff	Wed 10/09/2024	17:58:15.50	mbucci  
Login	Thu 10/10/2024	17:17:25.17	rpankaj 	
Logoff	Thu 10/10/2024	19:59:42.96	rpankaj  
Login	Sat 10/12/2024	19:30:51.93	sgoel17 	
Logoff	Sat 10/12/2024	21:11:16.57	sgoel17  
Login	Tue 10/15/2024	17:58:06.36	anarsipu 	
Logoff	Tue 10/15/2024	20:44:18.98	anarsipu  
Login	Wed 10/16/2024	18:10:03.50	anarsipu 	
Logoff	Wed 10/16/2024	20:13:47.75	anarsipu  
Login	Thu 10/17/2024	14:20:46.06	ssamaha1 	
Logoff	Thu 10/17/2024	14:26:30.74	ssamaha1  
Login	Thu 10/17/2024	15:53:44.66	tcseidel 	
Logoff	Thu 10/17/2024	20:08:39.68	tcseidel  
Login	Fri 10/18/2024	11:20:36.71	anarsipu 	
Logoff	Fri 10/18/2024	11:54:45.02	anarsipu  
Login	Sun 10/20/2024	16:07:32.08	odheng 	
Logoff	Sun 10/20/2024	18:06:24.54	odheng  
Login	Mon 10/21/2024	16:34:05.70	nmodugul 	
Logoff	Mon 10/21/2024	20:17:41.72	nmodugul  
Login	Tue 10/22/2024	12:37:28.06	mbucci 	
Logoff	Tue 10/22/2024	14:17:21.83	mbucci  
Login	Tue 10/22/2024	16:22:34.95	pgupta27 	
Logoff	Tue 10/22/2024	16:44:23.53	pgupta27  
Login	Tue 10/22/2024	16:46:16.26	ssamaha1 	
Logoff	Tue 10/22/2024	17:49:49.95	ssamaha1  
Login	Tue 10/22/2024	18:10:27.84	nmodugul 	
Logoff	Tue 10/22/2024	18:31:29.64	nmodugul  
Login	Tue 10/22/2024	18:36:22.26	jjoneill 	
Logoff	Tue 10/22/2024	18:50:32.57	jjoneill  
Login	Tue 10/22/2024	19:01:42.51	mjayawee 	
Logoff	Tue 10/22/2024	20:04:49.76	mjayawee  
Login	Tue 10/22/2024	20:52:06.65	mjayawee 	
Logoff	Tue 10/22/2024	21:57:06.07	mjayawee  
Login	Wed 10/23/2024	14:12:21.83	mjayawee 	
Logoff	Wed 10/23/2024	15:31:40.86	mjayawee  
Login	Wed 10/23/2024	15:47:38.54	ssamaha1 	
Logoff	Wed 10/23/2024	16:09:36.01	ssamaha1  
Login	Wed 10/23/2024	17:03:38.27	mjayawee 	
Logoff	Wed 10/23/2024	17:15:40.39	mjayawee  
Login	Wed 10/23/2024	18:33:35.85	cmorenoa 	
Logoff	Wed 10/23/2024	20:00:56.36	cmorenoa  
Login	Thu 10/24/2024	11:46:10.51	anarsipu 	
Logoff	Thu 10/24/2024	11:58:55.11	anarsipu  
Login	Thu 10/24/2024	14:14:27.27	anarsipu 	
Login	Fri 11/01/2024	15:20:49.66	abousque 	
Logoff	Fri 11/01/2024	15:59:01.68	abousque  
Login	Sat 11/02/2024	15:59:26.74	cmorenoa 	
Logoff	Sat 11/02/2024	17:41:56.05	cmorenoa  
Login	Sun 11/03/2024	17:09:06.47	cmorenoa 	
Logoff	Sun 11/03/2024	17:09:17.91	cmorenoa  
Login	Mon 11/04/2024	15:22:02.89	ylin237 	
Logoff	Mon 11/04/2024	15:24:24.72	ylin237  
Login	Mon 11/04/2024	15:58:13.83	cmorenoa 	
Logoff	Mon 11/04/2024	20:16:19.12	cmorenoa  
Login	Tue 11/05/2024	14:01:40.56	dkearlen 	
Logoff	Tue 11/05/2024	15:15:21.82	dkearlen  
Login	Tue 11/05/2024	19:43:55.65	abousque 	
Logoff	Tue 11/05/2024	20:42:47.09	abousque  
Login	Wed 11/06/2024	10:42:06.68	mjayawee 	
Logoff	Wed 11/06/2024	10:44:43.04	mjayawee  
Login	Wed 11/06/2024	13:01:20.79	mjayawee 	
