Login	Wed 10/09/2024	15:37:15.09	sschaudh 	
Logoff	Wed 10/09/2024	19:55:09.26	sschaudh  
Login	Wed 10/09/2024	19:56:52.23	yvora 	
Logoff	Wed 10/09/2024	21:51:46.70	yvora  
Login	Wed 10/09/2024	21:55:03.17	yvora 	
Logoff	Wed 10/09/2024	21:56:37.35	yvora  
Login	Sun 10/13/2024	16:23:12.15	dvtruong 	
Logoff	Sun 10/13/2024	17:18:37.78	dvtruong  
Login	Tue 10/15/2024	16:09:44.04	abousque 	
Logoff	Tue 10/15/2024	17:06:21.53	abousque  
Login	Wed 10/16/2024	17:52:02.12	mjayawee 	
Logoff	Wed 10/16/2024	18:08:23.44	mjayawee  
Login	Wed 10/16/2024	19:02:04.65	vgokhale 	
Logoff	Wed 10/16/2024	19:08:40.81	vgokhale  
Login	Thu 10/17/2024	13:25:50.35	ssamaha1 	
Logoff	Thu 10/17/2024	14:02:08.00	ssamaha1  
Login	Thu 10/17/2024	14:06:07.22	ssamaha1 	
Logoff	Thu 10/17/2024	14:20:10.03	ssamaha1  
Login	Thu 10/17/2024	17:22:09.72	slevin14 	
Logoff	Thu 10/17/2024	19:54:59.88	slevin14  
Login	Fri 10/18/2024	 9:34:18.96	slevin14 	
Logoff	Fri 10/18/2024	 9:41:01.14	slevin14  
Login	Tue 10/22/2024	16:44:05.70	ssamaha1 	
Logoff	Tue 10/22/2024	16:44:17.67	ssamaha1  
Login	Tue 10/22/2024	17:25:04.49	jrendon 	
Logoff	Tue 10/22/2024	19:17:45.78	jrendon  
Login	Wed 10/23/2024	15:36:01.06	dkearlen 	
Logoff	Wed 10/23/2024	17:20:48.97	dkearlen  
Login	Mon 11/04/2024	15:17:18.42	ylin237 	
Logoff	Mon 11/04/2024	15:20:12.28	ylin237  
Login	Tue 11/05/2024	18:09:57.55	ylin237 	
Logoff	Tue 11/05/2024	20:56:32.51	ylin237  
