Login	Fri 09/06/2024	 7:43:15.97	mdesous1 	
Logoff	Fri 09/06/2024	 7:44:02.54	mdesous1  
Login	Mon 09/09/2024	12:48:42.42	sma33 	
Logoff	Mon 09/09/2024	14:00:54.62	sma33  
Login	Wed 09/18/2024	12:13:33.82	adm_aarruda2 	
Logoff	Wed 09/18/2024	12:20:02.17	adm_aarruda2  
Login	Mon 10/14/2024	14:04:20.92	jnie5 	
Logoff	Mon 10/14/2024	14:06:31.94	jnie5  
Login	Thu 10/17/2024	20:37:41.16	yjing17 	
Logoff	Thu 10/17/2024	20:38:43.26	yjing17  
Login	Thu 10/17/2024	21:21:50.23	yjing17 	
Logoff	Thu 10/17/2024	22:15:59.35	yjing17  
Login	Fri 10/18/2024	14:25:15.66	hearnest 	
Logoff	Fri 10/18/2024	14:29:20.90	hearnest  
Login	Wed 10/23/2024	14:49:05.79	jzhuan17 	
Logoff	Wed 10/23/2024	14:50:16.35	jzhuan17  
Login	Thu 10/24/2024	 8:28:36.00	ayu90 	
Logoff	Thu 10/24/2024	 8:31:02.62	ayu90  
Login	Wed 11/06/2024	10:09:28.35	charri21 	
Logoff	Wed 11/06/2024	10:49:42.73	charri21  
