Login	Fri 09/27/2024	 9:33:06.24	swinaker 	
Logoff	Fri 09/27/2024	 9:40:35.46	swinaker  
Login	Tue 10/08/2024	16:26:55.69	ylin237 	
Logoff	Tue 10/08/2024	16:56:17.59	ylin237  
Login	Tue 10/08/2024	18:25:26.30	rpankaj 	
Logoff	Tue 10/08/2024	20:10:45.18	rpankaj  
Login	Wed 10/09/2024	16:55:37.92	mdodd2 	
Logoff	Wed 10/09/2024	19:02:26.78	mdodd2  
Login	Tue 10/15/2024	17:42:53.36	avelazq5 	
Logoff	Tue 10/15/2024	18:55:07.16	avelazq5  
Login	Wed 10/16/2024	16:02:35.83	amanger 	
Logoff	Wed 10/16/2024	16:10:36.91	amanger  
Login	Wed 10/16/2024	16:20:06.22	amanger 	
Logoff	Wed 10/16/2024	18:59:38.67	amanger  
Login	Wed 10/16/2024	19:23:41.22	jrendon 	
Logoff	Wed 10/16/2024	20:32:31.55	jrendon  
Login	Thu 10/17/2024	12:07:24.11	mdodd2 	
Logoff	Thu 10/17/2024	12:58:51.05	mdodd2  
Login	Sun 10/20/2024	16:12:49.52	ylin237 	
Logoff	Sun 10/20/2024	18:29:05.92	ylin237  
Login	Mon 10/21/2024	19:20:42.79	mfulop 	
Logoff	Mon 10/21/2024	20:27:11.01	mfulop  
Login	Tue 10/22/2024	12:01:47.13	mfulop 	
Logoff	Tue 10/22/2024	15:44:57.47	mfulop  
Login	Tue 10/22/2024	17:10:34.66	sgoel17 	
Logoff	Tue 10/22/2024	17:28:51.93	sgoel17  
Login	Tue 10/22/2024	18:44:37.06	mfulop 	
Logoff	Tue 10/22/2024	19:47:42.69	mfulop  
Login	Tue 10/22/2024	19:51:06.70	vgokhale 	
Logoff	Tue 10/22/2024	20:45:13.35	vgokhale  
Login	Wed 10/23/2024	13:55:10.61	vgokhale 	
Logoff	Wed 10/23/2024	15:58:46.30	vgokhale  
Login	Wed 10/23/2024	16:03:47.41	amanger 	
Logoff	Wed 10/23/2024	20:01:29.46	amanger  
Login	Wed 10/23/2024	20:35:37.43	glemaste 	
Logoff	Wed 10/23/2024	20:35:48.74	glemaste  
Login	Wed 10/23/2024	20:37:32.85	glemaste 	
Logoff	Wed 10/23/2024	22:09:32.25	glemaste  
Login	Thu 10/24/2024	12:20:45.46	jrendon 	
Logoff	Thu 10/24/2024	12:48:18.28	jrendon  
Login	Thu 10/24/2024	12:56:47.51	amanger 	
Logoff	Thu 10/24/2024	14:24:54.05	amanger  
Login	Thu 10/24/2024	15:55:14.68	amanger 	
Logoff	Thu 10/24/2024	17:26:52.29	amanger  
Login	Thu 10/24/2024	17:51:27.35	dkearlen 	
Logoff	Thu 10/24/2024	17:51:53.93	dkearlen  
Login	Thu 10/24/2024	19:04:32.67	kforman1 	
Logoff	Thu 10/24/2024	20:04:01.67	kforman1  
Login	Thu 10/24/2024	20:19:12.96	vgokhale 	
Logoff	Thu 10/24/2024	20:25:04.47	vgokhale  
Login	Mon 11/04/2024	14:47:09.74	yliu811 	
Logoff	Mon 11/04/2024	15:13:09.22	yliu811  
Login	Mon 11/04/2024	16:57:23.47	jgranat1 	
Logoff	Mon 11/04/2024	17:25:18.92	jgranat1  
Login	Mon 11/04/2024	18:30:54.78	ideliona 	
Logoff	Mon 11/04/2024	19:57:13.53	ideliona  
Login	Tue 11/05/2024	16:35:59.41	mtopal 	
Logoff	Tue 11/05/2024	19:34:46.11	mtopal  
Login	Wed 11/06/2024	12:59:36.48	ideliona 	
