Login	Fri 09/27/2024	 9:21:52.61	ihaguila 	
Logoff	Fri 09/27/2024	 9:53:36.72	ihaguila  
Login	Mon 10/07/2024	18:12:46.87	slopezlu 	
Logoff	Mon 10/07/2024	19:05:13.38	slopezlu  
Login	Tue 10/08/2024	15:53:02.83	pgupta27 	
Logoff	Tue 10/08/2024	16:59:24.49	pgupta27  
Login	Tue 10/08/2024	17:12:35.45	aromer14 	
Logoff	Tue 10/08/2024	18:36:05.78	aromer14  
Login	Tue 10/08/2024	21:06:20.92	gwang52 	
Logoff	Tue 10/08/2024	21:14:16.55	gwang52  
Login	Wed 10/09/2024	15:51:22.72	mogoldsm 	
Logoff	Wed 10/09/2024	15:56:33.65	mogoldsm  
Login	Wed 10/09/2024	16:39:06.86	dlara1 	
Logoff	Wed 10/09/2024	20:29:05.95	dlara1  
Login	Sun 10/13/2024	15:49:56.09	glemaste 	
Logoff	Sun 10/13/2024	17:29:39.01	glemaste  
Login	Mon 10/14/2024	17:48:10.23	jhu95 	
Logoff	Mon 10/14/2024	20:12:24.90	jhu95  
Login	Tue 10/15/2024	19:16:17.34	jrendon 	
Logoff	Tue 10/15/2024	19:52:31.01	jrendon  
Login	Wed 10/16/2024	18:36:46.40	nmodugul 	
Logoff	Wed 10/16/2024	21:42:24.47	nmodugul  
Login	Thu 10/17/2024	16:41:06.21	sgoel17 	
Logoff	Thu 10/17/2024	18:01:58.04	sgoel17  
Login	Sat 10/19/2024	15:46:13.21	slopezlu 	
Logoff	Sat 10/19/2024	18:13:25.81	slopezlu  
Login	Tue 10/22/2024	16:14:56.44	odheng 	
Logoff	Tue 10/22/2024	18:11:58.94	odheng  
Login	Wed 10/23/2024	13:56:10.62	gwang52 	
Logoff	Wed 10/23/2024	15:59:45.85	gwang52  
Login	Wed 10/23/2024	16:59:48.81	odheng 	
Logoff	Wed 10/23/2024	18:51:27.64	odheng  
Login	Thu 10/24/2024	15:23:04.94	anarsipu 	
Logoff	Thu 10/24/2024	15:23:26.29	anarsipu  
Login	Thu 10/24/2024	15:28:27.80	anarsipu 	
Logoff	Thu 10/24/2024	15:28:39.38	anarsipu  
Login	Thu 10/24/2024	18:07:26.29	edukemoe 	
Logoff	Thu 10/24/2024	18:07:37.69	edukemoe  
Login	Fri 10/25/2024	15:58:28.43	yvora 	
Logoff	Fri 10/25/2024	17:18:03.20	yvora  
Login	Fri 10/25/2024	18:27:04.72	jrendon 	
Logoff	Fri 10/25/2024	18:36:27.41	jrendon  
Login	Mon 11/04/2024	15:04:51.92	amanger 	
Logoff	Mon 11/04/2024	18:47:44.41	amanger  
Login	Mon 11/04/2024	21:18:18.95	jgranat1 	
Logoff	Tue 11/05/2024	 0:33:18.71	jgranat1  
Login	Tue 11/05/2024	13:11:16.64	bhwang7 	
Logoff	Tue 11/05/2024	17:09:59.39	bhwang7  
Login	Wed 11/06/2024	10:01:09.28	glemaste 	
Logoff	Wed 11/06/2024	12:02:48.75	glemaste  
