Login	Thu 09/19/2024	19:22:03.90	ntmichae 	
Logoff	Thu 09/19/2024	20:08:18.79	ntmichae  
Login	Thu 09/19/2024	20:10:26.28	ntmichae 	
Logoff	Thu 09/19/2024	20:57:16.28	ntmichae  
Login	Fri 09/27/2024	 9:18:54.56	adm_aarruda2 	
Logoff	Sat 09/28/2024	 2:00:17.13	adm_aarruda2  
Login	Thu 10/17/2024	18:47:18.56	zlenguye 	
Logoff	Thu 10/17/2024	18:56:07.78	zlenguye  
Login	Thu 10/17/2024	18:58:30.47	zlenguye 	
Logoff	Thu 10/17/2024	19:28:36.67	zlenguye  
Login	Sun 10/20/2024	 9:57:58.11	ntmichae 	
Logoff	Sun 10/20/2024	11:33:37.85	ntmichae  
Login	Thu 10/31/2024	16:15:32.66	mander59 	
Logoff	Thu 10/31/2024	16:46:35.34	mander59  
Login	Thu 10/31/2024	16:51:28.30	mander59 	
Logoff	Thu 10/31/2024	19:04:23.80	mander59  
Login	Fri 11/01/2024	 8:56:29.75	adm_wz36 	
Logoff	Fri 11/01/2024	 9:00:04.83	adm_wz36  
Login	Fri 11/01/2024	 9:21:26.07	adm_wz36 	
Logoff	Fri 11/01/2024	 9:46:52.21	adm_wz36  
Login	Mon 11/04/2024	16:11:18.97	adm_wz36 	
Logoff	Mon 11/04/2024	16:26:24.07	adm_wz36  
Login	Mon 11/04/2024	16:41:28.17	adm_wz36 	
Logoff	Mon 11/04/2024	16:48:19.71	adm_wz36  
Login	Wed 11/06/2024	12:00:03.41	adm_wz36 	
