Login	Tue 09/17/2024	16:15:49.44	adm_wz36 	
Logoff	Tue 09/17/2024	16:22:08.55	adm_wz36  
Login	Wed 09/18/2024	15:36:39.60	adm_wz36 	
Logoff	Wed 09/18/2024	15:58:59.45	adm_wz36  
Login	Wed 09/18/2024	16:02:52.42	adm_wz36 	
Logoff	Wed 09/18/2024	16:21:27.68	adm_wz36  
Login	Thu 09/19/2024	12:59:48.16	adm_wz36 	
Logoff	Thu 09/19/2024	13:00:50.94	adm_wz36  
Login	Thu 09/19/2024	13:04:53.16	adm_wz36 	
Logoff	Thu 09/19/2024	14:08:03.66	adm_wz36  
Login	Thu 09/19/2024	14:11:01.25	adm_wz36 	
Logoff	Thu 09/19/2024	15:17:34.10	adm_wz36  
Login	Thu 09/19/2024	15:19:58.14	adm_wz36 	
Logoff	Thu 09/19/2024	15:40:21.29	adm_wz36  
Login	Thu 09/19/2024	16:10:29.90	adm_wz36 	
Logoff	Thu 09/19/2024	16:58:02.17	adm_wz36  
Login	Fri 09/20/2024	 8:51:01.48	adm_wz36 	
Logoff	Fri 09/20/2024	10:02:44.23	adm_wz36  
Login	Fri 09/20/2024	16:32:08.16	test095 	
Logoff	Fri 09/20/2024	17:07:28.37	test095  
Login	Sun 09/22/2024	11:19:16.75	epantigo 	
Logoff	Sun 09/22/2024	14:01:31.80	epantigo  
Login	Fri 09/27/2024	 9:32:33.38	adm_aarruda2 	
Logoff	Sat 09/28/2024	 2:00:25.18	adm_aarruda2  
Login	Tue 10/15/2024	16:09:47.35	awoertz 	
Logoff	Tue 10/15/2024	17:32:25.74	awoertz  
Login	Thu 10/17/2024	17:00:28.72	awoertz 	
Login	Thu 10/17/2024	18:46:44.75	schohmal 	
Logoff	Thu 10/17/2024	19:23:24.03	schohmal  
Logoff	Thu 10/17/2024	21:30:15.09	awoertz  
Login	Thu 10/24/2024	16:35:53.32	xlee3 	
Logoff	Thu 10/24/2024	16:37:45.61	xlee3  
Login	Thu 10/31/2024	14:35:53.63	adm_wz36 	
Login	Thu 10/31/2024	14:43:58.11	xlee3 	
Logoff	Thu 10/31/2024	14:47:13.97	xlee3  
Logoff	Thu 10/31/2024	14:56:32.32	adm_wz36  
Login	Thu 10/31/2024	14:58:22.70	adm_wz36 	
Login	Thu 10/31/2024	15:02:54.40	test095 	
Logoff	Thu 10/31/2024	15:05:31.42	test095  
Logoff	Thu 10/31/2024	15:06:03.55	adm_wz36  
Login	Thu 10/31/2024	16:50:01.89	awoertz 	
Logoff	Thu 10/31/2024	17:24:03.19	awoertz  
Login	Thu 10/31/2024	18:00:56.70	mander59 	
Logoff	Thu 10/31/2024	18:24:31.91	mander59  
Login	Fri 11/01/2024	10:32:53.16	test095 	
Logoff	Fri 11/01/2024	10:34:21.80	test095  
Login	Fri 11/01/2024	10:37:58.23	adm_wz36 	
Logoff	Fri 11/01/2024	10:46:28.82	adm_wz36  
Login	Sun 11/03/2024	11:27:46.70	awoertz 	
Logoff	Sun 11/03/2024	12:28:03.04	awoertz  
Login	Tue 11/05/2024	14:38:54.47	raserran 	
Logoff	Tue 11/05/2024	18:09:47.22	raserran  
