Login	Thu 09/05/2024	13:09:17.04	pgatesiu 	
Logoff	Fri 09/06/2024	18:26:30.40	pgatesiu  
Login	Sat 09/07/2024	12:12:36.73	rrakin 	
Logoff	Sun 09/08/2024	13:59:45.83	rrakin  
Login	Sun 09/08/2024	14:07:54.21	fmenende 	
Logoff	Sun 09/08/2024	20:19:44.19	fmenende  
Login	Mon 09/09/2024	14:55:39.57	cvalenz1 	
Logoff	Mon 09/09/2024	21:47:32.47	cvalenz1  
Login	Thu 09/12/2024	12:33:34.19	pgatesiu 	
Logoff	Sun 09/15/2024	22:16:03.98	pgatesiu  
Login	Mon 09/16/2024	11:59:12.65	svu3 	
Logoff	Mon 09/16/2024	22:00:25.03	svu3  
Login	Tue 09/17/2024	13:01:39.75	cpoisson 	
Logoff	Tue 09/17/2024	21:48:14.40	cpoisson  
Login	Wed 09/18/2024	12:14:54.33	rrasquin 	
Logoff	Wed 09/18/2024	12:24:07.49	rrasquin  
Login	Wed 09/18/2024	13:02:12.83	rrasquin 	
Logoff	Wed 09/18/2024	13:57:01.99	rrasquin  
Login	Wed 09/18/2024	13:59:02.58	jbsilva 	
Logoff	Wed 09/18/2024	22:03:05.97	jbsilva  
Login	Thu 09/19/2024	13:29:16.60	dnorth1 	
Logoff	Thu 09/19/2024	22:02:47.44	dnorth1  
Login	Fri 09/20/2024	12:57:01.70	blacerte 	
Logoff	Fri 09/20/2024	13:19:46.86	blacerte  
Login	Fri 09/20/2024	16:03:48.21	rrakin 	
Logoff	Sat 09/21/2024	14:01:58.54	rrakin  
Login	Sat 09/21/2024	14:04:03.86	xlee3 	
Logoff	Sat 09/21/2024	18:15:28.65	xlee3  
Login	Sun 09/22/2024	12:08:00.99	kgaugha1 	
Logoff	Mon 09/23/2024	11:50:15.60	kgaugha1  
Login	Mon 09/23/2024	11:53:19.49	aauribe 	
Login	Tue 09/24/2024	 9:46:39.08	espilker 	
Logoff	Tue 09/24/2024	10:04:40.25	espilker  
Logoff	Tue 09/24/2024	10:04:45.87	aauribe  
Login	Tue 09/24/2024	12:11:06.03	fmenende 	
Login	Tue 09/24/2024	12:29:43.31	agalla17 	
Logoff	Wed 09/25/2024	22:13:27.58	agalla17  
Login	Thu 09/26/2024	14:00:58.97	kgaugha1 	
Login	Fri 09/27/2024	15:21:20.06	seruiz 	
Logoff	Sat 09/28/2024	14:13:57.00	seruiz  
Login	Sat 09/28/2024	14:15:34.99	nstarhil 	
Logoff	Sat 09/28/2024	14:18:29.16	nstarhil  
Login	Sun 09/29/2024	12:29:29.30	kgaugha1 	
Login	Sun 09/29/2024	16:50:45.11	jbsilva 	
Logoff	Sun 09/29/2024	17:51:03.04	jbsilva  
Login	Mon 09/30/2024	11:55:53.78	aauribe 	
Login	Mon 09/30/2024	13:10:25.33	aauribe 	
Logoff	Tue 10/01/2024	13:15:41.53	aauribe  
Login	Tue 10/01/2024	13:17:34.83	fmenende 	
Logoff	Tue 10/01/2024	13:20:37.60	fmenende  
Login	Tue 10/01/2024	16:01:17.87	cvalenz1 	
Logoff	Tue 10/01/2024	16:30:43.37	cvalenz1  
Login	Tue 10/01/2024	17:31:29.70	cvalenz1 	
Login	Tue 10/01/2024	17:36:05.37	cvalenz1 	
Logoff	Thu 10/03/2024	11:59:37.57	cvalenz1  
Login	Thu 10/03/2024	12:01:56.20	kherna21 	
Logoff	Thu 10/03/2024	12:04:22.15	kherna21  
Login	Thu 10/03/2024	12:07:00.44	kherna21 	
Login	Thu 10/03/2024	12:10:12.38	kherna21 	
Login	Sat 10/05/2024	12:25:51.97	fmenende 	
Logoff	Sat 10/05/2024	12:32:24.98	fmenende  
Login	Mon 10/07/2024	12:07:25.19	aauribe 	
Logoff	Mon 10/07/2024	12:14:04.20	aauribe  
Login	Mon 10/07/2024	12:16:02.80	aauribe 	
Logoff	Mon 10/07/2024	12:43:59.20	aauribe  
Login	Mon 10/07/2024	13:08:10.43	pgifford 	
Login	Mon 10/07/2024	13:12:13.28	pgifford 	
Logoff	Mon 10/07/2024	16:31:13.64	pgifford  
Login	Mon 10/07/2024	16:31:42.98	jbsilva 	
Logoff	Mon 10/07/2024	22:15:28.34	jbsilva  
Login	Tue 10/08/2024	12:10:41.46	fmenende 	
Logoff	Tue 10/08/2024	17:11:55.12	fmenende  
Login	Wed 10/09/2024	12:03:44.11	rrasquin 	
Logoff	Wed 10/09/2024	13:54:48.71	rrasquin  
Login	Thu 10/10/2024	11:59:59.07	dnorth1 	
Logoff	Thu 10/10/2024	12:02:23.91	dnorth1  
Login	Thu 10/10/2024	13:08:55.57	dnorth1 	
Login	Fri 10/18/2024	12:02:36.73	agalla17 	
Login	Mon 10/21/2024	16:12:00.24	cwernli 	
Login	Mon 10/21/2024	16:20:58.84	cwernli 	
Login	Wed 10/23/2024	12:24:41.21	scomlan 	
Logoff	Wed 10/23/2024	12:48:05.17	scomlan  
Login	Thu 10/24/2024	12:08:30.03	kherna21 	
Login	Thu 10/24/2024	12:14:37.90	kherna21 	
Logoff	Thu 10/24/2024	21:58:31.77	kherna21  
Login	Sat 10/26/2024	12:09:57.32	nstarhil 	
Logoff	Sat 10/26/2024	17:46:01.80	nstarhil  
Login	Mon 10/28/2024	12:18:54.06	aauribe 	
Login	Tue 10/29/2024	12:04:30.04	fmenende 	
Logoff	Tue 10/29/2024	13:27:33.24	fmenende  
Login	Tue 10/29/2024	13:29:30.92	fmenende 	
Logoff	Tue 10/29/2024	13:30:17.96	fmenende  
Login	Thu 10/31/2024	21:23:29.38	svu3 	
Logoff	Thu 10/31/2024	21:28:59.30	svu3  
Login	Mon 11/04/2024	17:13:26.43	llegesse 	
