Login	Sat 09/07/2024	 0:15:39.68	dglover2 	
Logoff	Sat 09/07/2024	 0:52:26.70	dglover2  
Login	Tue 09/10/2024	15:20:40.34	dadesina 	
Logoff	Tue 09/10/2024	15:56:45.73	dadesina  
Login	Tue 09/10/2024	18:19:16.11	kewatts 	
Logoff	Tue 09/10/2024	18:22:48.24	kewatts  
Login	Thu 09/12/2024	12:24:46.70	jretanas 	
Logoff	Thu 09/12/2024	13:42:41.43	jretanas  
Login	Tue 10/01/2024	12:10:10.97	dnorth1 	
Logoff	Tue 10/01/2024	12:38:58.20	dnorth1  
Login	Wed 10/02/2024	14:29:52.01	jdahiya 	
Logoff	Wed 10/02/2024	15:01:25.21	jdahiya  
Login	Fri 10/18/2024	10:21:55.03	jdeveika 	
Logoff	Fri 10/18/2024	11:02:22.59	jdeveika  
Login	Fri 10/25/2024	10:24:05.21	jdeveika 	
Logoff	Fri 10/25/2024	11:03:03.21	jdeveika  
Login	Fri 10/25/2024	11:38:42.49	jdeveika 	
Logoff	Fri 10/25/2024	14:16:45.55	jdeveika  
Login	Tue 10/29/2024	14:08:28.01	kmmcgrat 	
Logoff	Tue 10/29/2024	14:12:28.45	kmmcgrat  
Login	Wed 10/30/2024	10:52:08.35	jdeveika 	
Logoff	Wed 10/30/2024	12:50:45.60	jdeveika  
Login	Wed 10/30/2024	13:41:16.13	jdahiya 	
Logoff	Wed 10/30/2024	15:24:16.73	jdahiya  
Login	Thu 10/31/2024	15:53:34.80	jdeveika 	
Logoff	Thu 10/31/2024	19:38:27.81	jdeveika  
Login	Fri 11/01/2024	13:28:25.62	jdahiya 	
Logoff	Fri 11/01/2024	14:18:21.36	jdahiya  
Login	Sat 11/02/2024	15:03:17.33	jdeveika 	
Logoff	Sat 11/02/2024	17:08:03.26	jdeveika  
Login	Wed 11/06/2024	13:50:14.12	jdahiya 	
