Login	Mon 10/07/2024	17:08:45.00	jrendon 	
Logoff	Mon 10/07/2024	18:35:14.61	jrendon  
Login	Tue 10/08/2024	13:51:45.49	tgordon4 	
Logoff	Tue 10/08/2024	14:55:00.11	tgordon4  
Login	Wed 10/09/2024	15:21:05.47	jjoneill 	
Logoff	Wed 10/09/2024	17:02:28.12	jjoneill  
Login	Wed 10/09/2024	17:04:50.87	bhwang7 	
Logoff	Wed 10/09/2024	17:27:58.91	bhwang7  
Login	Wed 10/09/2024	17:47:29.31	jnwosu 	
Logoff	Wed 10/09/2024	20:45:59.43	jnwosu  
Login	Thu 10/10/2024	15:55:38.92	ssamaha1 	
Logoff	Thu 10/10/2024	16:16:51.27	ssamaha1  
Login	Sun 10/13/2024	15:59:31.00	mgyee 	
Logoff	Sun 10/13/2024	16:05:30.01	mgyee  
Login	Sun 10/13/2024	16:15:15.75	mgyee 	
Logoff	Sun 10/13/2024	17:04:47.54	mgyee  
Login	Wed 10/16/2024	17:41:28.36	jnwosu 	
Logoff	Wed 10/16/2024	21:47:02.99	jnwosu  
Login	Thu 10/17/2024	15:55:16.01	jnwosu 	
Logoff	Thu 10/17/2024	20:45:58.48	jnwosu  
Login	Sat 10/19/2024	14:40:04.95	mgyee 	
Logoff	Sat 10/19/2024	15:16:05.07	mgyee  
Login	Sat 10/19/2024	15:46:40.12	sjromo 	
Logoff	Sat 10/19/2024	18:17:10.65	sjromo  
Login	Sat 10/19/2024	19:50:48.08	mgyee 	
Logoff	Sat 10/19/2024	21:41:20.63	mgyee  
Login	Sun 10/20/2024	15:14:59.01	mgyee 	
Logoff	Sun 10/20/2024	17:45:56.71	mgyee  
Login	Mon 10/21/2024	17:04:16.48	sgoel17 	
Logoff	Mon 10/21/2024	18:11:15.11	sgoel17  
Login	Mon 10/21/2024	18:22:53.58	jnwosu 	
Logoff	Mon 10/21/2024	18:23:14.80	jnwosu  
Login	Mon 10/21/2024	18:25:02.22	jnwosu 	
Logoff	Mon 10/21/2024	20:08:45.69	jnwosu  
Login	Tue 10/22/2024	18:24:48.34	jnwosu 	
Logoff	Tue 10/22/2024	20:33:47.97	jnwosu  
Login	Tue 10/22/2024	20:56:52.34	sgoel17 	
Logoff	Tue 10/22/2024	21:41:21.05	sgoel17  
Login	Wed 10/23/2024	17:46:32.39	jnwosu 	
Logoff	Wed 10/23/2024	19:05:14.43	jnwosu  
Login	Wed 10/23/2024	19:18:59.88	slevin14 	
Logoff	Wed 10/23/2024	23:35:47.71	slevin14  
Login	Thu 10/24/2024	15:54:41.48	tcseidel 	
Logoff	Thu 10/24/2024	18:36:16.96	tcseidel  
Login	Fri 10/25/2024	10:04:14.44	slevin14 	
Logoff	Fri 10/25/2024	10:20:54.81	slevin14  
Login	Fri 10/25/2024	10:49:24.46	sgoel17 	
Logoff	Fri 10/25/2024	11:03:20.51	sgoel17  
Login	Fri 10/25/2024	14:57:59.07	ssamaha1 	
Logoff	Fri 10/25/2024	17:26:28.53	ssamaha1  
Login	Fri 10/25/2024	18:32:18.07	edukemoe 	
Logoff	Fri 10/25/2024	18:50:04.04	edukemoe  
Login	Sat 10/26/2024	15:39:34.98	jjoneill 	
Logoff	Sat 10/26/2024	18:31:50.58	jjoneill  
Login	Thu 10/31/2024	16:05:44.61	wtvo 	
Logoff	Thu 10/31/2024	19:26:06.13	wtvo  
Login	Thu 10/31/2024	19:38:36.81	jpien 	
Logoff	Thu 10/31/2024	20:15:28.53	jpien  
Login	Sun 11/03/2024	16:00:05.92	mgyee 	
Logoff	Sun 11/03/2024	17:49:08.32	mgyee  
Login	Sun 11/03/2024	20:10:02.48	tcseidel 	
Logoff	Mon 11/04/2024	 2:00:34.22	tcseidel  
Login	Mon 11/04/2024	13:44:13.44	tcseidel 	
Logoff	Mon 11/04/2024	14:07:28.60	tcseidel  
Login	Mon 11/04/2024	16:20:41.40	jnwosu 	
Logoff	Mon 11/04/2024	18:58:24.05	jnwosu  
Login	Tue 11/05/2024	17:55:39.27	yvora 	
Logoff	Tue 11/05/2024	19:05:00.68	yvora  
