Login	Mon 09/09/2024	11:24:31.47	nhinton 	
Logoff	Mon 09/09/2024	12:03:40.60	nhinton  
Login	Thu 09/12/2024	15:10:21.96	abuzzi 	
Logoff	Thu 09/12/2024	16:09:33.57	abuzzi  
Login	Thu 09/12/2024	16:33:45.49	abuzzi 	
Logoff	Thu 09/12/2024	17:21:36.67	abuzzi  
Login	Thu 09/12/2024	17:34:22.41	abuzzi 	
Logoff	Thu 09/12/2024	18:53:26.03	abuzzi  
Login	Fri 09/13/2024	 9:23:00.28	nhinton 	
Logoff	Fri 09/13/2024	10:09:15.62	nhinton  
Login	Tue 09/17/2024	13:28:57.73	cgabbard 	
Logoff	Tue 09/17/2024	14:13:52.89	cgabbard  
Login	Thu 09/19/2024	12:48:54.83	nhinton 	
Login	Thu 09/19/2024	13:30:05.35	abuzzi 	
Logoff	Thu 09/19/2024	13:53:42.13	nhinton  
Logoff	Thu 09/19/2024	14:25:42.13	abuzzi  
Login	Thu 09/19/2024	15:00:25.16	nhinton 	
Logoff	Thu 09/19/2024	17:20:51.15	nhinton  
Login	Mon 09/23/2024	13:07:30.93	nhinton 	
Logoff	Mon 09/23/2024	14:35:28.32	nhinton  
Login	Mon 09/23/2024	16:35:02.03	nhinton 	
Logoff	Mon 09/23/2024	17:07:38.94	nhinton  
Login	Tue 09/24/2024	13:01:15.51	nhinton 	
Logoff	Tue 09/24/2024	13:45:21.97	nhinton  
Login	Tue 09/24/2024	13:54:44.26	nhinton 	
Logoff	Tue 09/24/2024	14:25:47.07	nhinton  
Login	Wed 09/25/2024	14:26:43.75	nhinton 	
Logoff	Wed 09/25/2024	17:21:57.44	nhinton  
Login	Thu 09/26/2024	10:02:12.23	nhinton 	
Logoff	Thu 09/26/2024	11:06:38.54	nhinton  
Login	Thu 09/26/2024	16:23:30.08	nhinton 	
Logoff	Thu 09/26/2024	17:26:09.78	nhinton  
Login	Mon 09/30/2024	 9:55:07.88	cgabbard 	
Logoff	Mon 09/30/2024	10:43:58.92	cgabbard  
Login	Thu 10/03/2024	17:23:48.31	abuzzi 	
Logoff	Thu 10/03/2024	20:06:25.74	abuzzi  
Login	Fri 10/04/2024	14:11:34.99	abuzzi 	
Logoff	Fri 10/04/2024	15:14:45.00	abuzzi  
Login	Fri 10/04/2024	15:40:33.83	abuzzi 	
Logoff	Fri 10/04/2024	16:29:39.63	abuzzi  
Login	Mon 10/07/2024	 9:35:16.11	nhinton 	
Logoff	Mon 10/07/2024	10:08:08.80	nhinton  
Login	Tue 10/08/2024	 2:06:52.39	abuzzi 	
Logoff	Tue 10/08/2024	 2:49:59.54	abuzzi  
Login	Tue 10/08/2024	10:53:13.79	abuzzi 	
Logoff	Tue 10/08/2024	12:15:05.27	abuzzi  
Login	Wed 10/09/2024	16:56:45.53	nhinton 	
Logoff	Wed 10/09/2024	17:32:13.80	nhinton  
Login	Thu 10/10/2024	10:19:37.61	nhinton 	
Logoff	Thu 10/10/2024	12:52:30.60	nhinton  
Login	Thu 10/10/2024	19:14:35.56	abuzzi 	
Logoff	Thu 10/10/2024	20:24:06.55	abuzzi  
Login	Mon 10/21/2024	13:32:35.32	nhinton 	
Logoff	Mon 10/21/2024	14:05:25.32	nhinton  
Login	Mon 10/21/2024	16:07:47.26	nhinton 	
Logoff	Mon 10/21/2024	17:24:50.51	nhinton  
Login	Wed 10/23/2024	16:35:19.43	hbutlerg 	
Logoff	Wed 10/23/2024	17:20:50.27	hbutlerg  
Login	Thu 10/24/2024	17:48:19.27	abuzzi 	
Logoff	Thu 10/24/2024	19:32:10.54	abuzzi  
Login	Fri 10/25/2024	14:36:22.35	hbutlerg 	
Logoff	Fri 10/25/2024	18:10:53.69	hbutlerg  
Login	Tue 10/29/2024	11:23:41.89	adm_wz36 	
Logoff	Tue 10/29/2024	11:33:05.91	adm_wz36  
Login	Tue 10/29/2024	11:54:32.83	adm_wz36 	
Logoff	Tue 10/29/2024	12:01:56.16	adm_wz36  
Login	Tue 10/29/2024	13:39:02.58	hbutlerg 	
Logoff	Tue 10/29/2024	14:37:08.22	hbutlerg  
Login	Wed 10/30/2024	12:39:19.84	adm_wz36 	
Logoff	Wed 10/30/2024	12:55:52.18	adm_wz36  
Login	Wed 10/30/2024	12:58:47.15	adm_wz36 	
Logoff	Wed 10/30/2024	14:28:45.51	adm_wz36  
Login	Wed 10/30/2024	14:32:05.45	adm_wz36 	
Logoff	Wed 10/30/2024	14:50:11.04	adm_wz36  
Login	Wed 10/30/2024	14:52:26.23	test095 	
Logoff	Wed 10/30/2024	14:57:51.44	test095  
Login	Wed 10/30/2024	16:08:42.60	hbutlerg 	
Logoff	Wed 10/30/2024	18:31:37.72	hbutlerg  
Login	Thu 10/31/2024	 9:54:39.60	adm_wz36 	
Logoff	Thu 10/31/2024	10:33:40.41	adm_wz36  
Login	Thu 10/31/2024	18:00:05.11	hbutlerg 	
Logoff	Thu 10/31/2024	19:37:42.02	hbutlerg  
Login	Thu 10/31/2024	22:13:23.31	abuzzi 	
Logoff	Fri 11/01/2024	 1:49:38.94	abuzzi  
Login	Fri 11/01/2024	13:35:47.48	pwagenkn 	
Logoff	Fri 11/01/2024	14:06:08.23	pwagenkn  
Login	Mon 11/04/2024	12:55:42.67	hbutlerg 	
Logoff	Mon 11/04/2024	14:15:07.34	hbutlerg  
Login	Mon 11/04/2024	16:48:44.58	hbutlerg 	
Logoff	Mon 11/04/2024	17:38:51.98	hbutlerg  
Login	Tue 11/05/2024	12:36:17.43	hbutlerg 	
Logoff	Tue 11/05/2024	14:14:52.02	hbutlerg  
