Login	Tue 09/17/2024	11:16:36.59	schohmal 	
Logoff	Tue 09/17/2024	12:11:31.02	schohmal  
Login	Fri 09/20/2024	 9:01:08.86	adm_wz36 	
Logoff	Fri 09/20/2024	 9:16:42.72	adm_wz36  
Login	Fri 09/27/2024	 9:23:42.25	adm_aarruda2 	
Login	Fri 09/27/2024	17:56:21.68	kbarros 	
Logoff	Wed 10/09/2024	12:57:06.27	kbarros  
Login	Wed 10/09/2024	15:42:16.90	kbarros 	
Login	Thu 10/10/2024	18:51:53.78	mjayawee 	
Login	Thu 10/17/2024	11:24:47.71	awoertz 	
Login	Thu 10/17/2024	19:16:43.83	zlenguye 	
Logoff	Thu 10/17/2024	19:29:03.43	zlenguye  
Login	Thu 10/24/2024	11:28:26.98	raserran 	
Logoff	Thu 10/24/2024	13:54:00.30	raserran  
Logoff	Thu 10/24/2024	13:54:43.34	awoertz  
Logoff	Thu 10/24/2024	13:54:43.82	adm_aarruda2  
Logoff	Thu 10/24/2024	13:54:44.38	kbarros  
Login	Thu 10/31/2024	14:54:07.77	xlee3 	
Login	Fri 11/01/2024	10:32:04.40	adm_wz36 	
Logoff	Fri 11/01/2024	10:36:35.35	xlee3  
Logoff	Fri 11/01/2024	10:37:11.11	adm_wz36  
Login	Mon 11/04/2024	16:56:27.11	mander59 	
Logoff	Mon 11/04/2024	18:55:20.68	mander59  
