Login	Sun 09/29/2024	16:11:16.73	jhu95 	
Logoff	Sun 09/29/2024	17:38:42.19	jhu95  
Login	Thu 10/03/2024	12:27:50.16	slopezlu 	
Logoff	Thu 10/03/2024	17:00:20.32	slopezlu  
Login	Sat 10/05/2024	16:16:54.47	dvtruong 	
Logoff	Sat 10/05/2024	17:53:05.94	dvtruong  
Login	Mon 10/07/2024	16:25:44.43	edukemoe 	
Logoff	Mon 10/07/2024	16:31:13.63	edukemoe  
Login	Mon 10/07/2024	16:33:00.59	edukemoe 	
Logoff	Mon 10/07/2024	17:52:19.82	edukemoe  
Login	Tue 10/08/2024	15:53:19.85	ideliona 	
Logoff	Tue 10/08/2024	19:07:41.94	ideliona  
Login	Wed 10/09/2024	17:16:38.04	tcseidel 	
Logoff	Wed 10/09/2024	19:20:31.09	tcseidel  
Login	Thu 10/10/2024	17:19:36.05	slopezlu 	
Logoff	Thu 10/10/2024	19:58:56.59	slopezlu  
Login	Fri 10/11/2024	16:37:41.29	slopezlu 	
Logoff	Fri 10/11/2024	17:08:54.59	slopezlu  
Login	Fri 10/11/2024	17:58:52.49	jpien 	
Logoff	Fri 10/11/2024	18:45:52.64	jpien  
Login	Fri 10/11/2024	18:55:33.37	jpien 	
Logoff	Fri 10/11/2024	19:34:17.30	jpien  
Login	Fri 10/11/2024	20:10:32.54	myousse2 	
Logoff	Fri 10/11/2024	21:27:48.50	myousse2  
Login	Tue 10/15/2024	13:05:23.16	slopezlu 	
Logoff	Tue 10/15/2024	13:55:37.24	slopezlu  
Login	Tue 10/15/2024	15:55:17.95	edukemoe 	
Logoff	Tue 10/15/2024	17:16:34.05	edukemoe  
Login	Wed 10/16/2024	15:22:33.17	mogoldsm 	
Logoff	Wed 10/16/2024	17:38:27.54	mogoldsm  
Login	Thu 10/17/2024	15:53:45.11	mogoldsm 	
Logoff	Thu 10/17/2024	16:23:15.92	mogoldsm  
Login	Fri 10/18/2024	10:49:00.76	jrendon 	
Logoff	Fri 10/18/2024	10:57:14.71	jrendon  
Login	Fri 10/18/2024	16:21:59.85	avelazq5 	
Logoff	Fri 10/18/2024	17:51:26.50	avelazq5  
Login	Sat 10/19/2024	15:30:08.49	avelazq5 	
Logoff	Sat 10/19/2024	16:23:19.20	avelazq5  
Login	Mon 10/21/2024	15:18:51.10	dvtruong 	
Logoff	Mon 10/21/2024	16:08:40.97	dvtruong  
Login	Mon 10/21/2024	18:27:39.27	ideliona 	
Logoff	Mon 10/21/2024	20:07:53.50	ideliona  
Login	Tue 10/22/2024	16:09:47.87	ideliona 	
Logoff	Tue 10/22/2024	20:05:59.68	ideliona  
Login	Wed 10/23/2024	10:53:38.11	ideliona 	
Logoff	Wed 10/23/2024	12:04:52.47	ideliona  
Login	Wed 10/23/2024	16:59:40.45	ideliona 	
Logoff	Wed 10/23/2024	17:13:01.02	ideliona  
Login	Wed 10/23/2024	17:27:43.37	aromer14 	
Logoff	Wed 10/23/2024	17:41:47.04	aromer14  
Login	Wed 10/23/2024	17:46:20.55	dkearlen 	
Logoff	Wed 10/23/2024	18:47:07.01	dkearlen  
Login	Thu 10/24/2024	16:20:07.47	odheng 	
Logoff	Thu 10/24/2024	20:04:10.45	odheng  
Login	Fri 10/25/2024	11:43:37.77	jrendon 	
Logoff	Fri 10/25/2024	11:44:58.44	jrendon  
Login	Sat 10/26/2024	10:39:02.21	kforman1 	
Logoff	Sat 10/26/2024	11:35:57.13	kforman1  
Login	Sat 10/26/2024	16:40:33.13	rmhossai 	
Logoff	Sat 10/26/2024	18:22:35.11	rmhossai  
Login	Sat 11/02/2024	12:06:15.95	ideliona 	
Logoff	Sat 11/02/2024	13:31:47.71	ideliona  
Login	Sat 11/02/2024	14:03:56.12	mogoldsm 	
Logoff	Sat 11/02/2024	16:32:47.24	mogoldsm  
Login	Mon 11/04/2024	15:03:46.07	abousque 	
Logoff	Mon 11/04/2024	16:19:29.77	abousque  
Login	Mon 11/04/2024	16:40:53.73	pgupta27 	
Logoff	Mon 11/04/2024	17:13:54.39	pgupta27  
Login	Mon 11/04/2024	17:31:38.34	abousque 	
Logoff	Mon 11/04/2024	19:50:29.86	abousque  
Login	Mon 11/04/2024	20:03:47.62	yliu811 	
Logoff	Mon 11/04/2024	20:17:51.31	yliu811  
Login	Tue 11/05/2024	13:12:21.51	glemaste 	
Logoff	Tue 11/05/2024	17:11:28.34	glemaste  
Login	Tue 11/05/2024	18:39:14.87	dvtruong 	
Logoff	Tue 11/05/2024	21:03:13.02	dvtruong  
Login	Tue 11/05/2024	21:15:47.71	gwang52 	
Logoff	Tue 11/05/2024	22:51:45.84	gwang52  
