Login	Tue 10/08/2024	16:25:33.48	yliu811 	
Logoff	Tue 10/08/2024	18:12:22.39	yliu811  
Login	Wed 10/09/2024	16:56:41.33	mfulop 	
Logoff	Wed 10/09/2024	19:05:31.45	mfulop  
Login	Fri 10/11/2024	17:04:42.19	mgyee 	
Logoff	Fri 10/11/2024	18:08:27.92	mgyee  
Login	Sat 10/12/2024	16:05:41.16	dvtruong 	
Logoff	Sat 10/12/2024	17:31:07.26	dvtruong  
Login	Wed 10/16/2024	15:46:11.64	mdodd2 	
Logoff	Wed 10/16/2024	19:05:20.19	mdodd2  
Login	Thu 10/17/2024	12:06:45.45	mfulop 	
Logoff	Thu 10/17/2024	14:26:30.02	mfulop  
Login	Thu 10/17/2024	17:10:07.66	yvora 	
Logoff	Thu 10/17/2024	19:56:37.88	yvora  
Login	Sun 10/20/2024	16:12:21.31	yliu811 	
Logoff	Sun 10/20/2024	18:33:14.60	yliu811  
Login	Mon 10/21/2024	19:20:28.28	mdodd2 	
Logoff	Mon 10/21/2024	20:25:20.65	mdodd2  
Login	Tue 10/22/2024	11:50:02.20	mdodd2 	
Logoff	Tue 10/22/2024	13:01:56.62	mdodd2  
Login	Tue 10/22/2024	14:35:43.57	mdodd2 	
Logoff	Tue 10/22/2024	17:00:25.38	mdodd2  
Login	Wed 10/23/2024	17:58:59.10	aromer14 	
Logoff	Wed 10/23/2024	18:08:12.36	aromer14  
Login	Thu 10/24/2024	19:18:58.03	aromer14 	
Logoff	Thu 10/24/2024	19:23:16.76	aromer14  
Login	Fri 10/25/2024	17:32:41.86	slopezlu 	
Logoff	Fri 10/25/2024	20:03:25.08	slopezlu  
Login	Sat 10/26/2024	16:14:10.47	slopezlu 	
Logoff	Sat 10/26/2024	17:50:21.46	slopezlu  
Login	Sun 11/03/2024	13:10:50.16	mdodd2 	
Logoff	Sun 11/03/2024	14:48:03.88	mdodd2  
Login	Sun 11/03/2024	16:04:21.00	ideliona 	
Logoff	Sun 11/03/2024	18:09:31.99	ideliona  
Login	Mon 11/04/2024	13:58:06.30	ideliona 	
Logoff	Mon 11/04/2024	14:19:03.94	ideliona  
Login	Mon 11/04/2024	15:07:55.59	yliu811 	
Logoff	Mon 11/04/2024	15:08:06.90	yliu811  
Login	Mon 11/04/2024	15:20:19.28	yliu811 	
Logoff	Mon 11/04/2024	17:26:45.48	yliu811  
Login	Mon 11/04/2024	17:39:03.36	jhu95 	
Logoff	Mon 11/04/2024	18:20:33.18	jhu95  
Login	Wed 11/06/2024	14:00:27.04	vgokhale 	
