Login	Fri 09/13/2024	16:28:35.52	mrbrough 	
Logoff	Fri 09/13/2024	16:56:50.38	mrbrough  
Login	Wed 10/02/2024	17:48:07.61	skim681 	
Logoff	Wed 10/02/2024	19:01:40.21	skim681  
Login	Wed 10/02/2024	22:24:39.41	skim681 	
Logoff	Wed 10/02/2024	23:46:24.88	skim681  
Login	Thu 10/03/2024	16:07:18.94	skim681 	
Logoff	Thu 10/03/2024	21:28:51.42	skim681  
Login	Fri 10/04/2024	10:00:54.08	skim681 	
Logoff	Fri 10/04/2024	10:49:06.45	skim681  
Login	Fri 10/04/2024	13:15:17.31	jgonz113 	
Logoff	Fri 10/04/2024	17:28:24.99	jgonz113  
Login	Tue 10/15/2024	 9:21:05.60	jlee1108 	
Logoff	Tue 10/15/2024	11:11:16.32	jlee1108  
Login	Tue 10/15/2024	16:10:49.69	skim681 	
Logoff	Tue 10/15/2024	17:50:09.31	skim681  
Login	Sun 10/27/2024	12:32:12.03	skim681 	
Logoff	Sun 10/27/2024	14:28:37.37	skim681  
Logoff	Sun 10/27/2024	19:19:39.44	skim681  
Login	Thu 10/31/2024	10:32:01.40	jlee1108 	
Logoff	Thu 10/31/2024	11:41:39.57	jlee1108  
Login	Mon 11/04/2024	12:37:56.45	skim681 	
Logoff	Mon 11/04/2024	14:19:07.26	skim681  
Login	Mon 11/04/2024	15:10:54.38	skim681 	
Logoff	Mon 11/04/2024	20:04:19.43	skim681  
