Login	Sat 09/28/2024	20:55:25.22	sgoel17 	
Logoff	Sat 09/28/2024	22:06:40.74	sgoel17  
Login	Thu 10/03/2024	13:16:33.97	sgoel17 	
Logoff	Thu 10/03/2024	13:28:30.60	sgoel17  
Login	Thu 10/03/2024	13:30:51.85	sgoel17 	
Logoff	Thu 10/03/2024	14:25:46.87	sgoel17  
Login	Thu 10/03/2024	16:11:59.37	sgoel17 	
Logoff	Thu 10/03/2024	18:07:21.24	sgoel17  
Login	Fri 10/04/2024	17:07:18.06	mgyee 	
Logoff	Fri 10/04/2024	18:13:13.30	mgyee  
Login	Fri 10/04/2024	20:58:09.38	sgoel17 	
Logoff	Fri 10/04/2024	22:07:31.60	sgoel17  
Login	Tue 10/08/2024	18:25:04.23	tgordon4 	
Logoff	Tue 10/08/2024	19:24:55.01	tgordon4  
Login	Wed 10/09/2024	17:04:21.84	nmodugul 	
Logoff	Wed 10/09/2024	19:15:10.88	nmodugul  
Login	Thu 10/10/2024	10:54:52.44	wtvo 	
Logoff	Thu 10/10/2024	11:00:34.49	wtvo  
Login	Fri 10/11/2024	14:27:04.43	sgoel17 	
Logoff	Fri 10/11/2024	18:09:28.24	sgoel17  
Login	Wed 10/16/2024	16:14:25.51	amanger 	
Logoff	Wed 10/16/2024	16:17:42.70	amanger  
Login	Wed 10/16/2024	21:27:06.00	sgoel17 	
Logoff	Wed 10/16/2024	22:14:05.23	sgoel17  
Login	Thu 10/17/2024	16:07:00.60	edukemoe 	
Logoff	Thu 10/17/2024	17:05:59.35	edukemoe  
Login	Thu 10/17/2024	17:20:02.73	sakelly 	
Logoff	Thu 10/17/2024	19:07:49.46	sakelly  
Login	Mon 10/21/2024	16:03:23.96	wtvo 	
Logoff	Mon 10/21/2024	20:07:15.46	wtvo  
Login	Tue 10/22/2024	13:38:54.80	wtvo 	
Logoff	Tue 10/22/2024	14:26:51.14	wtvo  
Login	Tue 10/22/2024	15:55:45.52	wtvo 	
Logoff	Tue 10/22/2024	20:05:23.72	wtvo  
Login	Wed 10/23/2024	17:41:55.17	wtvo 	
Logoff	Wed 10/23/2024	18:53:40.06	wtvo  
Login	Thu 10/24/2024	18:08:45.31	slevin14 	
Logoff	Thu 10/24/2024	18:26:38.29	slevin14  
Login	Sat 10/26/2024	16:31:01.12	mdalbo 	
Logoff	Sat 10/26/2024	16:33:49.06	mdalbo  
Login	Tue 10/29/2024	12:06:17.35	adm_aarruda2 	
Logoff	Tue 10/29/2024	12:07:14.44	adm_aarruda2  
Login	Tue 10/29/2024	15:13:55.86	sgoel17 	
Logoff	Tue 10/29/2024	15:51:28.06	sgoel17  
Login	Wed 10/30/2024	15:25:47.29	adm_aarruda2 	
Logoff	Wed 10/30/2024	15:26:36.29	adm_aarruda2  
Login	Wed 10/30/2024	15:26:53.33	aarruda2 	
Login	Fri 11/01/2024	14:12:30.69	wtvo 	
Logoff	Fri 11/01/2024	14:13:05.49	wtvo  
Login	Fri 11/01/2024	14:17:20.10	wtvo 	
Logoff	Fri 11/01/2024	15:59:41.91	wtvo  
Login	Sat 11/02/2024	17:26:06.98	sgoel17 	
Logoff	Sat 11/02/2024	19:43:38.06	sgoel17  
Login	Mon 11/04/2024	13:52:23.73	wtvo 	
Logoff	Mon 11/04/2024	19:42:13.13	wtvo  
Login	Tue 11/05/2024	13:10:44.05	wtvo 	
Logoff	Tue 11/05/2024	15:18:32.94	wtvo  
Login	Tue 11/05/2024	16:44:08.18	vgokhale 	
Logoff	Tue 11/05/2024	19:59:25.13	vgokhale  
