Logoff	Fri 09/06/2024	12:17:07.29	brlyons  
Login	Fri 09/06/2024	13:16:53.16	brlyons 	
Logoff	Fri 09/06/2024	14:16:25.23	brlyons  
Login	Fri 09/06/2024	14:17:10.21	brlyons 	
Login	Thu 09/19/2024	14:08:49.27	espilker 	
Logoff	Thu 09/19/2024	14:52:10.83	espilker  
Login	Thu 09/19/2024	14:52:42.87	espilker 	
Logoff	Thu 09/19/2024	17:23:23.00	espilker  
Logoff	Fri 09/20/2024	13:46:54.77	brlyons  
Login	Sat 09/21/2024	11:25:22.27	rirani 	
Logoff	Sat 09/21/2024	12:19:18.90	rirani  
Login	Sat 09/21/2024	12:19:59.76	rirani 	
Logoff	Sat 09/21/2024	13:10:05.18	rirani  
Login	Sat 09/21/2024	15:00:45.39	Rirani 	
Logoff	Sat 09/21/2024	16:51:54.85	Rirani  
Login	Mon 09/23/2024	13:04:16.59	espilker 	
Logoff	Fri 09/27/2024	15:19:51.45	espilker  
Login	Mon 09/30/2024	12:32:37.93	rrasquin 	
Logoff	Mon 09/30/2024	13:35:50.81	rrasquin  
Login	Tue 10/01/2024	 9:41:11.07	brlyons 	
Login	Wed 10/02/2024	20:06:36.07	rrasquin 	
Logoff	Wed 10/02/2024	20:18:56.37	rrasquin  
Login	Wed 10/02/2024	20:19:16.56	rrasquin 	
Logoff	Wed 10/02/2024	20:27:43.77	rrasquin  
Login	Wed 10/02/2024	20:28:08.77	rrasquin 	
Logoff	Wed 10/02/2024	21:51:39.87	rrasquin  
Login	Thu 10/03/2024	12:47:26.06	engdeswk 	
Logoff	Thu 10/03/2024	12:52:01.21	engdeswk  
Logoff	Thu 10/03/2024	14:17:19.35	brlyons  
Login	Thu 10/03/2024	14:17:45.23	brlyons 	
Logoff	Thu 10/03/2024	14:51:15.81	brlyons  
Login	Thu 10/03/2024	15:08:45.16	engdeswk 	
Login	Sun 10/06/2024	14:38:14.62	espilker 	
Login	Tue 10/08/2024	13:54:55.06	brlyons 	
Logoff	Tue 10/08/2024	13:56:53.20	brlyons  
Login	Thu 10/10/2024	21:09:12.27	rirani 	
Logoff	Fri 10/11/2024	 0:55:00.56	rirani  
Login	Sat 10/12/2024	10:44:08.63	rirani 	
Logoff	Sat 10/12/2024	17:19:52.86	rirani  
Logoff	Sat 10/12/2024	17:19:56.17	espilker  
Logoff	Sat 10/12/2024	17:19:56.66	engdeswk  
Login	Sun 10/13/2024	13:09:47.40	espilker 	
Logoff	Sun 10/13/2024	13:23:45.20	espilker  
Login	Sun 10/13/2024	13:31:28.65	espilker 	
Logoff	Sun 10/13/2024	20:07:14.05	espilker  
Login	Tue 10/15/2024	10:51:50.86	espilker 	
Logoff	Tue 10/15/2024	14:39:02.40	espilker  
Login	Tue 10/15/2024	19:46:20.81	lrhoads 	
Logoff	Tue 10/15/2024	22:04:16.15	lrhoads  
Login	Wed 10/16/2024	19:56:58.60	lrhoads 	
Logoff	Wed 10/16/2024	22:04:58.16	lrhoads  
Login	Thu 10/17/2024	19:35:16.85	lrhoads 	
Logoff	Fri 10/18/2024	11:45:57.24	lrhoads  
Login	Fri 10/18/2024	16:01:01.71	rirani 	
Logoff	Fri 10/18/2024	17:28:29.95	rirani  
Login	Sat 10/19/2024	11:43:44.42	nmtwa 	
Logoff	Sat 10/19/2024	12:35:04.61	nmtwa  
Login	Tue 10/22/2024	19:50:54.84	cscase 	
Logoff	Tue 10/22/2024	21:09:19.51	cscase  
Login	Sat 10/26/2024	14:48:37.83	rirani 	
Logoff	Sat 10/26/2024	19:58:37.53	rirani  
Login	Mon 10/28/2024	14:01:00.15	lrhoads 	
Logoff	Mon 10/28/2024	16:27:20.37	lrhoads  
Login	Wed 10/30/2024	16:34:36.45	lrhoads 	
Logoff	Wed 10/30/2024	22:14:02.80	lrhoads  
Login	Thu 10/31/2024	14:45:36.18	lrhoads 	
Logoff	Thu 10/31/2024	18:43:35.49	lrhoads  
Login	Thu 10/31/2024	18:47:29.81	lrhoads 	
Logoff	Fri 11/01/2024	 0:26:55.24	lrhoads  
Login	Fri 11/01/2024	12:08:32.16	lrhoads 	
Logoff	Fri 11/01/2024	19:16:35.19	lrhoads  
Login	Sat 11/02/2024	11:12:49.82	kaggarw7 	
Logoff	Sat 11/02/2024	14:24:17.36	kaggarw7  
Login	Sun 11/03/2024	18:10:14.41	rrasquin 	
Logoff	Sun 11/03/2024	19:46:26.67	rrasquin  
