Login	Thu 09/26/2024	17:35:42.55	jhu95 	
Logoff	Thu 09/26/2024	20:10:02.68	jhu95  
Login	Sat 10/05/2024	16:08:50.46	sgoel17 	
Logoff	Sat 10/05/2024	18:05:35.62	sgoel17  
Login	Tue 10/08/2024	16:55:43.06	sakelly 	
Logoff	Tue 10/08/2024	17:13:18.55	sakelly  
Login	Tue 10/08/2024	17:15:29.22	sakelly 	
Logoff	Tue 10/08/2024	18:26:18.41	sakelly  
Login	Tue 10/08/2024	18:40:32.72	jjoneill 	
Logoff	Tue 10/08/2024	20:26:06.42	jjoneill  
Login	Wed 10/09/2024	14:57:05.95	sakelly 	
Logoff	Wed 10/09/2024	17:58:32.85	sakelly  
Login	Fri 10/11/2024	16:37:56.47	slevin14 	
Logoff	Fri 10/11/2024	20:03:54.86	slevin14  
Login	Sat 10/12/2024	19:29:08.78	mgyee 	
Logoff	Sat 10/12/2024	21:12:06.67	mgyee  
Login	Sun 10/13/2024	15:31:10.08	sgoel17 	
Logoff	Sun 10/13/2024	17:10:31.46	sgoel17  
Login	Tue 10/15/2024	16:49:52.31	dkearlen 	
Logoff	Tue 10/15/2024	19:29:53.53	dkearlen  
Login	Wed 10/16/2024	18:39:43.87	myousse2 	
Logoff	Wed 10/16/2024	19:52:43.09	myousse2  
Login	Thu 10/17/2024	12:11:20.57	sgoel17 	
Logoff	Thu 10/17/2024	14:27:05.72	sgoel17  
Login	Thu 10/17/2024	15:58:48.64	ssamaha1 	
Logoff	Thu 10/17/2024	18:05:45.64	ssamaha1  
Login	Thu 10/17/2024	18:40:50.72	ssamaha1 	
Logoff	Thu 10/17/2024	20:48:19.85	ssamaha1  
Login	Sat 10/19/2024	19:51:02.06	sgoel17 	
Logoff	Sat 10/19/2024	21:34:47.52	sgoel17  
Login	Sun 10/20/2024	14:53:01.71	abousque 	
Logoff	Sun 10/20/2024	17:17:33.30	abousque  
Login	Tue 10/22/2024	12:34:26.06	sakelly 	
Logoff	Tue 10/22/2024	13:28:18.16	sakelly  
Login	Tue 10/22/2024	16:55:26.41	cliu294 	
Logoff	Tue 10/22/2024	16:58:35.93	cliu294  
Login	Tue 10/22/2024	19:13:24.73	vgokhale 	
Logoff	Tue 10/22/2024	19:50:40.35	vgokhale  
Login	Wed 10/23/2024	16:13:15.51	ssamaha1 	
Logoff	Wed 10/23/2024	19:24:12.12	ssamaha1  
Login	Wed 10/23/2024	20:49:37.72	myousse2 	
Logoff	Wed 10/23/2024	23:35:44.75	myousse2  
Login	Thu 10/24/2024	14:20:50.24	anarsipu 	
Logoff	Thu 10/24/2024	14:21:31.80	anarsipu  
Login	Thu 10/24/2024	14:23:28.87	anarsipu 	
Logoff	Thu 10/24/2024	14:23:41.51	anarsipu  
Login	Thu 10/24/2024	14:25:31.89	anarsipu 	
Logoff	Thu 10/24/2024	14:25:44.82	anarsipu  
Login	Thu 10/24/2024	15:53:42.52	myousse2 	
Logoff	Thu 10/24/2024	16:19:09.75	myousse2  
Login	Thu 10/24/2024	16:34:31.73	edukemoe 	
Logoff	Thu 10/24/2024	17:04:29.60	edukemoe  
Login	Thu 10/24/2024	17:30:57.57	jrendon 	
Logoff	Thu 10/24/2024	17:54:04.58	jrendon  
Login	Thu 10/24/2024	18:04:17.78	tgordon4 	
Logoff	Thu 10/24/2024	18:11:17.82	tgordon4  
Login	Thu 10/24/2024	19:43:53.33	mbucci 	
Logoff	Thu 10/24/2024	20:19:49.63	mbucci  
Login	Fri 11/01/2024	16:40:32.02	jhu95 	
Logoff	Fri 11/01/2024	20:08:15.75	jhu95  
Login	Sun 11/03/2024	15:32:59.94	jjoneill 	
Logoff	Sun 11/03/2024	19:30:31.77	jjoneill  
Login	Mon 11/04/2024	10:52:46.61	jjoneill 	
Logoff	Mon 11/04/2024	12:56:21.05	jjoneill  
Login	Mon 11/04/2024	13:52:50.50	jjoneill 	
Logoff	Mon 11/04/2024	18:08:32.22	jjoneill  
Login	Mon 11/04/2024	20:09:28.29	glemaste 	
Logoff	Mon 11/04/2024	22:11:50.51	glemaste  
