Login	Mon 09/09/2024	 8:07:52.89	hgarces 	
Logoff	Mon 09/09/2024	16:53:57.59	hgarces  
Login	Tue 09/10/2024	 8:09:14.48	hgarces 	
Logoff	Tue 09/10/2024	16:50:08.02	hgarces  
Login	Wed 09/11/2024	 8:09:39.97	hgarces 	
Logoff	Wed 09/11/2024	16:52:35.97	hgarces  
Login	Thu 09/12/2024	 8:00:31.67	hgarces 	
Logoff	Thu 09/12/2024	16:50:31.85	hgarces  
Login	Fri 09/13/2024	 8:00:30.24	hgarces 	
Logoff	Fri 09/13/2024	16:47:45.53	hgarces  
Login	Mon 09/16/2024	 8:07:05.24	hgarces 	
Logoff	Mon 09/16/2024	16:46:56.69	hgarces  
Login	Tue 09/17/2024	 7:58:24.62	hgarces 	
Logoff	Tue 09/17/2024	16:52:10.46	hgarces  
Login	Wed 09/18/2024	 8:16:06.96	hgarces 	
Logoff	Wed 09/18/2024	16:50:51.75	hgarces  
Login	Thu 09/19/2024	 8:05:35.18	hgarces 	
Logoff	Thu 09/19/2024	16:41:23.95	hgarces  
Login	Fri 09/20/2024	 8:11:34.85	hgarces 	
Logoff	Fri 09/20/2024	16:39:27.53	hgarces  
Login	Mon 09/23/2024	 8:04:52.58	hgarces 	
Logoff	Mon 09/23/2024	16:24:34.92	hgarces  
Login	Tue 09/24/2024	 8:01:24.10	hgarces 	
Logoff	Tue 09/24/2024	16:44:15.52	hgarces  
Login	Wed 09/25/2024	 7:59:56.43	hgarces 	
Logoff	Wed 09/25/2024	16:37:57.99	hgarces  
Login	Thu 09/26/2024	 8:03:31.30	hgarces 	
Logoff	Thu 09/26/2024	16:43:45.53	hgarces  
Login	Fri 09/27/2024	 8:00:59.62	hgarces 	
Logoff	Fri 09/27/2024	16:48:40.59	hgarces  
Login	Mon 09/30/2024	 8:12:29.06	hgarces 	
Logoff	Mon 09/30/2024	16:50:39.31	hgarces  
Login	Tue 10/01/2024	 8:06:07.37	hgarces 	
Logoff	Tue 10/01/2024	 8:07:48.26	hgarces  
Login	Tue 10/01/2024	 8:26:52.52	hgarces 	
Logoff	Tue 10/01/2024	16:49:51.33	hgarces  
Login	Wed 10/02/2024	 8:07:49.62	hgarces 	
Logoff	Wed 10/02/2024	16:43:56.73	hgarces  
Login	Thu 10/03/2024	 8:00:11.51	hgarces 	
Logoff	Thu 10/03/2024	16:46:44.26	hgarces  
Login	Fri 10/04/2024	 8:14:00.94	hgarces 	
Logoff	Fri 10/04/2024	16:55:50.13	hgarces  
Login	Mon 10/07/2024	 8:13:27.16	hgarces 	
Logoff	Mon 10/07/2024	16:52:03.42	hgarces  
Login	Tue 10/08/2024	 8:33:44.06	hgarces 	
Logoff	Tue 10/08/2024	16:44:13.86	hgarces  
Login	Wed 10/09/2024	 8:11:53.29	hgarces 	
Logoff	Wed 10/09/2024	16:47:34.41	hgarces  
Login	Thu 10/10/2024	 8:08:32.20	hgarces 	
Logoff	Thu 10/10/2024	16:43:56.63	hgarces  
Login	Fri 10/11/2024	 8:18:58.35	hgarces 	
Logoff	Fri 10/11/2024	16:47:35.98	hgarces  
Login	Tue 10/15/2024	 8:01:19.21	hgarces 	
Logoff	Tue 10/15/2024	16:44:57.44	hgarces  
Login	Wed 10/16/2024	 8:10:34.02	hgarces 	
Logoff	Wed 10/16/2024	16:51:34.07	hgarces  
Login	Thu 10/17/2024	 8:02:06.16	hgarces 	
Logoff	Thu 10/17/2024	16:53:12.98	hgarces  
Login	Fri 10/18/2024	 8:09:29.70	hgarces 	
Logoff	Fri 10/18/2024	16:51:43.25	hgarces  
Login	Mon 10/21/2024	 8:13:49.83	hgarces 	
Logoff	Mon 10/21/2024	16:51:38.75	hgarces  
Login	Tue 10/22/2024	 8:02:18.24	hgarces 	
Logoff	Tue 10/22/2024	16:51:06.24	hgarces  
Login	Wed 10/23/2024	 8:04:35.33	hgarces 	
Logoff	Wed 10/23/2024	16:44:16.57	hgarces  
Login	Thu 10/24/2024	 8:06:51.64	hgarces 	
Logoff	Thu 10/24/2024	16:57:28.17	hgarces  
Login	Fri 10/25/2024	 8:03:27.57	hgarces 	
Logoff	Fri 10/25/2024	17:32:29.56	hgarces  
Login	Mon 10/28/2024	 9:37:57.49	hgarces 	
Logoff	Mon 10/28/2024	16:34:55.68	hgarces  
Login	Tue 10/29/2024	 9:16:04.43	hgarces 	
Logoff	Tue 10/29/2024	16:50:01.59	hgarces  
Login	Wed 10/30/2024	 8:11:17.49	hgarces 	
Logoff	Wed 10/30/2024	10:55:56.67	hgarces  
Login	Wed 10/30/2024	11:05:04.73	hgarces 	
Logoff	Wed 10/30/2024	16:51:37.51	hgarces  
Login	Thu 10/31/2024	 8:02:34.99	hgarces 	
Logoff	Thu 10/31/2024	16:51:54.86	hgarces  
Login	Fri 11/01/2024	 8:06:10.87	hgarces 	
Logoff	Fri 11/01/2024	16:47:17.28	hgarces  
Login	Mon 11/04/2024	 8:05:28.14	hgarces 	
Logoff	Mon 11/04/2024	16:53:06.36	hgarces  
Login	Wed 11/06/2024	 7:44:46.78	hgarces 	
Login	Wed 11/06/2024	11:45:38.53	hgarces 	
