Login	Mon 09/16/2024	17:15:55.88	fwang70 	
Logoff	Mon 09/16/2024	18:31:46.54	fwang70  
Login	Mon 09/16/2024	19:12:16.83	raserran 	
Logoff	Mon 09/16/2024	19:45:40.71	raserran  
Login	Mon 09/16/2024	19:59:35.29	fikeda 	
Logoff	Mon 09/16/2024	20:16:03.65	fikeda  
Login	Tue 09/17/2024	10:17:55.44	nsmathew 	
Logoff	Tue 09/17/2024	11:24:06.88	nsmathew  
Login	Tue 09/17/2024	12:32:19.71	raserran 	
Logoff	Tue 09/17/2024	12:47:45.71	raserran  
Login	Wed 09/18/2024	 9:29:05.90	mander59 	
Logoff	Wed 09/18/2024	 9:56:51.32	mander59  
Login	Wed 09/18/2024	11:01:09.19	ktieku 	
Logoff	Wed 09/18/2024	11:14:44.67	ktieku  
Login	Thu 09/19/2024	 9:59:40.94	ktieku 	
Logoff	Thu 09/19/2024	11:05:16.74	ktieku  
Login	Thu 09/19/2024	11:08:41.25	fwang70 	
Login	Thu 09/19/2024	16:04:22.37	apher 	
Logoff	Thu 09/19/2024	17:19:53.81	apher  
Logoff	Thu 09/19/2024	17:19:59.18	fwang70  
Login	Thu 09/19/2024	17:27:58.09	sesch 	
Logoff	Thu 09/19/2024	18:14:09.61	sesch  
Login	Mon 09/23/2024	 9:10:25.56	etsahin 	
Logoff	Mon 09/23/2024	 9:57:10.75	etsahin  
Login	Mon 09/23/2024	17:28:05.31	epantigo 	
Login	Mon 09/23/2024	18:38:16.54	mogoldsm 	
Logoff	Mon 09/23/2024	20:03:33.82	mogoldsm  
Login	Tue 09/24/2024	10:41:57.46	zlenguye 	
Logoff	Tue 09/24/2024	11:32:47.51	zlenguye  
Login	Wed 09/25/2024	17:00:23.72	ljweng 	
Login	Thu 09/26/2024	19:33:35.96	ksugano1 	
Logoff	Thu 09/26/2024	19:36:06.08	ksugano1  
Login	Fri 09/27/2024	16:23:54.09	adm_aarruda2 	
Login	Mon 09/30/2024	17:06:56.60	mogoldsm 	
Logoff	Mon 09/30/2024	18:48:49.69	mogoldsm  
Login	Tue 10/01/2024	12:16:57.52	dkulzhan 	
Logoff	Tue 10/01/2024	12:31:07.87	dkulzhan  
Login	Thu 10/03/2024	15:57:34.99	dkulzhan 	
Logoff	Thu 10/03/2024	18:41:56.80	dkulzhan  
Login	Mon 10/07/2024	10:54:31.84	dkulzhan 	
Logoff	Mon 10/07/2024	12:11:25.91	dkulzhan  
Login	Mon 10/07/2024	13:42:13.13	aromer14 	
Logoff	Mon 10/07/2024	14:23:35.08	aromer14  
Logoff	Mon 10/07/2024	16:09:51.78	adm_aarruda2  
Logoff	Mon 10/07/2024	16:09:51.82	epantigo  
Logoff	Mon 10/07/2024	16:09:52.79	ljweng  
Login	Mon 10/07/2024	20:39:39.51	ktieku 	
Logoff	Mon 10/07/2024	21:02:35.76	ktieku  
Login	Tue 10/08/2024	12:07:13.74	aromer14 	
Logoff	Tue 10/08/2024	12:43:04.35	aromer14  
Login	Thu 10/10/2024	19:26:39.12	fgold 	
Logoff	Thu 10/10/2024	20:08:36.90	fgold  
Login	Sun 10/13/2024	15:14:55.40	dkulzhan 	
Logoff	Sun 10/13/2024	16:14:35.78	dkulzhan  
Login	Mon 10/14/2024	14:21:57.04	czhu65 	
Login	Mon 10/14/2024	15:42:43.34	aromer14 	
Logoff	Mon 10/14/2024	15:50:14.32	czhu65  
Logoff	Mon 10/14/2024	15:50:14.34	aromer14  
Login	Mon 10/14/2024	15:52:22.24	aromer14 	
Logoff	Mon 10/14/2024	16:41:14.14	aromer14  
Login	Mon 10/14/2024	16:45:25.28	aromer14 	
Logoff	Mon 10/14/2024	17:01:22.34	aromer14  
Login	Tue 10/15/2024	10:48:08.30	stolppi 	
Logoff	Tue 10/15/2024	12:16:10.60	stolppi  
Login	Tue 10/15/2024	12:18:25.03	aromer14 	
Logoff	Tue 10/15/2024	14:00:46.15	aromer14  
Login	Tue 10/15/2024	16:26:13.39	ketanaka 	
Logoff	Tue 10/15/2024	17:38:25.78	ketanaka  
Login	Wed 10/16/2024	11:01:41.78	awoertz 	
Logoff	Wed 10/16/2024	12:04:53.44	awoertz  
Login	Wed 10/16/2024	19:07:09.25	awoertz 	
Logoff	Wed 10/16/2024	20:52:59.67	awoertz  
Login	Thu 10/17/2024	10:15:42.92	stolppi 	
Logoff	Thu 10/17/2024	12:16:56.45	stolppi  
Login	Thu 10/17/2024	13:04:55.53	aromer14 	
Logoff	Thu 10/17/2024	15:58:09.79	aromer14  
Login	Fri 10/18/2024	11:13:51.55	aromer14 	
Logoff	Fri 10/18/2024	11:14:40.53	aromer14  
Login	Fri 10/18/2024	13:59:40.02	aromer14 	
Logoff	Fri 10/18/2024	14:47:10.05	aromer14  
Login	Fri 10/18/2024	15:24:09.55	awoertz 	
Login	Sun 10/20/2024	 9:23:32.19	epantigo 	
Login	Sun 10/20/2024	 9:57:18.11	dsmuk 	
Logoff	Sun 10/20/2024	11:19:49.16	dsmuk  
Login	Mon 10/21/2024	10:05:01.92	aromer14 	
Logoff	Mon 10/21/2024	10:22:49.96	aromer14  
Login	Mon 10/21/2024	10:28:12.37	czhu65 	
Login	Mon 10/21/2024	17:31:22.08	eherdes 	
Logoff	Mon 10/21/2024	19:13:34.93	eherdes  
Login	Tue 10/22/2024	11:33:23.52	mogoldsm 	
Logoff	Tue 10/22/2024	11:46:23.23	mogoldsm  
Login	Tue 10/22/2024	12:43:19.25	ktieku 	
Logoff	Tue 10/22/2024	12:55:39.23	ktieku  
Login	Thu 10/24/2024	10:42:45.35	ktieku 	
Logoff	Thu 10/24/2024	13:45:24.57	ktieku  
Login	Thu 10/24/2024	18:31:23.02	fgold 	
Login	Fri 10/25/2024	11:11:09.52	aromer14 	
Logoff	Fri 10/25/2024	12:01:59.13	aromer14  
Login	Fri 10/25/2024	15:11:23.34	ksugano1 	
Logoff	Fri 10/25/2024	15:57:22.69	ksugano1  
Login	Fri 10/25/2024	17:56:55.54	xlee3 	
Login	Sun 10/27/2024	14:42:43.96	jsemple 	
Logoff	Sun 10/27/2024	16:53:51.84	jsemple  
Login	Wed 10/30/2024	16:57:22.54	aromer14 	
Login	Thu 10/31/2024	15:37:41.01	dkulzhan 	
Login	Thu 10/31/2024	17:32:31.91	rbibiu 	
Login	Fri 11/01/2024	10:02:21.15	adm_wz36 	
Logoff	Fri 11/01/2024	10:07:29.80	dkulzhan  
Logoff	Fri 11/01/2024	10:07:29.94	adm_wz36  
Logoff	Fri 11/01/2024	10:07:33.01	epantigo  
Logoff	Fri 11/01/2024	10:07:34.35	awoertz  
Logoff	Fri 11/01/2024	10:07:38.66	xlee3  
Logoff	Fri 11/01/2024	10:07:39.54	czhu65  
Logoff	Fri 11/01/2024	10:07:39.87	fgold  
Logoff	Fri 11/01/2024	10:07:40.57	aromer14  
Logoff	Fri 11/01/2024	10:07:44.28	rbibiu  
Login	Fri 11/01/2024	10:14:05.84	adm_wz36 	
Logoff	Fri 11/01/2024	10:18:37.48	adm_wz36  
Login	Fri 11/01/2024	15:29:33.10	dkulzhan 	
Logoff	Fri 11/01/2024	15:31:30.06	dkulzhan  
Login	Sun 11/03/2024	11:10:35.01	ketanaka 	
Logoff	Sun 11/03/2024	11:35:20.78	ketanaka  
Login	Mon 11/04/2024	16:24:01.02	raserran 	
Logoff	Mon 11/04/2024	16:35:33.54	raserran  
Login	Mon 11/04/2024	16:43:39.72	tswillia 	
Login	Mon 11/04/2024	18:50:38.98	ntmichae 	
Logoff	Mon 11/04/2024	19:08:34.73	ntmichae  
Logoff	Mon 11/04/2024	22:19:55.36	tswillia  
Login	Tue 11/05/2024	13:24:33.07	aromer14 	
Logoff	Tue 11/05/2024	17:14:47.29	aromer14  
Login	Wed 11/06/2024	10:55:29.50	dkulzhan 	
Logoff	Wed 11/06/2024	12:28:58.53	dkulzhan  
