Login	Tue 09/24/2024	17:31:22.80	jherbst1 	
Logoff	Tue 09/24/2024	17:43:59.50	jherbst1  
Login	Fri 09/27/2024	14:47:13.37	avelazq5 	
Logoff	Fri 09/27/2024	15:54:24.39	avelazq5  
Login	Tue 10/08/2024	15:52:45.25	odheng 	
Logoff	Tue 10/08/2024	18:01:20.59	odheng  
Login	Tue 10/08/2024	18:36:38.38	aromer14 	
Logoff	Tue 10/08/2024	18:38:25.38	aromer14  
Login	Wed 10/09/2024	15:56:03.20	mogoldsm 	
Logoff	Wed 10/09/2024	15:56:14.57	mogoldsm  
Login	Wed 10/09/2024	15:57:56.85	mogoldsm 	
Logoff	Wed 10/09/2024	18:08:35.93	mogoldsm  
Login	Tue 10/15/2024	16:15:50.91	ideliona 	
Logoff	Tue 10/15/2024	18:18:54.14	ideliona  
Login	Wed 10/16/2024	15:22:46.18	odheng 	
Logoff	Wed 10/16/2024	18:36:07.96	odheng  
Login	Wed 10/16/2024	19:52:42.66	odheng 	
Logoff	Wed 10/16/2024	20:49:03.45	odheng  
Login	Thu 10/17/2024	16:07:55.39	odheng 	
Logoff	Thu 10/17/2024	17:56:12.34	odheng  
Login	Thu 10/17/2024	18:38:51.41	kforman1 	
Logoff	Thu 10/17/2024	19:47:58.00	kforman1  
Login	Mon 10/21/2024	17:57:49.00	pgupta27 	
Logoff	Mon 10/21/2024	18:46:02.33	pgupta27  
Login	Tue 10/22/2024	16:13:44.67	swang525 	
Logoff	Tue 10/22/2024	19:06:06.93	swang525  
Login	Wed 10/23/2024	12:01:03.43	ncavallo 	
Logoff	Wed 10/23/2024	12:31:05.71	ncavallo  
Login	Wed 10/23/2024	12:33:04.21	ncavallo 	
Logoff	Wed 10/23/2024	12:35:31.92	ncavallo  
Login	Wed 10/23/2024	17:51:16.99	yvora 	
Logoff	Wed 10/23/2024	18:06:09.14	yvora  
Login	Thu 10/24/2024	13:14:59.33	tlu44 	
Logoff	Thu 10/24/2024	15:27:30.52	tlu44  
Login	Fri 10/25/2024	14:26:51.81	dlara1 	
Logoff	Fri 10/25/2024	16:58:20.06	dlara1  
Login	Fri 10/25/2024	19:10:07.44	kforman1 	
Logoff	Fri 10/25/2024	20:21:49.20	kforman1  
Login	Sat 10/26/2024	16:33:06.01	mdalbo 	
Logoff	Sat 10/26/2024	16:33:49.09	mdalbo  
Login	Sat 10/26/2024	16:36:13.85	mdalbo 	
Logoff	Sat 10/26/2024	17:08:05.39	mdalbo  
Login	Mon 11/04/2024	17:02:24.93	dvtruong 	
Logoff	Mon 11/04/2024	19:43:21.50	dvtruong  
Login	Tue 11/05/2024	16:07:30.91	avelazq5 	
Logoff	Tue 11/05/2024	18:16:00.15	avelazq5  
Login	Tue 11/05/2024	22:15:36.85	glemaste 	
Logoff	Tue 11/05/2024	22:49:36.70	glemaste  
