Login	Mon 09/16/2024	13:02:49.48	jgupta12 	
Logoff	Mon 09/16/2024	13:22:13.20	jgupta12  
Login	Mon 09/16/2024	14:32:09.26	epantigo 	
Logoff	Mon 09/16/2024	14:43:50.63	epantigo  
Login	Mon 09/16/2024	18:48:48.40	awoertz 	
Logoff	Mon 09/16/2024	20:17:53.75	awoertz  
Login	Tue 09/17/2024	 9:12:52.36	slorenzo 	
Logoff	Tue 09/17/2024	10:25:23.14	slorenzo  
Login	Tue 09/17/2024	10:25:37.84	awoertz 	
Logoff	Tue 09/17/2024	12:11:13.35	awoertz  
Login	Tue 09/17/2024	12:38:32.52	aromer14 	
Logoff	Tue 09/17/2024	13:25:31.31	aromer14  
Login	Tue 09/17/2024	13:39:04.67	dveloso 	
Logoff	Tue 09/17/2024	14:06:27.65	dveloso  
Login	Thu 09/19/2024	10:08:40.94	epantigo 	
Login	Thu 09/19/2024	16:09:14.74	fgold 	
Logoff	Thu 09/19/2024	17:57:23.54	fgold  
Login	Thu 09/19/2024	18:46:18.11	fgold 	
Login	Mon 09/23/2024	 9:17:40.66	sarothro 	
Logoff	Mon 09/23/2024	 9:59:23.97	sarothro  
Login	Mon 09/23/2024	10:57:57.98	sarothro 	
Logoff	Mon 09/23/2024	11:15:51.78	sarothro  
Login	Mon 09/23/2024	16:59:17.35	fgold 	
Logoff	Wed 09/25/2024	18:40:43.05	fgold  
Login	Thu 09/26/2024	16:21:47.88	fgold 	
Login	Tue 10/01/2024	10:20:38.76	ktieku 	
Login	Thu 10/03/2024	 8:08:44.30	pogan 	
Logoff	Thu 10/03/2024	 8:11:41.89	pogan  
Logoff	Thu 10/03/2024	 8:11:45.45	ktieku  
Logoff	Thu 10/03/2024	 8:11:45.85	fgold  
Login	Sun 10/06/2024	11:58:22.54	eherdes 	
Logoff	Sun 10/06/2024	12:53:49.35	eherdes  
Login	Tue 10/08/2024	10:31:28.31	stolppi 	
Logoff	Tue 10/08/2024	12:24:36.48	stolppi  
Login	Tue 10/08/2024	15:09:13.86	ymaciass 	
Logoff	Tue 10/08/2024	15:51:32.87	ymaciass  
Login	Thu 10/10/2024	12:20:17.44	stolppi 	
Logoff	Thu 10/10/2024	13:04:30.92	stolppi  
Login	Sun 10/13/2024	11:16:53.51	lcyu 	
Login	Sun 10/13/2024	14:30:40.82	awoertz 	
Logoff	Sun 10/13/2024	16:08:26.40	awoertz  
Login	Mon 10/14/2024	17:12:04.24	awoertz 	
Logoff	Mon 10/14/2024	17:15:05.85	awoertz  
Login	Mon 10/14/2024	18:07:58.25	ktieku 	
Logoff	Mon 10/14/2024	18:54:52.22	ktieku  
Login	Wed 10/16/2024	10:59:07.25	zlenguye 	
Logoff	Wed 10/16/2024	12:19:19.13	zlenguye  
Login	Thu 10/17/2024	10:08:01.95	stolppi 	
Logoff	Thu 10/17/2024	10:12:11.17	stolppi  
Login	Thu 10/17/2024	15:34:52.55	zlenguye 	
Login	Thu 10/17/2024	17:21:55.44	kbarros 	
Logoff	Thu 10/17/2024	17:57:06.83	kbarros  
Login	Fri 10/18/2024	14:16:17.61	xlee3 	
Logoff	Sun 10/20/2024	10:44:19.47	xlee3  
Login	Sun 10/20/2024	10:44:35.93	epolydef 	
Logoff	Sun 10/20/2024	12:05:35.37	epolydef  
Login	Sun 10/20/2024	15:15:32.28	eherdes 	
Logoff	Sun 10/20/2024	16:20:16.59	eherdes  
Login	Tue 10/22/2024	18:32:36.85	apher 	
Logoff	Tue 10/22/2024	19:07:51.09	apher  
Logoff	Tue 10/22/2024	19:07:54.40	zlenguye  
Logoff	Tue 10/22/2024	19:08:04.16	lcyu  
Login	Thu 10/24/2024	10:32:36.84	zlenguye 	
Logoff	Thu 10/24/2024	12:34:40.45	zlenguye  
Login	Thu 10/24/2024	13:42:50.52	apher 	
Login	Thu 10/24/2024	18:28:48.39	fgold 	
Logoff	Thu 10/24/2024	18:31:16.33	fgold  
Login	Thu 10/24/2024	18:33:48.45	fgold 	
Login	Sun 10/27/2024	14:21:03.57	sarothro 	
Logoff	Sun 10/27/2024	15:35:55.73	sarothro  
Login	Mon 10/28/2024	19:04:38.22	aromer14 	
Logoff	Mon 10/28/2024	20:04:00.19	aromer14  
Login	Thu 10/31/2024	17:35:03.76	raserran 	
Logoff	Thu 10/31/2024	18:06:14.35	raserran  
Login	Thu 10/31/2024	18:25:43.27	mander59 	
Logoff	Thu 10/31/2024	19:07:23.76	mander59  
Login	Fri 11/01/2024	10:00:43.47	adm_wz36 	
Logoff	Fri 11/01/2024	10:12:05.54	apher  
Logoff	Fri 11/01/2024	10:12:12.04	adm_wz36  
Logoff	Fri 11/01/2024	10:12:27.69	fgold  
Login	Fri 11/01/2024	11:08:15.46	mander59 	
Logoff	Fri 11/01/2024	11:14:00.65	mander59  
Login	Fri 11/01/2024	15:09:13.68	mander59 	
Logoff	Fri 11/01/2024	17:40:57.67	mander59  
Login	Sat 11/02/2024	16:42:48.16	abaum2 	
Logoff	Sat 11/02/2024	17:13:34.77	abaum2  
Login	Mon 11/04/2024	13:56:56.15	fgold 	
Logoff	Mon 11/04/2024	20:55:48.07	fgold  
Login	Tue 11/05/2024	13:54:18.17	awoertz 	
Logoff	Tue 11/05/2024	19:56:52.87	awoertz  
