Login	Thu 10/03/2024	10:24:15.85	sellingt 	
Logoff	Thu 10/03/2024	12:15:19.22	sellingt  
Login	Fri 10/04/2024	16:50:18.53	mlwali 	
Logoff	Fri 10/04/2024	17:54:01.08	mlwali  
Login	Mon 10/14/2024	18:34:14.64	bcharyye 	
Logoff	Mon 10/14/2024	19:36:21.87	bcharyye  
Login	Thu 10/17/2024	17:01:02.84	mlwali 	
Logoff	Thu 10/17/2024	19:26:41.09	mlwali  
Login	Thu 10/17/2024	20:13:47.41	dbamford 	
Logoff	Thu 10/17/2024	21:08:03.64	dbamford  
Login	Wed 10/23/2024	23:11:31.96	ygomez1 	
Logoff	Wed 10/23/2024	23:30:06.89	ygomez1  
Login	Sun 10/27/2024	14:48:10.30	pgross4 	
Logoff	Sun 10/27/2024	15:28:39.59	pgross4  
Login	Tue 10/29/2024	14:06:54.22	ahcannon 	
Logoff	Tue 10/29/2024	14:19:36.99	ahcannon  
Login	Tue 10/29/2024	16:05:10.44	acolman1 	
Logoff	Tue 10/29/2024	19:24:32.45	acolman1  
Login	Wed 10/30/2024	19:49:07.16	dbamford 	
Logoff	Wed 10/30/2024	20:56:18.20	dbamford  
Login	Thu 10/31/2024	19:35:41.49	jdahiya 	
Logoff	Thu 10/31/2024	20:43:30.17	jdahiya  
