Login	Fri 09/06/2024	13:56:35.85	mbarbery 	
Logoff	Fri 09/06/2024	15:31:20.56	mbarbery  
Login	Mon 09/09/2024	17:09:41.46	clouzon 	
Logoff	Mon 09/09/2024	18:32:03.61	clouzon  
Login	Tue 09/10/2024	12:34:25.68	clouzon 	
Logoff	Tue 09/10/2024	12:37:37.32	clouzon  
Login	Fri 09/13/2024	10:57:27.31	mbarbery 	
Logoff	Fri 09/13/2024	13:02:47.67	mbarbery  
Login	Fri 09/13/2024	15:34:01.65	cpeng30 	
Logoff	Fri 09/13/2024	17:28:09.53	cpeng30  
Login	Wed 09/25/2024	14:16:41.53	ynagaoka 	
Logoff	Fri 09/27/2024	10:00:39.26	ynagaoka  
Login	Fri 09/27/2024	10:04:09.62	amccormi 	
Logoff	Fri 09/27/2024	10:05:46.36	amccormi  
Login	Fri 09/27/2024	14:08:10.86	clopezpe 	
Logoff	Fri 09/27/2024	14:29:43.99	clopezpe  
Login	Tue 10/01/2024	12:15:55.74	jginzbur 	
Logoff	Tue 10/01/2024	12:25:57.36	jginzbur  
Login	Tue 10/01/2024	13:49:00.99	clouzon 	
Logoff	Tue 10/01/2024	16:14:15.66	clouzon  
Login	Thu 10/03/2024	 7:45:00.08	amccormi 	
Logoff	Thu 10/03/2024	 7:52:02.48	amccormi  
Login	Thu 10/03/2024	 9:48:30.07	amccormi 	
Logoff	Thu 10/03/2024	 9:50:37.52	amccormi  
Login	Thu 10/03/2024	10:32:24.02	amccormi 	
Logoff	Thu 10/03/2024	10:43:54.09	amccormi  
Login	Thu 10/03/2024	10:56:37.27	amccormi 	
Logoff	Thu 10/03/2024	10:58:39.00	amccormi  
Login	Thu 10/10/2024	11:15:41.95	clopezpe 	
Logoff	Thu 10/10/2024	13:00:10.67	clopezpe  
Login	Fri 10/11/2024	12:24:14.58	bknittle 	
Logoff	Fri 10/11/2024	13:02:07.54	bknittle  
Login	Fri 10/11/2024	14:12:21.07	bknittle 	
Logoff	Fri 10/11/2024	18:22:25.65	bknittle  
Login	Mon 10/14/2024	14:28:52.92	uyunusa 	
Logoff	Mon 10/14/2024	15:36:19.78	uyunusa  
Login	Tue 10/15/2024	13:24:50.41	uyunusa 	
Logoff	Tue 10/15/2024	13:51:15.30	uyunusa  
Login	Thu 10/17/2024	11:41:11.88	jginzbur 	
Logoff	Thu 10/17/2024	11:44:39.22	jginzbur  
Login	Fri 10/18/2024	11:02:47.21	uyunusa 	
Logoff	Fri 10/18/2024	11:47:10.90	uyunusa  
Login	Fri 10/18/2024	17:01:53.88	cpeng30 	
Logoff	Fri 10/18/2024	17:07:06.45	cpeng30  
Login	Sun 10/20/2024	11:59:56.17	uyunusa 	
Logoff	Sun 10/20/2024	12:21:11.19	uyunusa  
Login	Sun 10/20/2024	16:55:47.62	cpeng30 	
Logoff	Sun 10/20/2024	17:03:01.78	cpeng30  
Login	Tue 10/22/2024	17:30:05.83	cpeng30 	
Logoff	Tue 10/22/2024	17:45:56.47	cpeng30  
Login	Wed 10/23/2024	10:26:31.21	cpeng30 	
Logoff	Wed 10/23/2024	10:27:37.14	cpeng30  
Login	Wed 10/23/2024	17:34:36.66	cpeng30 	
Logoff	Wed 10/23/2024	17:37:05.93	cpeng30  
Login	Fri 10/25/2024	14:30:36.19	zgong14 	
Logoff	Fri 10/25/2024	15:07:00.69	zgong14  
Login	Fri 10/25/2024	15:09:32.29	amccormi 	
Logoff	Fri 10/25/2024	15:10:14.73	amccormi  
Login	Fri 10/25/2024	18:50:32.10	cpeng30 	
Logoff	Fri 11/01/2024	 7:40:22.72	cpeng30  
Login	Fri 11/01/2024	 7:42:41.34	amccormi 	
Logoff	Fri 11/01/2024	 7:49:24.18	amccormi  
Login	Fri 11/01/2024	 8:46:34.45	amccormi 	
Logoff	Fri 11/01/2024	10:09:02.53	amccormi  
Login	Mon 11/04/2024	12:06:22.76	bknittle 	
Logoff	Mon 11/04/2024	14:07:55.48	bknittle  
