Login	Thu 09/05/2024	13:07:31.28	pqin2 	
Logoff	Thu 09/05/2024	13:40:16.37	pqin2  
Login	Thu 09/05/2024	14:52:23.34	edonahu4 	
Logoff	Thu 09/05/2024	15:40:03.43	edonahu4  
Login	Fri 09/06/2024	10:23:59.70	edonahu4 	
Logoff	Fri 09/06/2024	11:42:34.92	edonahu4  
Login	Sat 09/07/2024	12:19:56.24	srenard 	
Logoff	Sat 09/07/2024	12:31:11.90	srenard  
Login	Mon 09/09/2024	13:59:11.29	nwarren4 	
Logoff	Mon 09/09/2024	15:14:13.02	nwarren4  
Login	Wed 09/11/2024	10:23:58.86	pqin2 	
Logoff	Wed 09/11/2024	12:10:39.38	pqin2  
Login	Wed 09/11/2024	14:54:24.59	absaul 	
Logoff	Wed 09/11/2024	15:47:51.13	absaul  
Login	Thu 09/12/2024	10:03:17.20	apbenny 	
Logoff	Thu 09/12/2024	11:38:31.72	apbenny  
Login	Thu 09/12/2024	13:59:59.93	korme 	
Logoff	Thu 09/12/2024	15:05:33.50	korme  
Login	Tue 09/17/2024	11:09:44.69	nwarren4 	
Logoff	Tue 09/17/2024	12:43:08.49	nwarren4  
Login	Wed 09/18/2024	15:53:01.94	psaghy 	
Logoff	Wed 09/18/2024	16:34:15.50	psaghy  
Login	Thu 09/19/2024	 9:14:33.75	psaghy 	
Logoff	Thu 09/19/2024	 9:46:40.87	psaghy  
Login	Thu 09/19/2024	11:03:15.16	psaghy 	
Logoff	Thu 09/19/2024	13:54:16.91	psaghy  
Login	Thu 09/19/2024	15:57:52.82	psaghy 	
Logoff	Thu 09/19/2024	16:32:52.99	psaghy  
Login	Fri 09/20/2024	 9:52:35.49	nwarren4 	
Logoff	Fri 09/20/2024	14:31:06.42	nwarren4  
Login	Tue 09/24/2024	14:49:57.35	pqin2 	
Logoff	Tue 09/24/2024	16:19:13.30	pqin2  
Login	Tue 10/01/2024	11:14:27.47	nwarren4 	
Logoff	Tue 10/01/2024	12:29:36.77	nwarren4  
Login	Tue 10/08/2024	15:27:45.98	psaghy 	
Logoff	Tue 10/08/2024	16:19:29.17	psaghy  
Login	Wed 10/09/2024	14:11:24.12	zliu108 	
Logoff	Wed 10/09/2024	14:46:50.36	zliu108  
Login	Wed 10/09/2024	15:52:35.81	psaghy 	
Logoff	Wed 10/09/2024	16:19:34.42	psaghy  
Login	Thu 10/10/2024	12:12:08.12	pqin2 	
Logoff	Thu 10/10/2024	13:22:18.35	pqin2  
Login	Wed 10/16/2024	 9:23:48.24	absaul 	
Logoff	Wed 10/16/2024	10:53:13.90	absaul  
Login	Fri 10/18/2024	19:00:49.69	pqin2 	
Logoff	Fri 10/18/2024	19:38:27.55	pqin2  
Login	Tue 10/22/2024	10:04:11.50	apbenny 	
Logoff	Tue 10/22/2024	11:40:27.81	apbenny  
Login	Tue 10/22/2024	15:47:38.54	pqin2 	
Logoff	Tue 10/22/2024	17:22:06.30	pqin2  
Login	Tue 10/22/2024	20:04:52.44	pqin2 	
Logoff	Tue 10/22/2024	20:38:50.61	pqin2  
Login	Wed 10/23/2024	 9:08:43.70	apbenny 	
Logoff	Wed 10/23/2024	10:05:03.01	apbenny  
Login	Fri 10/25/2024	 9:07:42.28	psaghy 	
Logoff	Fri 10/25/2024	10:35:10.11	psaghy  
Login	Tue 10/29/2024	11:41:37.76	pqin2 	
Logoff	Tue 10/29/2024	12:21:26.13	pqin2  
Login	Wed 10/30/2024	 7:05:27.83	edonahu4 	
Logoff	Wed 10/30/2024	 9:06:55.99	edonahu4  
Login	Wed 10/30/2024	14:05:00.97	psaghy 	
Logoff	Wed 10/30/2024	14:41:24.15	psaghy  
Login	Thu 10/31/2024	12:37:58.83	pqin2 	
Logoff	Thu 10/31/2024	13:04:48.19	pqin2  
Login	Fri 11/01/2024	15:22:17.48	pqin2 	
Logoff	Fri 11/01/2024	17:10:03.07	pqin2  
Login	Mon 11/04/2024	16:07:03.11	pqin2 	
Logoff	Mon 11/04/2024	17:14:43.68	pqin2  
