Login	Wed 09/04/2024	15:05:26.93	schiu7 	
Logoff	Wed 09/04/2024	15:25:27.24	schiu7  
Login	Wed 09/04/2024	15:52:42.95	szhou44 	
Logoff	Wed 09/04/2024	16:59:56.35	szhou44  
Login	Thu 09/05/2024	10:23:45.66	vbheemar 	
Logoff	Thu 09/05/2024	13:39:01.31	vbheemar  
Login	Fri 09/06/2024	10:22:26.88	szhou44 	
Logoff	Fri 09/06/2024	12:20:06.49	szhou44  
Login	Sat 09/07/2024	15:19:03.12	schiu7 	
Logoff	Sat 09/07/2024	16:01:19.77	schiu7  
Login	Sun 09/08/2024	16:07:15.60	schiu7 	
Logoff	Sun 09/08/2024	16:32:23.33	schiu7  
Login	Mon 09/09/2024	11:32:18.26	szhou44 	
Logoff	Mon 09/09/2024	12:16:35.21	szhou44  
Login	Tue 09/10/2024	 9:08:40.42	szhou44 	
Logoff	Tue 09/10/2024	10:01:36.69	szhou44  
Login	Tue 09/10/2024	13:34:59.44	schiu7 	
Logoff	Tue 09/10/2024	14:20:21.80	schiu7  
Login	Tue 09/10/2024	22:33:30.15	schiu7 	
Logoff	Tue 09/10/2024	23:00:31.80	schiu7  
Login	Wed 09/11/2024	17:35:55.89	szhou44 	
Logoff	Wed 09/11/2024	18:01:56.04	szhou44  
Login	Wed 09/11/2024	18:15:49.67	lzhan225 	
Logoff	Wed 09/11/2024	18:27:25.45	lzhan225  
Login	Thu 09/12/2024	14:20:52.60	szhou44 	
Logoff	Thu 09/12/2024	16:21:34.41	szhou44  
Login	Wed 09/18/2024	16:31:21.66	schiu7 	
Logoff	Wed 09/18/2024	17:29:16.25	schiu7  
Login	Wed 09/18/2024	19:29:48.65	apakhare 	
Logoff	Wed 09/18/2024	20:39:16.07	apakhare  
Login	Thu 09/19/2024	14:52:00.07	szhou44 	
Logoff	Thu 09/19/2024	16:21:59.28	szhou44  
Login	Thu 09/19/2024	17:09:38.15	szhou44 	
Logoff	Thu 09/19/2024	18:10:52.24	szhou44  
Login	Fri 09/20/2024	14:01:32.84	apakhare 	
Logoff	Fri 09/20/2024	15:56:39.46	apakhare  
Login	Sat 09/21/2024	11:56:45.60	szhou44 	
Logoff	Sat 09/21/2024	13:14:41.23	szhou44  
Login	Mon 09/23/2024	11:05:54.69	szhou44 	
Logoff	Mon 09/23/2024	11:45:00.56	szhou44  
Login	Mon 09/23/2024	16:38:48.17	szhou44 	
Logoff	Mon 09/23/2024	17:22:44.05	szhou44  
Login	Thu 09/26/2024	12:26:22.61	schiu7 	
Logoff	Thu 09/26/2024	13:24:51.07	schiu7  
Login	Fri 09/27/2024	17:14:33.43	lzhan225 	
Logoff	Fri 09/27/2024	22:40:15.85	lzhan225  
Login	Sat 09/28/2024	11:43:50.26	lzhan225 	
Logoff	Sat 09/28/2024	13:01:55.69	lzhan225  
Login	Sat 09/28/2024	14:24:33.04	apakhare 	
Logoff	Sat 09/28/2024	15:45:16.23	apakhare  
Login	Sun 09/29/2024	14:14:03.12	apakhare 	
Logoff	Sun 09/29/2024	15:47:52.32	apakhare  
Login	Mon 09/30/2024	15:04:32.89	szhou44 	
Logoff	Mon 09/30/2024	16:55:38.83	szhou44  
Login	Tue 10/01/2024	15:03:03.44	szhou44 	
Logoff	Tue 10/01/2024	15:54:59.37	szhou44  
Login	Tue 10/01/2024	20:57:37.68	schiu7 	
Logoff	Tue 10/01/2024	21:22:04.30	schiu7  
Login	Wed 10/02/2024	13:57:23.93	schiu7 	
Logoff	Wed 10/02/2024	14:44:13.35	schiu7  
Login	Thu 10/03/2024	11:27:32.48	schiu7 	
Logoff	Thu 10/03/2024	12:18:05.55	schiu7  
Login	Thu 10/03/2024	13:42:09.00	apakhare 	
Logoff	Thu 10/03/2024	15:21:48.48	apakhare  
Login	Thu 10/03/2024	17:26:37.49	szhou44 	
Logoff	Thu 10/03/2024	17:44:24.55	szhou44  
Login	Thu 10/03/2024	19:46:16.90	apakhare 	
Logoff	Thu 10/03/2024	19:48:12.77	apakhare  
Login	Fri 10/04/2024	13:12:38.44	apakhare 	
Logoff	Fri 10/04/2024	14:39:21.47	apakhare  
Login	Fri 10/04/2024	15:37:45.00	szhou44 	
Logoff	Fri 10/04/2024	16:02:44.56	szhou44  
Login	Fri 10/04/2024	16:15:17.76	jgallar4 	
Logoff	Fri 10/04/2024	19:38:34.16	jgallar4  
Login	Sat 10/05/2024	16:34:39.52	apakhare 	
Logoff	Sat 10/05/2024	17:37:42.91	apakhare  
Login	Mon 10/07/2024	10:39:40.19	lzhan225 	
Logoff	Mon 10/07/2024	10:56:44.67	lzhan225  
Login	Mon 10/07/2024	13:06:56.93	apakhare 	
Logoff	Mon 10/07/2024	14:34:39.38	apakhare  
Login	Mon 10/07/2024	17:45:28.12	apakhare 	
Logoff	Mon 10/07/2024	19:33:44.55	apakhare  
Login	Tue 10/08/2024	18:47:36.38	apakhare 	
Logoff	Tue 10/08/2024	19:55:04.93	apakhare  
Login	Wed 10/09/2024	14:10:56.24	apakhare 	
Logoff	Wed 10/09/2024	15:22:42.68	apakhare  
Login	Wed 10/09/2024	16:51:16.50	lzhan225 	
Logoff	Wed 10/09/2024	19:43:44.86	lzhan225  
Login	Thu 10/10/2024	 9:37:02.46	apakhare 	
Logoff	Thu 10/10/2024	11:16:15.30	apakhare  
Login	Thu 10/10/2024	12:39:00.73	apakhare 	
Logoff	Thu 10/10/2024	14:07:08.39	apakhare  
Login	Thu 10/10/2024	21:40:30.84	apakhare 	
Logoff	Thu 10/10/2024	23:18:45.45	apakhare  
Login	Fri 10/11/2024	15:13:56.43	schiu7 	
Logoff	Fri 10/11/2024	15:30:13.97	schiu7  
Login	Sun 10/13/2024	13:51:22.53	apakhare 	
Logoff	Sun 10/13/2024	15:30:34.53	apakhare  
Login	Tue 10/15/2024	21:58:14.41	apakhare 	
Logoff	Tue 10/15/2024	23:05:11.73	apakhare  
Login	Wed 10/16/2024	14:12:27.89	szhou44 	
Logoff	Wed 10/16/2024	15:17:18.88	szhou44  
Login	Wed 10/16/2024	19:22:37.73	apakhare 	
Logoff	Wed 10/16/2024	20:53:53.03	apakhare  
Login	Thu 10/17/2024	12:43:57.75	schiu7 	
Logoff	Thu 10/17/2024	13:44:09.96	schiu7  
Login	Thu 10/17/2024	14:08:34.02	apakhare 	
Logoff	Thu 10/17/2024	15:36:21.26	apakhare  
Login	Fri 10/18/2024	12:47:38.57	apakhare 	
Logoff	Fri 10/18/2024	14:26:45.63	apakhare  
Login	Sun 10/20/2024	14:44:53.14	apakhare 	
Logoff	Sun 10/20/2024	15:51:03.26	apakhare  
Login	Mon 10/21/2024	10:43:21.66	bbrown48 	
Logoff	Mon 10/21/2024	11:02:39.47	bbrown48  
Login	Mon 10/21/2024	13:11:05.49	apakhare 	
Logoff	Mon 10/21/2024	15:09:24.80	apakhare  
Login	Mon 10/21/2024	21:13:39.67	apakhare 	
Logoff	Mon 10/21/2024	22:56:40.75	apakhare  
Login	Tue 10/22/2024	 8:54:15.86	bbrown48 	
Logoff	Tue 10/22/2024	 9:09:15.89	bbrown48  
Login	Tue 10/22/2024	 9:52:11.26	szhou44 	
Logoff	Tue 10/22/2024	11:31:51.37	szhou44  
Login	Tue 10/22/2024	16:05:34.92	apakhare 	
Logoff	Tue 10/22/2024	17:24:07.40	apakhare  
Login	Wed 10/23/2024	12:44:07.22	apakhare 	
Logoff	Wed 10/23/2024	14:07:36.71	apakhare  
Login	Wed 10/23/2024	16:36:45.80	lzhan225 	
Logoff	Wed 10/23/2024	17:52:22.54	lzhan225  
Login	Wed 10/23/2024	19:47:53.10	schiu7 	
Logoff	Wed 10/23/2024	20:44:37.02	schiu7  
Login	Wed 10/23/2024	21:08:04.49	apakhare 	
Logoff	Wed 10/23/2024	22:21:10.96	apakhare  
Login	Thu 10/24/2024	13:23:52.01	szhou44 	
Logoff	Thu 10/24/2024	13:41:15.50	szhou44  
Login	Thu 10/24/2024	14:25:45.23	schiu7 	
Logoff	Thu 10/24/2024	15:03:56.73	schiu7  
Login	Fri 10/25/2024	13:17:40.89	apakhare 	
Logoff	Fri 10/25/2024	15:12:03.28	apakhare  
Login	Sat 10/26/2024	13:33:43.50	apakhare 	
Logoff	Sat 10/26/2024	14:50:48.31	apakhare  
Login	Sat 10/26/2024	17:55:14.18	lzhan225 	
Logoff	Sat 10/26/2024	18:13:27.04	lzhan225  
Login	Sat 10/26/2024	18:23:12.42	apakhare 	
Logoff	Sat 10/26/2024	19:07:32.34	apakhare  
Login	Sat 10/26/2024	23:29:20.46	apakhare 	
Logoff	Sun 10/27/2024	 0:39:17.50	apakhare  
Login	Mon 10/28/2024	10:34:45.11	szhou44 	
Logoff	Mon 10/28/2024	10:41:37.80	szhou44  
Login	Mon 10/28/2024	13:09:22.38	szhou44 	
Logoff	Mon 10/28/2024	13:23:14.53	szhou44  
Login	Tue 10/29/2024	19:12:41.85	apakhare 	
Logoff	Tue 10/29/2024	20:29:04.25	apakhare  
Login	Wed 10/30/2024	19:34:04.82	apakhare 	
Logoff	Wed 10/30/2024	20:50:12.08	apakhare  
Login	Thu 10/31/2024	12:14:03.30	schiu7 	
Logoff	Thu 10/31/2024	12:43:15.04	schiu7  
Login	Thu 10/31/2024	12:48:13.33	lzhan225 	
Logoff	Thu 10/31/2024	13:02:23.34	lzhan225  
Login	Thu 10/31/2024	16:20:41.98	apakhare 	
Logoff	Thu 10/31/2024	17:32:07.57	apakhare  
Login	Sat 11/02/2024	17:58:46.88	apakhare 	
Logoff	Sat 11/02/2024	19:02:53.94	apakhare  
Login	Mon 11/04/2024	21:28:13.71	apakhare 	
Logoff	Mon 11/04/2024	23:16:51.66	apakhare  
Login	Tue 11/05/2024	11:16:29.43	apakhare 	
Logoff	Tue 11/05/2024	12:23:19.19	apakhare  
Login	Tue 11/05/2024	18:46:04.19	apakhare 	
Logoff	Tue 11/05/2024	19:49:22.14	apakhare  
Login	Wed 11/06/2024	12:03:33.79	apakhare 	
Logoff	Wed 11/06/2024	13:17:33.11	apakhare  
