Login	Tue 09/10/2024	13:21:25.16	hsun60 	
Logoff	Tue 09/10/2024	13:37:58.79	hsun60  
Login	Tue 09/10/2024	23:28:45.83	rwu51 	
Logoff	Tue 09/10/2024	23:39:02.24	rwu51  
Login	Wed 09/11/2024	13:30:10.05	absaul 	
Logoff	Wed 09/11/2024	14:16:12.08	absaul  
Login	Wed 09/11/2024	20:07:17.42	rwu51 	
Logoff	Wed 09/11/2024	20:20:00.06	rwu51  
Login	Fri 09/13/2024	15:36:21.67	rwu51 	
Logoff	Fri 09/13/2024	15:56:43.48	rwu51  
Login	Sat 09/14/2024	16:00:45.36	rwu51 	
Logoff	Sat 09/14/2024	16:10:58.57	rwu51  
Login	Sat 09/14/2024	18:19:52.78	rwu51 	
Logoff	Sat 09/14/2024	18:35:37.37	rwu51  
Login	Sun 09/15/2024	11:05:59.50	zlyakhov 	
Logoff	Sun 09/15/2024	12:15:57.03	zlyakhov  
Login	Sun 09/15/2024	16:59:46.85	hsun60 	
Logoff	Sun 09/15/2024	17:25:54.26	hsun60  
Login	Sun 09/15/2024	17:27:10.68	rwu51 	
Logoff	Sun 09/15/2024	17:52:53.87	rwu51  
Login	Tue 09/24/2024	12:09:37.49	azohaib 	
Logoff	Tue 09/24/2024	12:45:39.92	azohaib  
Login	Fri 09/27/2024	13:04:12.63	gwang74 	
Logoff	Fri 09/27/2024	13:07:02.36	gwang74  
Login	Fri 09/27/2024	13:08:05.44	gwang74 	
Logoff	Fri 09/27/2024	16:21:41.34	gwang74  
Login	Fri 09/27/2024	16:38:10.66	zlyakhov 	
Logoff	Fri 09/27/2024	17:23:26.41	zlyakhov  
Login	Mon 09/30/2024	17:09:32.54	jkaur14 	
Logoff	Mon 09/30/2024	18:00:21.96	jkaur14  
Login	Mon 09/30/2024	18:52:03.66	hsun60 	
Logoff	Mon 09/30/2024	19:28:53.22	hsun60  
Login	Tue 10/01/2024	14:21:16.47	smorri23 	
Logoff	Tue 10/01/2024	16:44:18.62	smorri23  
Login	Tue 10/01/2024	19:19:38.47	zlyakhov 	
Logoff	Tue 10/01/2024	20:14:24.87	zlyakhov  
Login	Wed 10/02/2024	17:49:23.99	rwu51 	
Logoff	Wed 10/02/2024	18:03:52.00	rwu51  
Login	Fri 10/04/2024	19:42:13.68	rwu51 	
Logoff	Fri 10/04/2024	19:56:07.30	rwu51  
Login	Sun 10/06/2024	17:39:15.26	azohaib 	
Logoff	Sun 10/06/2024	18:50:02.20	azohaib  
Login	Mon 10/07/2024	14:17:49.79	ychen448 	
Logoff	Mon 10/07/2024	14:52:05.32	ychen448  
Login	Tue 10/08/2024	11:37:34.36	azohaib 	
Logoff	Tue 10/08/2024	12:05:39.37	azohaib  
Login	Tue 10/08/2024	13:21:00.11	hsun60 	
Logoff	Tue 10/08/2024	13:46:54.96	hsun60  
Login	Wed 10/09/2024	16:50:51.71	zlyakhov 	
Logoff	Wed 10/09/2024	18:37:06.61	zlyakhov  
Login	Wed 10/09/2024	18:38:44.61	rwu51 	
Logoff	Wed 10/09/2024	18:48:38.38	rwu51  
Login	Thu 10/10/2024	14:29:57.20	rwu51 	
Logoff	Thu 10/10/2024	18:38:17.12	rwu51  
Login	Sat 10/12/2024	 5:03:03.79	rwu51 	
Logoff	Sat 10/12/2024	 5:33:41.33	rwu51  
Login	Mon 10/14/2024	20:09:27.66	azohaib 	
Logoff	Mon 10/14/2024	20:58:25.04	azohaib  
Login	Tue 10/15/2024	11:02:01.69	hsun60 	
Logoff	Tue 10/15/2024	11:42:21.09	hsun60  
Login	Thu 10/17/2024	14:28:26.52	mdoyle7 	
Logoff	Thu 10/17/2024	15:16:03.65	mdoyle7  
Login	Thu 10/17/2024	15:31:58.85	mlayek 	
Logoff	Thu 10/17/2024	15:48:08.35	mlayek  
Login	Fri 10/18/2024	11:38:36.38	jtatad 	
Logoff	Fri 10/18/2024	12:58:17.86	jtatad  
Login	Fri 10/18/2024	17:40:27.87	rwu51 	
Logoff	Fri 10/18/2024	17:52:37.72	rwu51  
Login	Fri 10/18/2024	20:16:00.59	rwu51 	
Logoff	Fri 10/18/2024	20:36:11.87	rwu51  
Login	Fri 11/01/2024	11:59:11.83	hsun60 	
Logoff	Fri 11/01/2024	12:38:29.96	hsun60  
Login	Fri 11/01/2024	13:51:59.80	smorri23 	
Logoff	Fri 11/01/2024	14:41:40.74	smorri23  
Login	Fri 11/01/2024	17:28:47.62	hsun60 	
Logoff	Fri 11/01/2024	17:55:54.32	hsun60  
Login	Fri 11/01/2024	18:07:18.17	xchen313 	
Logoff	Fri 11/01/2024	19:39:49.70	xchen313  
Login	Fri 11/01/2024	21:59:08.12	xchen313 	
Logoff	Sat 11/02/2024	 0:37:30.35	xchen313  
Login	Mon 11/04/2024	 9:51:58.81	psaghy 	
Logoff	Mon 11/04/2024	 9:54:57.72	psaghy  
