Login	Fri 09/06/2024	 1:18:29.84	etsahin 	
Logoff	Fri 09/06/2024	 2:01:54.17	etsahin  
Login	Fri 09/06/2024	 7:45:06.23	dmycue 	
Login	Fri 09/06/2024	 9:38:33.63	wz36 	
Login	Fri 09/06/2024	12:07:02.07	kmtruong 	
Logoff	Fri 09/06/2024	12:25:42.00	kmtruong  
Login	Fri 09/06/2024	13:02:46.42	abrow146 	
Logoff	Fri 09/06/2024	13:18:04.15	abrow146  
Login	Fri 09/06/2024	14:12:56.10	bdquinte 	
Logoff	Fri 09/06/2024	14:28:21.56	bdquinte  
Login	Fri 09/06/2024	15:42:00.35	jjarami8 	
Login	Fri 09/06/2024	16:11:44.29	uopoola 	
Login	Fri 09/06/2024	16:12:06.23	lrhoads 	
Login	Fri 09/06/2024	16:12:35.42	swinaker 	
Login	Fri 09/06/2024	16:20:20.46	lpereir9 	
Login	Fri 09/06/2024	16:22:04.94	amasia 	
Logoff	Fri 09/06/2024	16:29:12.40	swinaker  
Logoff	Fri 09/06/2024	16:31:58.38	uopoola  
Login	Fri 09/06/2024	16:36:02.19	dalvare9 	
Login	Fri 09/06/2024	16:36:26.67	sjeon27 	
Logoff	Fri 09/06/2024	16:36:28.99	lpereir9  
Login	Fri 09/06/2024	16:38:59.65	rmlalani 	
Logoff	Fri 09/06/2024	16:45:31.58	lrhoads  
Login	Fri 09/06/2024	16:48:21.87	rzhu56 	
Logoff	Fri 09/06/2024	16:52:01.99	sjeon27  
Logoff	Fri 09/06/2024	16:52:20.66	dalvare9  
Login	Fri 09/06/2024	16:56:31.56	njelbaum 	
Logoff	Fri 09/06/2024	16:57:05.74	wz36  
Logoff	Fri 09/06/2024	16:57:15.51	rmlalani  
Logoff	Fri 09/06/2024	16:57:19.02	amasia  
Login	Fri 09/06/2024	17:03:12.97	eyoon30 	
Login	Fri 09/06/2024	17:03:26.10	jlwiener 	
Logoff	Fri 09/06/2024	17:05:08.57	rzhu56  
Login	Fri 09/06/2024	17:09:19.06	dnhu 	
Logoff	Fri 09/06/2024	17:12:08.68	njelbaum  
Login	Fri 09/06/2024	17:18:44.82	atshea 	
Logoff	Fri 09/06/2024	17:24:38.54	eyoon30  
Login	Fri 09/06/2024	17:26:37.47	sacastil 	
Logoff	Fri 09/06/2024	17:28:01.45	dnhu  
Logoff	Fri 09/06/2024	17:37:59.10	atshea  
Login	Fri 09/06/2024	17:38:03.14	kmtruong 	
Logoff	Fri 09/06/2024	17:38:25.37	kmtruong  
Logoff	Fri 09/06/2024	17:42:07.38	sacastil  
Login	Fri 09/06/2024	18:08:49.65	jmatten 	
Logoff	Fri 09/06/2024	18:22:00.38	jjarami8  
Login	Fri 09/06/2024	18:39:18.93	ainami 	
Login	Fri 09/06/2024	18:41:49.79	sellingt 	
Logoff	Fri 09/06/2024	18:45:09.73	jmatten  
Logoff	Fri 09/06/2024	18:58:23.64	sellingt  
Logoff	Fri 09/06/2024	19:13:53.94	dmycue  
Logoff	Fri 09/06/2024	19:21:07.09	ainami  
Logoff	Fri 09/06/2024	19:21:17.80	jlwiener  
Login	Fri 09/06/2024	19:22:13.47	jlee1108 	
Login	Fri 09/06/2024	19:27:07.35	cleandry 	
Login	Fri 09/06/2024	19:29:58.80	jklettne 	
Logoff	Fri 09/06/2024	19:40:05.21	jlee1108  
Logoff	Fri 09/06/2024	19:50:02.23	jklettne  
Logoff	Fri 09/06/2024	19:56:57.28	cleandry  
Login	Fri 09/06/2024	20:06:25.83	lyan28 	
Login	Fri 09/06/2024	20:31:05.16	stran47 	
Logoff	Fri 09/06/2024	20:37:54.29	lyan28  
Login	Fri 09/06/2024	21:00:40.80	rlee127 	
Logoff	Fri 09/06/2024	21:08:37.05	stran47  
Logoff	Fri 09/06/2024	21:18:58.27	rlee127  
Login	Fri 09/06/2024	21:19:06.17	mvogelez 	
Login	Fri 09/06/2024	21:29:50.75	mtsai14 	
Logoff	Fri 09/06/2024	21:34:59.70	mvogelez  
Login	Fri 09/06/2024	21:38:54.38	sheengam 	
Logoff	Fri 09/06/2024	21:50:07.43	mtsai14  
Login	Fri 09/06/2024	21:53:27.27	jretanas 	
Logoff	Fri 09/06/2024	21:57:15.69	sheengam  
Logoff	Fri 09/06/2024	22:09:40.34	jretanas  
Login	Fri 09/06/2024	22:54:50.35	jdosorio 	
Logoff	Fri 09/06/2024	23:17:50.40	jdosorio  
Login	Fri 09/06/2024	23:56:35.45	rwaksman 	
Logoff	Sat 09/07/2024	 0:08:01.55	rwaksman  
Login	Mon 09/09/2024	 0:24:26.93	oidiaghe 	
Login	Mon 09/09/2024	 0:25:19.49	jcorbin 	
Logoff	Mon 09/09/2024	 0:40:30.43	oidiaghe  
Logoff	Mon 09/09/2024	 0:42:14.79	jcorbin  
Login	Mon 09/09/2024	 1:05:07.42	salu 	
Logoff	Mon 09/09/2024	 1:20:21.45	salu  
Login	Mon 09/09/2024	 8:22:40.21	wkirkile 	
Login	Mon 09/09/2024	 8:36:14.27	vsharm45 	
Logoff	Mon 09/09/2024	 8:38:11.18	wkirkile  
Login	Mon 09/09/2024	 8:45:37.12	fjohnso7 	
Login	Mon 09/09/2024	 8:52:16.75	rabubaki 	
Logoff	Mon 09/09/2024	 8:52:19.67	vsharm45  
Login	Mon 09/09/2024	 8:53:58.13	sjeon27 	
Login	Mon 09/09/2024	 8:56:17.05	jgcasale 	
Login	Mon 09/09/2024	 8:56:56.58	gtillisc 	
Login	Mon 09/09/2024	 8:57:21.79	lrhoads 	
Login	Mon 09/09/2024	 8:58:56.77	atshea 	
Login	Mon 09/09/2024	 9:10:54.53	swang484 	
Logoff	Mon 09/09/2024	 9:12:29.76	rabubaki  
Logoff	Mon 09/09/2024	 9:12:46.36	gtillisc  
Logoff	Mon 09/09/2024	 9:13:39.48	sjeon27  
Logoff	Mon 09/09/2024	 9:15:13.14	lrhoads  
Logoff	Mon 09/09/2024	 9:17:18.16	fjohnso7  
Login	Mon 09/09/2024	 9:22:09.61	cwalter9 	
Login	Mon 09/09/2024	 9:23:42.60	evillica 	
Logoff	Mon 09/09/2024	 9:26:10.82	swang484  
Login	Mon 09/09/2024	 9:28:08.88	smaggiot 	
Logoff	Mon 09/09/2024	 9:43:39.60	evillica  
Logoff	Mon 09/09/2024	 9:44:54.15	smaggiot  
Logoff	Mon 09/09/2024	 9:47:02.09	atshea  
Logoff	Mon 09/09/2024	 9:47:02.94	jgcasale  
Logoff	Mon 09/09/2024	 9:47:03.17	cwalter9  
Login	Tue 09/10/2024	13:06:23.55	smargett 	
Logoff	Tue 09/10/2024	13:27:17.59	smargett  
Login	Wed 09/11/2024	 8:48:17.88	dmycue 	
Login	Wed 09/11/2024	 8:52:49.88	wz36 	
Login	Wed 09/11/2024	 9:03:50.76	tameyer 	
Login	Wed 09/11/2024	 9:15:44.23	tareval1 	
Logoff	Wed 09/11/2024	10:06:03.69	tareval1  
Logoff	Wed 09/11/2024	10:06:15.89	tameyer  
Login	Wed 09/11/2024	13:48:00.39	ocootey 	
Logoff	Wed 09/11/2024	14:08:43.99	ocootey  
Login	Wed 09/11/2024	14:57:29.82	kpalac 	
Login	Wed 09/11/2024	15:55:12.38	tareval1 	
Login	Wed 09/11/2024	15:59:36.40	pmarcott 	
Logoff	Wed 09/11/2024	16:31:49.39	pmarcott  
Login	Wed 09/11/2024	16:35:51.96	pmarcott 	
Logoff	Wed 09/11/2024	17:04:00.13	wz36  
Logoff	Wed 09/11/2024	17:31:07.80	pmarcott  
Logoff	Wed 09/11/2024	18:01:11.75	kpalac  
Logoff	Wed 09/11/2024	18:23:52.50	tareval1  
Login	Wed 09/11/2024	18:28:43.96	tareval1 	
Logoff	Wed 09/11/2024	18:48:12.29	dmycue  
Logoff	Wed 09/11/2024	19:04:20.52	tareval1  
Login	Fri 09/13/2024	 8:59:24.30	kpalac 	
Login	Fri 09/13/2024	 9:08:02.42	wz36 	
Logoff	Fri 09/13/2024	 9:46:10.29	wz36  
Logoff	Fri 09/13/2024	14:22:17.04	kpalac  
Login	Sat 09/14/2024	 8:42:36.09	cchen284 	
Logoff	Sat 09/14/2024	 9:16:27.12	cchen284  
Login	Sat 09/14/2024	10:00:01.30	cchen284 	
Login	Sat 09/14/2024	10:58:09.85	mkamisat 	
Logoff	Sat 09/14/2024	11:09:09.17	cchen284  
Logoff	Sat 09/14/2024	12:44:09.50	mkamisat  
Login	Sat 09/14/2024	13:02:24.46	klchien 	
Logoff	Sat 09/14/2024	15:21:29.27	klchien  
Login	Sat 09/14/2024	15:37:22.59	halakraa 	
Login	Sat 09/14/2024	16:01:42.97	mfang15 	
Login	Sat 09/14/2024	16:31:30.05	mrojasti 	
Logoff	Sat 09/14/2024	16:47:47.80	mrojasti  
Login	Sat 09/14/2024	17:28:56.39	khixson 	
Login	Sat 09/14/2024	17:55:42.07	afranco7 	
Logoff	Sat 09/14/2024	18:06:48.16	khixson  
Logoff	Sat 09/14/2024	18:10:42.89	mfang15  
Login	Sat 09/14/2024	18:26:34.90	dlai7 	
Logoff	Sat 09/14/2024	18:31:12.40	afranco7  
Login	Sat 09/14/2024	18:32:29.59	afranco7 	
Logoff	Sat 09/14/2024	18:51:12.37	halakraa  
Logoff	Sat 09/14/2024	18:51:13.19	dlai7  
Logoff	Sat 09/14/2024	20:25:41.16	afranco7  
Login	Sat 09/14/2024	21:56:52.67	bcjamal 	
Logoff	Sat 09/14/2024	22:17:13.06	bcjamal  
Login	Mon 09/16/2024	 0:26:34.96	acavall3 	
Logoff	Mon 09/16/2024	 2:21:32.53	acavall3  
Login	Mon 09/16/2024	 6:45:48.76	rayala2 	
Login	Mon 09/16/2024	 8:59:51.77	dmycue 	
Login	Mon 09/16/2024	 9:29:51.66	wz36 	
Login	Mon 09/16/2024	 9:31:04.68	etduchno 	
Login	Mon 09/16/2024	 9:46:35.34	jjarami8 	
Logoff	Mon 09/16/2024	 9:59:07.09	etduchno  
Login	Mon 09/16/2024	10:04:23.56	ocootey 	
Logoff	Mon 09/16/2024	10:36:24.99	rayala2  
Logoff	Mon 09/16/2024	10:44:46.65	jjarami8  
Login	Mon 09/16/2024	10:57:13.56	kbreuer 	
Login	Mon 09/16/2024	10:58:44.99	nkoval 	
Login	Mon 09/16/2024	11:01:26.69	dlai7 	
Login	Mon 09/16/2024	11:01:56.12	acavall3 	
Logoff	Mon 09/16/2024	11:03:59.87	ocootey  
Login	Mon 09/16/2024	11:07:23.36	afranco7 	
Logoff	Mon 09/16/2024	11:19:45.47	nkoval  
Logoff	Mon 09/16/2024	11:29:09.92	dlai7  
Login	Mon 09/16/2024	11:34:18.71	myclarke 	
Logoff	Mon 09/16/2024	11:51:39.14	afranco7  
Logoff	Mon 09/16/2024	11:55:21.21	acavall3  
Logoff	Mon 09/16/2024	12:03:17.79	kbreuer  
Login	Mon 09/16/2024	13:27:52.54	aallen38 	
Logoff	Mon 09/16/2024	13:44:18.45	aallen38  
Login	Mon 09/16/2024	13:59:25.00	szhu90 	
Logoff	Mon 09/16/2024	14:03:53.23	myclarke  
Login	Mon 09/16/2024	14:10:36.42	lrhoads 	
Logoff	Mon 09/16/2024	14:32:30.29	lrhoads  
Logoff	Mon 09/16/2024	15:06:39.31	szhu90  
Logoff	Mon 09/16/2024	16:23:05.53	wz36  
Login	Mon 09/16/2024	16:34:04.70	mgoeke 	
Login	Mon 09/16/2024	16:52:32.64	szhu90 	
Login	Mon 09/16/2024	16:56:00.20	cwernli 	
Login	Mon 09/16/2024	17:03:36.58	amuharra 	
Login	Mon 09/16/2024	17:12:59.34	asun68 	
Login	Mon 09/16/2024	17:14:13.69	khixson 	
Logoff	Mon 09/16/2024	17:16:24.49	cwernli  
Logoff	Mon 09/16/2024	17:27:43.40	amuharra  
Login	Mon 09/16/2024	17:29:45.16	abaum2 	
Login	Mon 09/16/2024	17:31:53.91	tjlang 	
Logoff	Mon 09/16/2024	17:35:50.76	khixson  
Logoff	Mon 09/16/2024	17:51:33.66	asun68  
Login	Mon 09/16/2024	17:54:51.18	kehsan 	
Login	Mon 09/16/2024	18:01:11.32	agordonc 	
Login	Mon 09/16/2024	18:03:37.86	amuharra 	
Logoff	Mon 09/16/2024	18:06:29.71	szhu90  
Logoff	Mon 09/16/2024	18:08:27.31	abaum2  
Logoff	Mon 09/16/2024	18:12:32.10	kehsan  
Logoff	Mon 09/16/2024	18:15:01.08	tjlang  
Logoff	Mon 09/16/2024	18:15:37.35	mgoeke  
Logoff	Mon 09/16/2024	18:40:43.33	amuharra  
Logoff	Mon 09/16/2024	19:00:54.15	dmycue  
Logoff	Mon 09/16/2024	19:10:08.66	agordonc  
Login	Mon 09/16/2024	20:07:08.42	szhu90 	
Login	Mon 09/16/2024	20:08:20.30	nrlong 	
Login	Mon 09/16/2024	20:08:41.82	tjlang 	
Login	Mon 09/16/2024	20:08:55.32	qbaron 	
Login	Mon 09/16/2024	20:41:05.04	jaconrad 	
Logoff	Mon 09/16/2024	21:08:12.47	szhu90  
Login	Mon 09/16/2024	21:15:51.61	szhu90 	
Login	Mon 09/16/2024	21:24:20.76	jretanas 	
Logoff	Mon 09/16/2024	21:26:04.48	jretanas  
Login	Mon 09/16/2024	21:28:27.62	wko4 	
Logoff	Mon 09/16/2024	21:30:53.90	wko4  
Logoff	Mon 09/16/2024	21:39:08.07	nrlong  
Login	Mon 09/16/2024	21:59:15.13	kehsan 	
Login	Mon 09/16/2024	21:59:24.29	lwfrank 	
Login	Mon 09/16/2024	22:05:59.63	jcanlapa 	
Login	Mon 09/16/2024	22:07:56.99	rcsantan 	
Logoff	Mon 09/16/2024	22:11:50.83	szhu90  
Login	Mon 09/16/2024	22:17:47.83	ryuan13 	
Logoff	Mon 09/16/2024	22:47:39.58	ryuan13  
Logoff	Mon 09/16/2024	22:48:55.99	jaconrad  
Login	Mon 09/16/2024	23:06:12.26	aallen38 	
Logoff	Mon 09/16/2024	23:17:49.34	jcanlapa  
Logoff	Mon 09/16/2024	23:22:54.85	rcsantan  
Logoff	Mon 09/16/2024	23:29:25.15	lwfrank  
Logoff	Mon 09/16/2024	23:29:32.22	tjlang  
Logoff	Mon 09/16/2024	23:30:09.19	qbaron  
Login	Mon 09/16/2024	23:33:38.02	rcsantan 	
Logoff	Mon 09/16/2024	23:46:10.93	kehsan  
Logoff	Mon 09/16/2024	23:51:03.64	rcsantan  
Logoff	Mon 09/16/2024	23:51:05.59	aallen38  
Login	Wed 09/18/2024	 1:43:29.63	oppatel 	
Login	Wed 09/18/2024	 1:54:34.17	kmtruong 	
Logoff	Wed 09/18/2024	 3:16:05.14	oppatel  
Logoff	Wed 09/18/2024	 3:24:38.65	kmtruong  
Login	Wed 09/18/2024	 7:25:57.29	dmycue 	
Login	Wed 09/18/2024	 8:47:16.71	rcavin 	
Login	Wed 09/18/2024	 8:54:27.15	jretanas 	
Login	Wed 09/18/2024	 9:02:04.67	wz36 	
Logoff	Wed 09/18/2024	 9:15:08.87	rcavin  
Login	Wed 09/18/2024	 9:34:13.71	kodonne3 	
Logoff	Wed 09/18/2024	 9:42:28.07	jretanas  
Login	Wed 09/18/2024	 9:52:54.08	ytomokiy 	
Logoff	Wed 09/18/2024	 9:58:16.55	kodonne3  
Login	Wed 09/18/2024	10:35:47.98	spark335 	
Login	Wed 09/18/2024	10:36:02.53	mmyklebu 	
Login	Wed 09/18/2024	10:50:11.72	kpalac 	
Logoff	Wed 09/18/2024	10:57:39.02	spark335  
Login	Wed 09/18/2024	11:19:13.90	mgoeke 	
Logoff	Wed 09/18/2024	11:42:20.55	mgoeke  
Login	Wed 09/18/2024	11:43:45.41	esoord 	
Logoff	Wed 09/18/2024	12:08:15.89	mmyklebu  
Login	Wed 09/18/2024	12:17:15.76	mmyklebu 	
Login	Wed 09/18/2024	12:27:14.30	mfederle 	
Logoff	Wed 09/18/2024	12:31:27.56	ytomokiy  
Logoff	Wed 09/18/2024	12:31:57.59	esoord  
Logoff	Wed 09/18/2024	12:43:13.59	mfederle  
Logoff	Wed 09/18/2024	13:03:33.66	mmyklebu  
Login	Wed 09/18/2024	13:15:29.05	lwfrank 	
Login	Wed 09/18/2024	13:25:02.49	kokunsei 	
Logoff	Wed 09/18/2024	13:31:25.70	lwfrank  
Login	Wed 09/18/2024	13:41:30.44	jcanlapa 	
Logoff	Wed 09/18/2024	13:58:20.28	jcanlapa  
Logoff	Wed 09/18/2024	14:16:02.35	kokunsei  
Login	Wed 09/18/2024	15:52:42.81	tareval1 	
Login	Wed 09/18/2024	15:58:47.69	jretanas 	
Login	Wed 09/18/2024	15:59:37.29	sshende 	
Logoff	Wed 09/18/2024	16:18:13.49	sshende  
Logoff	Wed 09/18/2024	17:22:12.32	wz36  
Logoff	Wed 09/18/2024	17:40:10.33	jretanas  
Logoff	Wed 09/18/2024	18:12:39.33	tareval1  
Logoff	Wed 09/18/2024	18:41:26.16	kpalac  
Logoff	Wed 09/18/2024	19:47:51.71	dmycue  
Login	Wed 09/18/2024	19:53:44.29	sthoma54 	
Logoff	Wed 09/18/2024	20:22:26.83	sthoma54  
Login	Sat 09/21/2024	21:55:21.62	mfimran 	
Logoff	Sat 09/21/2024	22:10:49.57	mfimran  
Login	Sun 09/22/2024	 1:35:02.32	cwrigh31 	
Logoff	Sun 09/22/2024	 1:57:26.92	cwrigh31  
Login	Sun 09/22/2024	 8:45:10.30	cchen284 	
Login	Sun 09/22/2024	 9:14:21.43	lrhoads 	
Logoff	Sun 09/22/2024	 9:17:07.40	cchen284  
Login	Sun 09/22/2024	 9:34:25.76	amgutier 	
Login	Sun 09/22/2024	 9:58:57.61	cgan6 	
Logoff	Sun 09/22/2024	10:01:42.17	amgutier  
Logoff	Sun 09/22/2024	10:24:54.09	lrhoads  
Login	Sun 09/22/2024	11:44:01.17	lrhoads 	
Login	Sun 09/22/2024	12:13:11.87	wko4 	
Logoff	Sun 09/22/2024	12:34:56.36	wko4  
Login	Sun 09/22/2024	13:16:52.35	szhu90 	
Logoff	Sun 09/22/2024	13:16:56.59	lrhoads  
Logoff	Sun 09/22/2024	13:33:07.54	szhu90  
Login	Sun 09/22/2024	14:27:43.69	szhu90 	
Logoff	Sun 09/22/2024	14:47:43.00	cgan6  
Login	Sun 09/22/2024	15:09:35.96	ryuan13 	
Logoff	Sun 09/22/2024	15:37:40.99	ryuan13  
Login	Sun 09/22/2024	15:40:52.22	kpalac 	
Logoff	Sun 09/22/2024	15:41:58.74	szhu90  
Login	Sun 09/22/2024	15:56:18.39	cchen284 	
Logoff	Sun 09/22/2024	15:58:59.48	kpalac  
Login	Sun 09/22/2024	16:00:33.42	jretanas 	
Login	Sun 09/22/2024	16:11:31.45	khixson 	
Logoff	Sun 09/22/2024	16:22:47.50	jretanas  
Login	Sun 09/22/2024	16:22:54.75	lwfrank 	
Logoff	Sun 09/22/2024	16:24:36.99	cchen284  
Login	Sun 09/22/2024	16:50:08.58	bcjamal 	
Logoff	Sun 09/22/2024	17:16:59.20	khixson  
Login	Sun 09/22/2024	17:34:51.97	amgutier 	
Logoff	Sun 09/22/2024	17:38:34.22	lwfrank  
Login	Sun 09/22/2024	17:46:15.57	tjlang 	
Logoff	Sun 09/22/2024	17:56:48.96	amgutier  
Logoff	Sun 09/22/2024	18:09:38.82	tjlang  
Logoff	Sun 09/22/2024	18:14:27.40	bcjamal  
Login	Sun 09/22/2024	18:42:31.33	amgutier 	
Login	Sun 09/22/2024	18:42:43.44	cchen284 	
Logoff	Sun 09/22/2024	19:01:30.69	cchen284  
Logoff	Sun 09/22/2024	19:16:49.60	amgutier  
Login	Sun 09/22/2024	19:34:00.52	mrbrough 	
Login	Sun 09/22/2024	20:55:21.81	tjlang 	
Login	Sun 09/22/2024	21:21:57.05	oduarte 	
Logoff	Sun 09/22/2024	21:39:23.82	mrbrough  
Logoff	Sun 09/22/2024	22:38:06.08	oduarte  
Logoff	Sun 09/22/2024	23:34:07.93	tjlang  
Login	Tue 09/24/2024	 0:18:44.54	qbaron 	
Login	Tue 09/24/2024	 0:33:48.51	jcanlapa 	
Login	Tue 09/24/2024	 0:40:22.43	kpate153 	
Logoff	Tue 09/24/2024	 0:55:17.10	qbaron  
Logoff	Tue 09/24/2024	 2:04:07.36	kpate153  
Logoff	Tue 09/24/2024	 2:13:20.91	jcanlapa  
Login	Tue 09/24/2024	 7:48:32.81	dmycue 	
Login	Tue 09/24/2024	 9:00:32.63	wz36 	
Login	Tue 09/24/2024	 9:04:35.26	tareval1 	
Login	Tue 09/24/2024	 9:37:10.03	vteager 	
Logoff	Tue 09/24/2024	10:21:51.27	vteager  
Logoff	Tue 09/24/2024	10:33:48.21	tareval1  
Login	Tue 09/24/2024	11:40:02.87	spark335 	
Logoff	Tue 09/24/2024	12:15:06.30	spark335  
Login	Tue 09/24/2024	12:32:07.27	jnsummer 	
Login	Tue 09/24/2024	12:34:36.32	aallen38 	
Logoff	Tue 09/24/2024	12:56:58.06	aallen38  
Logoff	Tue 09/24/2024	12:57:13.31	jnsummer  
Login	Tue 09/24/2024	13:04:58.45	jretanas 	
Login	Tue 09/24/2024	13:14:03.24	lrhoads 	
Login	Tue 09/24/2024	13:23:29.64	jnsummer 	
Login	Tue 09/24/2024	13:39:13.13	hbzheng 	
Logoff	Tue 09/24/2024	13:43:13.17	jnsummer  
Logoff	Tue 09/24/2024	14:31:35.29	hbzheng  
Logoff	Tue 09/24/2024	14:32:28.35	lrhoads  
Logoff	Tue 09/24/2024	14:37:17.76	jretanas  
Login	Tue 09/24/2024	14:43:12.33	etduchno 	
Login	Tue 09/24/2024	14:51:10.75	gayoub 	
Logoff	Tue 09/24/2024	14:54:57.02	gayoub  
Login	Tue 09/24/2024	15:39:22.46	nwanders 	
Login	Tue 09/24/2024	15:40:24.88	mfang15 	
Login	Tue 09/24/2024	15:49:48.26	ameserve 	
Login	Tue 09/24/2024	15:58:44.63	kpate153 	
Logoff	Tue 09/24/2024	15:59:55.20	etduchno  
Logoff	Tue 09/24/2024	16:09:09.54	ameserve  
Logoff	Tue 09/24/2024	16:43:22.38	mfang15  
Login	Tue 09/24/2024	17:09:36.02	asun68 	
Logoff	Tue 09/24/2024	17:23:35.36	nwanders  
Logoff	Tue 09/24/2024	17:26:44.13	wz36  
Logoff	Tue 09/24/2024	17:42:48.49	asun68  
Login	Tue 09/24/2024	17:43:49.83	asun68 	
Login	Tue 09/24/2024	17:56:25.55	agordonc 	
Logoff	Tue 09/24/2024	18:01:26.51	asun68  
Login	Tue 09/24/2024	18:01:52.69	gmjennin 	
Logoff	Tue 09/24/2024	18:03:15.34	rlee127  
Logoff	Tue 09/24/2024	18:11:44.12	kpate153  
Logoff	Tue 09/24/2024	18:24:24.53	gmjennin  
Logoff	Tue 09/24/2024	19:16:41.35	agordonc  
Logoff	Tue 09/24/2024	19:59:59.79	dmycue  
Login	Tue 09/24/2024	20:18:48.68	rlee127 	
Login	Tue 09/24/2024	20:37:36.74	jaconrad 	
Logoff	Tue 09/24/2024	20:56:31.70	rlee127  
Login	Tue 09/24/2024	21:06:49.62	lllima 	
Logoff	Tue 09/24/2024	21:17:24.45	jaconrad  
Logoff	Tue 09/24/2024	21:45:58.04	lllima  
Login	Tue 09/24/2024	22:11:21.42	fwang70 	
Login	Tue 09/24/2024	22:56:52.06	tareval1 	
Login	Tue 09/24/2024	23:17:27.20	mkamisat 	
Login	Tue 09/24/2024	23:18:37.78	vteager 	
Logoff	Tue 09/24/2024	23:43:39.60	fwang70  
Logoff	Tue 09/24/2024	23:52:30.99	mkamisat  
Logoff	Wed 09/25/2024	 0:20:49.36	vteager  
Logoff	Wed 09/25/2024	 0:25:11.84	tareval1  
Login	Wed 09/25/2024	17:31:28.64	rlee127 	
Logoff	Wed 09/25/2024	18:18:32.69	rlee127  
Login	Wed 09/25/2024	20:15:10.42	sdefreit 	
Logoff	Wed 09/25/2024	20:39:14.81	sdefreit  
Login	Wed 09/25/2024	21:27:31.27	mrbrough 	
Logoff	Wed 09/25/2024	21:46:42.49	mrbrough  
Login	Wed 09/25/2024	22:04:36.46	tareval1 	
Login	Wed 09/25/2024	22:09:18.67	amombay 	
Login	Wed 09/25/2024	22:17:46.63	rlee127 	
Logoff	Wed 09/25/2024	22:48:20.14	rlee127  
Logoff	Wed 09/25/2024	22:59:40.89	amombay  
Login	Wed 09/25/2024	23:00:54.33	sthoma54 	
Logoff	Wed 09/25/2024	23:42:16.65	sthoma54  
Login	Wed 09/25/2024	23:51:29.82	vteager 	
Login	Thu 09/26/2024	 0:00:24.45	rlee127 	
Login	Thu 09/26/2024	 0:00:41.90	cwernli 	
Logoff	Thu 09/26/2024	 0:16:27.22	cwernli  
Logoff	Thu 09/26/2024	 0:19:26.73	vteager  
Login	Thu 09/26/2024	 0:42:06.09	vteager 	
Logoff	Thu 09/26/2024	 1:02:13.93	vteager  
Logoff	Thu 09/26/2024	 1:05:36.49	rlee127  
Logoff	Thu 09/26/2024	 2:33:08.02	tareval1  
Login	Thu 09/26/2024	 8:06:11.15	mrbrough 	
Login	Thu 09/26/2024	 8:54:33.45	wz36 	
Logoff	Thu 09/26/2024	 9:09:23.31	mrbrough  
Login	Thu 09/26/2024	 9:55:06.73	dmycue 	
Login	Thu 09/26/2024	13:46:19.30	rlee127 	
Login	Thu 09/26/2024	14:14:16.68	ksugano1 	
Logoff	Thu 09/26/2024	14:20:24.02	rlee127  
Login	Thu 09/26/2024	14:34:34.52	etduchno 	
Logoff	Thu 09/26/2024	14:35:03.45	ksugano1  
Login	Thu 09/26/2024	16:13:33.83	mfang15 	
Logoff	Thu 09/26/2024	16:19:18.32	etduchno  
Login	Thu 09/26/2024	16:20:39.10	vteager 	
Login	Thu 09/26/2024	16:36:26.53	rlee127 	
Logoff	Thu 09/26/2024	16:58:04.11	vteager  
Login	Thu 09/26/2024	16:59:14.54	kpalac 	
Logoff	Thu 09/26/2024	17:07:53.55	wz36  
Logoff	Thu 09/26/2024	17:08:13.77	rlee127  
Logoff	Thu 09/26/2024	17:29:32.33	mfang15  
Logoff	Thu 09/26/2024	18:03:05.98	kpalac  
Login	Thu 09/26/2024	18:17:52.48	rlee127 	
Login	Thu 09/26/2024	18:38:01.71	amombay 	
Logoff	Thu 09/26/2024	18:56:01.04	rlee127  
Login	Thu 09/26/2024	19:22:36.53	mfang15 	
Login	Thu 09/26/2024	19:37:26.84	kpalac 	
Logoff	Thu 09/26/2024	19:39:40.89	dmycue  
Logoff	Thu 09/26/2024	20:06:43.63	mfang15  
Login	Thu 09/26/2024	20:25:16.06	etduchno 	
Logoff	Thu 09/26/2024	20:37:46.20	amombay  
Login	Thu 09/26/2024	20:58:56.74	vteager 	
Logoff	Thu 09/26/2024	21:16:27.41	etduchno  
Logoff	Thu 09/26/2024	21:25:46.08	vteager  
Login	Thu 09/26/2024	21:32:50.95	amgutier 	
Logoff	Thu 09/26/2024	22:07:35.20	amgutier  
Login	Thu 09/26/2024	22:34:44.72	amombay 	
Login	Thu 09/26/2024	22:40:28.02	vteager 	
Logoff	Thu 09/26/2024	22:52:06.14	kpalac  
Login	Thu 09/26/2024	22:53:27.94	tpyon 	
Logoff	Thu 09/26/2024	23:09:03.72	tpyon  
Login	Thu 09/26/2024	23:12:31.06	cwernli 	
Logoff	Thu 09/26/2024	23:33:11.75	amombay  
Login	Thu 09/26/2024	23:39:29.01	amombay 	
Logoff	Fri 09/27/2024	 0:49:51.34	vteager  
Logoff	Fri 09/27/2024	 1:03:10.25	amombay  
Logoff	Fri 09/27/2024	 1:24:44.61	cwernli  
Login	Fri 09/27/2024	 9:02:28.33	mmyklebu 	
Login	Fri 09/27/2024	 9:21:17.51	wz36 	
Logoff	Fri 09/27/2024	10:06:58.94	mmyklebu  
Login	Fri 09/27/2024	10:43:16.99	khixson 	
Login	Fri 09/27/2024	11:38:28.53	jretanas 	
Login	Fri 09/27/2024	11:52:37.64	dlai7 	
Logoff	Fri 09/27/2024	11:56:59.69	jretanas  
Login	Fri 09/27/2024	12:04:44.53	jretanas 	
Logoff	Fri 09/27/2024	12:16:07.09	khixson  
Login	Fri 09/27/2024	12:53:06.07	gayoub 	
Logoff	Fri 09/27/2024	12:53:59.24	dlai7  
Logoff	Fri 09/27/2024	12:54:56.80	gayoub  
Login	Fri 09/27/2024	13:12:17.73	rlee127 	
Login	Fri 09/27/2024	13:18:15.78	mrbrough 	
Login	Fri 09/27/2024	13:48:53.84	mfang15 	
Logoff	Fri 09/27/2024	13:57:28.86	jretanas  
Logoff	Fri 09/27/2024	14:06:16.22	mrbrough  
Logoff	Fri 09/27/2024	14:07:30.94	mfang15  
Logoff	Fri 09/27/2024	14:11:21.57	rlee127  
Logoff	Fri 09/27/2024	15:06:46.89	wz36  
Login	Fri 09/27/2024	15:23:22.05	vteager 	
Login	Fri 09/27/2024	15:35:55.88	jretanas 	
Login	Fri 09/27/2024	16:23:38.89	klchien 	
Logoff	Fri 09/27/2024	17:32:48.56	jretanas  
Login	Fri 09/27/2024	17:34:48.99	jretanas 	
Login	Fri 09/27/2024	17:45:39.77	dlai7 	
Logoff	Fri 09/27/2024	18:12:45.67	vteager  
Logoff	Fri 09/27/2024	18:18:31.36	dlai7  
Logoff	Fri 09/27/2024	18:22:51.48	klchien  
Login	Fri 09/27/2024	18:44:44.70	khixson 	
Login	Fri 09/27/2024	18:49:53.45	jlee948 	
Logoff	Fri 09/27/2024	18:58:22.89	jretanas  
Logoff	Fri 09/27/2024	19:53:26.41	jlee948  
Logoff	Fri 09/27/2024	20:39:42.60	khixson  
Login	Fri 09/27/2024	20:48:53.83	amgutier 	
Login	Fri 09/27/2024	20:53:35.27	wko4 	
Login	Fri 09/27/2024	20:56:26.96	khixson 	
Logoff	Fri 09/27/2024	21:22:58.50	amgutier  
Logoff	Fri 09/27/2024	22:18:08.05	khixson  
Logoff	Fri 09/27/2024	22:38:52.55	wko4  
Login	Fri 09/27/2024	22:50:29.67	bdquinte 	
Logoff	Fri 09/27/2024	23:13:09.72	bdquinte  
Login	Sat 09/28/2024	 9:00:06.24	kbreuer 	
Logoff	Sat 09/28/2024	10:24:13.77	kbreuer  
Login	Sat 09/28/2024	10:44:29.23	slorenzo 	
Login	Sat 09/28/2024	10:58:18.65	kbreuer 	
Logoff	Sat 09/28/2024	11:18:28.64	slorenzo  
Logoff	Sat 09/28/2024	14:12:32.76	kbreuer  
Login	Sat 09/28/2024	15:00:38.86	kpate153 	
Login	Sat 09/28/2024	16:17:34.17	hgoyal2 	
Logoff	Sat 09/28/2024	16:33:36.93	hgoyal2  
Logoff	Sat 09/28/2024	17:19:28.10	kpate153  
Login	Sat 09/28/2024	18:09:40.65	mfimran 	
Logoff	Sat 09/28/2024	18:26:11.17	mfimran  
Login	Sat 09/28/2024	18:48:22.43	pmarcott 	
Login	Sat 09/28/2024	19:48:46.13	abaum2 	
Logoff	Sat 09/28/2024	20:41:24.31	pmarcott  
Logoff	Sat 09/28/2024	20:59:36.22	abaum2  
Login	Sat 09/28/2024	23:18:31.41	myclarke 	
Logoff	Sun 09/29/2024	 0:50:45.39	myclarke  
Login	Sun 09/29/2024	10:36:47.48	cchen284 	
Login	Sun 09/29/2024	11:16:30.54	wko4 	
Login	Sun 09/29/2024	11:49:41.79	amgutier 	
Login	Sun 09/29/2024	11:54:10.42	cgan6 	
Logoff	Sun 09/29/2024	11:57:18.57	cchen284  
Login	Sun 09/29/2024	12:00:50.90	khixson 	
Logoff	Sun 09/29/2024	12:04:30.92	cgan6  
Login	Sun 09/29/2024	12:26:24.58	mvogelez 	
Login	Sun 09/29/2024	12:26:41.88	mfang15 	
Login	Sun 09/29/2024	12:38:00.14	klchien 	
Login	Sun 09/29/2024	12:39:43.11	dlai7 	
Logoff	Sun 09/29/2024	12:43:26.24	mvogelez  
Logoff	Sun 09/29/2024	13:10:15.07	khixson  
Logoff	Sun 09/29/2024	13:16:38.26	mfang15  
Login	Sun 09/29/2024	13:16:50.95	mharlin2 	
Login	Sun 09/29/2024	13:17:51.26	mfang15 	
Logoff	Sun 09/29/2024	13:18:43.43	amgutier  
Login	Sun 09/29/2024	13:21:16.09	mvogelez 	
Logoff	Sun 09/29/2024	13:30:24.44	wko4  
Logoff	Sun 09/29/2024	13:42:52.47	mvogelez  
Login	Sun 09/29/2024	13:43:43.16	jretanas 	
Logoff	Sun 09/29/2024	13:47:51.50	mharlin2  
Logoff	Sun 09/29/2024	14:08:27.78	jretanas  
Logoff	Sun 09/29/2024	14:15:29.20	dlai7  
Logoff	Sun 09/29/2024	14:18:22.33	mfang15  
Login	Sun 09/29/2024	14:39:01.27	mfang15 	
Logoff	Sun 09/29/2024	14:56:03.51	mfang15  
Logoff	Sun 09/29/2024	15:13:57.03	klchien  
Login	Sun 09/29/2024	15:20:48.04	ainami 	
Logoff	Sun 09/29/2024	15:39:58.87	ainami  
Login	Sun 09/29/2024	15:44:35.60	jgonz113 	
Login	Sun 09/29/2024	15:46:40.14	zshe2 	
Login	Sun 09/29/2024	15:48:05.47	adtirtos 	
Login	Sun 09/29/2024	15:50:16.94	cmxue 	
Logoff	Sun 09/29/2024	16:02:26.84	zshe2  
Logoff	Sun 09/29/2024	16:04:03.00	adtirtos  
Login	Sun 09/29/2024	16:06:19.47	jretanas 	
Logoff	Sun 09/29/2024	16:13:10.95	jgonz113  
Login	Sun 09/29/2024	16:27:34.03	tpyon 	
Logoff	Sun 09/29/2024	16:46:35.05	jretanas  
Logoff	Sun 09/29/2024	17:13:16.44	tpyon  
Login	Sun 09/29/2024	17:14:01.33	cbianco 	
Login	Sun 09/29/2024	17:25:50.40	rmille50 	
Logoff	Sun 09/29/2024	17:32:59.57	cbianco  
Logoff	Sun 09/29/2024	17:48:09.03	rmille50  
Logoff	Sun 09/29/2024	18:32:22.88	cmxue  
Login	Sun 09/29/2024	19:20:57.22	mmyklebu 	
Login	Sun 09/29/2024	19:46:30.73	lwfrank 	
Logoff	Sun 09/29/2024	19:47:26.68	mmyklebu  
Login	Sun 09/29/2024	19:49:25.28	amgutier 	
Login	Sun 09/29/2024	19:51:56.00	cchen284 	
Login	Sun 09/29/2024	20:10:42.19	tpyon 	
Logoff	Sun 09/29/2024	20:24:31.23	lwfrank  
Login	Sun 09/29/2024	20:29:34.91	rmichae5 	
Login	Sun 09/29/2024	20:35:26.08	mmyklebu 	
Logoff	Sun 09/29/2024	20:35:36.80	tpyon  
Login	Sun 09/29/2024	20:44:54.60	tpyon 	
Logoff	Sun 09/29/2024	20:46:16.08	rmichae5  
Login	Sun 09/29/2024	20:48:27.98	pwrubel 	
Login	Sun 09/29/2024	20:58:04.50	shoiland 	
Logoff	Sun 09/29/2024	21:07:26.42	pwrubel  
Logoff	Sun 09/29/2024	21:09:26.97	tpyon  
Logoff	Sun 09/29/2024	21:16:06.63	shoiland  
Logoff	Sun 09/29/2024	21:20:27.47	amgutier  
Logoff	Sun 09/29/2024	21:33:38.62	cchen284  
Login	Sun 09/29/2024	21:56:32.44	tpyon 	
Login	Sun 09/29/2024	21:59:41.62	amgutier 	
Logoff	Sun 09/29/2024	22:00:28.03	mmyklebu  
Logoff	Sun 09/29/2024	22:30:37.56	tpyon  
Login	Sun 09/29/2024	22:48:51.17	mbeantie 	
Login	Sun 09/29/2024	22:50:15.78	szhu90 	
Logoff	Sun 09/29/2024	23:00:27.78	amgutier  
Logoff	Sun 09/29/2024	23:04:28.47	mbeantie  
Login	Sun 09/29/2024	23:58:44.71	nmousbah 	
Logoff	Mon 09/30/2024	 0:14:20.21	nmousbah  
Login	Mon 09/30/2024	 0:50:00.93	dnguy149 	
Login	Mon 09/30/2024	 0:53:00.05	aallen38 	
Logoff	Mon 09/30/2024	 1:05:44.61	dnguy149  
Login	Mon 09/30/2024	 1:28:46.20	lyoung25 	
Logoff	Mon 09/30/2024	 1:30:49.41	aallen38  
Logoff	Mon 09/30/2024	 1:44:36.30	lyoung25  
Logoff	Mon 09/30/2024	 1:50:51.57	szhu90  
Login	Mon 09/30/2024	 2:36:59.93	bcjamal 	
Logoff	Mon 09/30/2024	 3:12:15.83	bcjamal  
Login	Mon 09/30/2024	 9:00:18.72	cchen284 	
Login	Mon 09/30/2024	 9:03:27.31	slorenzo 	
Login	Mon 09/30/2024	 9:04:27.22	khixson 	
Login	Mon 09/30/2024	 9:13:16.68	wz36 	
Login	Mon 09/30/2024	 9:39:12.78	szhu90 	
Login	Mon 09/30/2024	 9:42:02.65	dkulzhan 	
Logoff	Mon 09/30/2024	 9:58:06.21	slorenzo  
Login	Mon 09/30/2024	10:00:17.09	dmycue 	
Logoff	Mon 09/30/2024	10:01:09.57	dkulzhan  
Login	Mon 09/30/2024	10:05:51.35	abaum2 	
Logoff	Mon 09/30/2024	10:07:13.41	khixson  
Logoff	Mon 09/30/2024	10:08:20.57	szhu90  
Login	Mon 09/30/2024	10:14:39.59	eyoon30 	
Login	Mon 09/30/2024	10:17:21.70	szhu90 	
Logoff	Mon 09/30/2024	10:30:28.38	eyoon30  
Logoff	Mon 09/30/2024	10:34:14.88	cchen284  
Logoff	Mon 09/30/2024	10:44:00.88	abaum2  
Login	Mon 09/30/2024	11:07:04.18	achan153 	
Logoff	Mon 09/30/2024	11:07:47.21	szhu90  
Login	Mon 09/30/2024	11:15:58.51	wko4 	
Login	Mon 09/30/2024	11:22:15.09	abaum2 	
Logoff	Mon 09/30/2024	11:23:36.97	achan153  
Login	Mon 09/30/2024	11:46:34.73	nherna20 	
Logoff	Mon 09/30/2024	11:58:05.97	abaum2  
Logoff	Mon 09/30/2024	12:10:00.59	wko4  
Login	Mon 09/30/2024	12:13:06.91	afranco7 	
Login	Mon 09/30/2024	12:33:17.46	pmarcott 	
Logoff	Mon 09/30/2024	12:33:42.46	nherna20  
Login	Mon 09/30/2024	12:38:50.33	jlee948 	
Logoff	Mon 09/30/2024	12:56:27.74	jlee948  
Login	Mon 09/30/2024	13:00:15.44	nherna20 	
Logoff	Mon 09/30/2024	13:06:15.49	pmarcott  
Login	Mon 09/30/2024	13:14:56.36	aremeza 	
Login	Mon 09/30/2024	13:29:41.38	swinaker 	
Login	Mon 09/30/2024	13:30:50.04	tpyon 	
Login	Mon 09/30/2024	13:36:52.69	rlee127 	
Logoff	Mon 09/30/2024	13:42:21.65	aremeza  
Logoff	Mon 09/30/2024	13:45:10.29	swinaker  
Logoff	Mon 09/30/2024	13:53:40.08	nherna20  
Logoff	Mon 09/30/2024	13:54:19.46	afranco7  
Logoff	Mon 09/30/2024	14:00:14.06	tpyon  
Logoff	Mon 09/30/2024	14:15:58.28	rlee127  
Login	Mon 09/30/2024	14:21:22.07	ekschrei 	
Logoff	Mon 09/30/2024	14:40:16.65	ekschrei  
Login	Mon 09/30/2024	14:42:41.64	rlee127 	
Login	Mon 09/30/2024	14:58:54.23	aallen38 	
Login	Mon 09/30/2024	14:59:17.61	mmenashe 	
Login	Mon 09/30/2024	15:00:35.66	amgutier 	
Logoff	Mon 09/30/2024	15:03:52.93	wz36  
Login	Mon 09/30/2024	15:08:33.81	jcanlapa 	
Logoff	Mon 09/30/2024	15:18:10.41	mmenashe  
Logoff	Mon 09/30/2024	15:41:35.39	rlee127  
Login	Mon 09/30/2024	15:45:16.42	wz36 	
Login	Mon 09/30/2024	15:48:10.78	lwfrank 	
Login	Mon 09/30/2024	15:53:54.40	ytomokiy 	
Logoff	Mon 09/30/2024	15:57:41.63	aallen38  
Logoff	Mon 09/30/2024	16:10:50.74	amgutier  
Login	Mon 09/30/2024	16:26:26.25	tpyon 	
Logoff	Mon 09/30/2024	16:33:46.71	lwfrank  
Logoff	Mon 09/30/2024	16:33:53.62	jcanlapa  
Login	Mon 09/30/2024	16:42:37.72	jlee948 	
Logoff	Mon 09/30/2024	16:59:50.63	wz36  
Login	Mon 09/30/2024	17:03:44.28	cchen284 	
Login	Mon 09/30/2024	17:03:51.40	alim16 	
Login	Mon 09/30/2024	17:07:19.65	lwfrank 	
Logoff	Mon 09/30/2024	17:12:07.10	jlee948  
Logoff	Mon 09/30/2024	17:18:39.86	ytomokiy  
Login	Mon 09/30/2024	17:29:07.46	gmjennin 	
Login	Mon 09/30/2024	17:33:29.60	tareval1 	
Login	Mon 09/30/2024	17:48:41.78	efsalina 	
Logoff	Mon 09/30/2024	17:54:17.18	cchen284  
Logoff	Mon 09/30/2024	17:55:57.24	lwfrank  
Login	Mon 09/30/2024	17:59:42.86	lwfrank 	
Logoff	Mon 09/30/2024	18:05:27.81	efsalina  
Logoff	Mon 09/30/2024	18:13:42.22	tpyon  
Login	Mon 09/30/2024	18:15:36.20	irlee 	
Logoff	Mon 09/30/2024	18:19:30.52	irlee  
Logoff	Mon 09/30/2024	18:25:23.14	alim16  
Logoff	Mon 09/30/2024	18:25:54.65	lwfrank  
Logoff	Mon 09/30/2024	18:56:57.54	dmycue  
Login	Mon 09/30/2024	19:20:56.69	halakraa 	
Login	Mon 09/30/2024	19:26:06.03	asieng 	
Logoff	Mon 09/30/2024	19:30:28.40	gmjennin  
Logoff	Mon 09/30/2024	19:41:18.22	halakraa  
Logoff	Mon 09/30/2024	19:46:44.21	tareval1  
Login	Mon 09/30/2024	19:49:50.26	mmyklebu 	
Logoff	Mon 09/30/2024	19:54:50.17	asieng  
Login	Mon 09/30/2024	19:59:21.10	tjparekh 	
Login	Mon 09/30/2024	20:08:52.99	pmarcott 	
Logoff	Mon 09/30/2024	20:15:31.97	tjparekh  
Login	Mon 09/30/2024	20:21:25.32	ekarcana 	
Login	Mon 09/30/2024	20:23:39.74	bdquinte 	
Logoff	Mon 09/30/2024	20:24:47.98	pmarcott  
Login	Mon 09/30/2024	20:26:15.01	echukosk 	
Login	Mon 09/30/2024	20:28:19.01	dnorth1 	
Login	Mon 09/30/2024	20:28:49.22	egencer1 	
Login	Mon 09/30/2024	20:29:58.06	atshea 	
Logoff	Mon 09/30/2024	20:36:52.87	ekarcana  
Login	Mon 09/30/2024	20:38:37.44	skim681 	
Logoff	Mon 09/30/2024	20:44:28.28	echukosk  
Login	Mon 09/30/2024	20:45:06.54	stran47 	
Logoff	Mon 09/30/2024	20:45:13.90	egencer1  
Logoff	Mon 09/30/2024	20:45:33.60	atshea  
Logoff	Mon 09/30/2024	20:46:17.13	bdquinte  
Login	Mon 09/30/2024	20:47:25.39	jlee1108 	
Logoff	Mon 09/30/2024	20:52:46.65	dnorth1  
Login	Mon 09/30/2024	20:53:00.20	szhu90 	
Logoff	Mon 09/30/2024	20:54:11.91	skim681  
Login	Mon 09/30/2024	21:00:11.63	tpyon 	
Logoff	Mon 09/30/2024	21:02:55.66	jlee1108  
Logoff	Mon 09/30/2024	21:03:03.25	stran47  
Logoff	Mon 09/30/2024	21:03:59.66	mmyklebu  
Login	Mon 09/30/2024	21:13:09.60	yliao36 	
Logoff	Mon 09/30/2024	21:32:39.10	yliao36  
Logoff	Mon 09/30/2024	21:48:08.10	tpyon  
Login	Mon 09/30/2024	21:58:27.43	smargett 	
Login	Mon 09/30/2024	22:01:44.63	tpyon 	
Login	Mon 09/30/2024	22:02:42.17	rcsantan 	
Login	Mon 09/30/2024	22:12:38.13	mttruong 	
Logoff	Mon 09/30/2024	22:14:08.10	smargett  
Login	Mon 09/30/2024	22:17:05.02	jmeijaar 	
Login	Mon 09/30/2024	22:21:41.78	awu164 	
Logoff	Mon 09/30/2024	22:28:48.44	mttruong  
Logoff	Mon 09/30/2024	22:29:31.04	rcsantan  
Login	Mon 09/30/2024	22:29:46.35	jhadley3 	
Logoff	Mon 09/30/2024	22:32:59.64	jmeijaar  
Logoff	Mon 09/30/2024	22:37:05.34	awu164  
Login	Mon 09/30/2024	22:38:54.22	rlee127 	
Logoff	Mon 09/30/2024	22:53:15.66	jhadley3  
Logoff	Mon 09/30/2024	23:07:44.21	rlee127  
Login	Mon 09/30/2024	23:23:54.23	tsutanto 	
Login	Mon 09/30/2024	23:34:23.87	ckim236 	
Login	Mon 09/30/2024	23:36:08.69	swang484 	
Logoff	Mon 09/30/2024	23:44:58.31	tsutanto  
Login	Mon 09/30/2024	23:49:22.09	lmitch21 	
Logoff	Mon 09/30/2024	23:50:32.31	ckim236  
Login	Mon 09/30/2024	23:50:33.89	rcsantan 	
Logoff	Mon 09/30/2024	23:51:38.79	swang484  
Logoff	Tue 10/01/2024	 0:05:59.43	lmitch21  
Logoff	Tue 10/01/2024	 0:20:22.35	szhu90  
Login	Tue 10/01/2024	 0:22:38.41	bdquinte 	
Logoff	Tue 10/01/2024	 0:27:00.15	tpyon  
Logoff	Tue 10/01/2024	 0:39:30.32	bdquinte  
Logoff	Tue 10/01/2024	 0:48:26.40	rcsantan  
Login	Tue 10/01/2024	 0:48:54.95	vteager 	
Login	Tue 10/01/2024	 0:57:20.50	szhu90 	
Logoff	Tue 10/01/2024	 1:04:38.80	vteager  
Logoff	Tue 10/01/2024	 1:48:43.35	szhu90  
Login	Tue 10/01/2024	 2:10:29.14	salu 	
Logoff	Tue 10/01/2024	 2:30:30.77	salu  
Login	Tue 10/01/2024	 7:31:01.15	dmycue 	
Login	Tue 10/01/2024	 8:29:56.08	schohmal 	
Login	Tue 10/01/2024	 9:01:21.01	njelbaum 	
Login	Tue 10/01/2024	 9:02:16.54	wz36 	
Login	Tue 10/01/2024	 9:04:29.23	jhidalg2 	
Login	Tue 10/01/2024	 9:04:29.79	rabubaki 	
Login	Tue 10/01/2024	 9:05:15.95	mbeantie 	
Login	Tue 10/01/2024	 9:05:16.41	brichar6 	
Logoff	Tue 10/01/2024	 9:17:01.82	njelbaum  
Logoff	Tue 10/01/2024	 9:20:56.00	rabubaki  
Logoff	Tue 10/01/2024	 9:22:07.88	mbeantie  
Login	Tue 10/01/2024	 9:24:11.67	aaliahma 	
Login	Tue 10/01/2024	 9:25:30.70	tameyer 	
Logoff	Tue 10/01/2024	 9:30:19.16	jhidalg2  
Logoff	Tue 10/01/2024	 9:30:27.03	brichar6  
Login	Tue 10/01/2024	 9:34:30.10	amgutier 	
Login	Tue 10/01/2024	 9:35:46.90	mmitch43 	
Logoff	Tue 10/01/2024	 9:40:39.31	aaliahma  
Logoff	Tue 10/01/2024	 9:41:22.21	tameyer  
Login	Tue 10/01/2024	 9:43:29.72	nherna20 	
Logoff	Tue 10/01/2024	 9:51:11.01	mmitch43  
Login	Tue 10/01/2024	10:00:57.37	mcampb26 	
Login	Tue 10/01/2024	17:01:05.89	msaoud 	
Logoff	Tue 10/01/2024	10:02:20.80	amgutier  
Logoff	Tue 10/01/2024	10:16:05.79	mcampb26  
Logoff	Tue 10/01/2024	17:17:25.21	msaoud  
Logoff	Tue 10/01/2024	10:26:39.70	schohmal  
Login	Tue 10/01/2024	10:48:29.02	lwfrank 	
Login	Tue 10/01/2024	10:59:31.25	rcsantan 	
Login	Tue 10/01/2024	10:59:52.28	tpyon 	
Login	Tue 10/01/2024	11:00:36.30	ekim355 	
Logoff	Tue 10/01/2024	11:16:39.58	ekim355  
Login	Tue 10/01/2024	11:19:41.99	gmjennin 	
Login	Tue 10/01/2024	11:21:14.44	nrlong 	
Logoff	Tue 10/01/2024	11:42:09.29	lwfrank  
Logoff	Tue 10/01/2024	11:48:21.57	tpyon  
Login	Tue 10/01/2024	11:57:47.42	ktaneust 	
Logoff	Tue 10/01/2024	12:13:26.14	ktaneust  
Login	Tue 10/01/2024	12:28:27.73	skozynet 	
Login	Tue 10/01/2024	12:37:58.41	trleblan 	
Logoff	Tue 10/01/2024	12:46:36.87	skozynet  
Login	Tue 10/01/2024	12:59:49.64	zmunno 	
Logoff	Tue 10/01/2024	13:01:15.48	trleblan  
Login	Tue 10/01/2024	13:06:51.36	skozynet 	
Logoff	Tue 10/01/2024	13:08:41.54	dmycue  
Logoff	Tue 10/01/2024	13:12:57.00	nherna20  
Login	Tue 10/01/2024	13:14:22.32	jgcasale 	
Logoff	Tue 10/01/2024	13:14:58.32	zmunno  
Logoff	Tue 10/01/2024	13:15:00.90	nrlong  
Login	Tue 10/01/2024	13:19:05.05	evartany 	
Logoff	Tue 10/01/2024	13:21:01.89	gmjennin  
Logoff	Tue 10/01/2024	13:23:09.71	skozynet  
Logoff	Tue 10/01/2024	13:30:50.89	jgcasale  
Login	Tue 10/01/2024	13:35:50.29	svohra2 	
Login	Tue 10/01/2024	13:37:29.07	cchen284 	
Logoff	Tue 10/01/2024	13:40:40.94	evartany  
Logoff	Tue 10/01/2024	13:48:10.89	rcsantan  
Login	Tue 10/01/2024	14:01:15.93	tpyon 	
Logoff	Tue 10/01/2024	14:14:59.47	svohra2  
Logoff	Tue 10/01/2024	14:18:15.78	cchen284  
Login	Tue 10/01/2024	14:21:36.83	svohra2 	
Login	Tue 10/01/2024	14:23:52.17	lwfrank 	
Login	Tue 10/01/2024	14:28:01.75	echukosk 	
Login	Tue 10/01/2024	14:28:15.11	etduchno 	
Logoff	Tue 10/01/2024	14:42:27.99	tpyon  
Logoff	Tue 10/01/2024	14:44:17.71	echukosk  
Logoff	Tue 10/01/2024	14:44:20.62	lwfrank  
Logoff	Tue 10/01/2024	14:44:58.54	etduchno  
Login	Tue 10/01/2024	14:45:43.98	syang228 	
Logoff	Tue 10/01/2024	15:04:07.05	syang228  
Login	Tue 10/01/2024	15:10:52.03	ameserve 	
Login	Tue 10/01/2024	15:16:16.90	svonderg 	
Logoff	Tue 10/01/2024	15:27:05.23	ameserve  
Logoff	Tue 10/01/2024	15:31:00.26	svohra2  
Logoff	Tue 10/01/2024	15:32:19.12	svonderg  
Login	Tue 10/01/2024	15:39:23.75	svohra2 	
Login	Tue 10/01/2024	17:00:55.18	lllima 	
Login	Tue 10/01/2024	17:07:08.74	tjlang 	
Logoff	Tue 10/01/2024	17:13:02.93	wz36  
Login	Tue 10/01/2024	17:13:30.91	amgutier 	
Login	Tue 10/01/2024	17:18:11.54	myclarke 	
Logoff	Tue 10/01/2024	17:30:30.76	svohra2  
Logoff	Tue 10/01/2024	17:41:13.58	amgutier  
Logoff	Tue 10/01/2024	17:44:36.30	tjlang  
Logoff	Tue 10/01/2024	18:01:45.98	lllima  
Login	Tue 10/01/2024	18:25:21.93	amombay 	
Logoff	Tue 10/01/2024	18:26:29.98	myclarke  
Logoff	Tue 10/01/2024	18:59:26.93	amombay  
Login	Wed 10/09/2024	 9:03:18.75	wz36 	
Login	Wed 10/09/2024	10:14:40.82	dmycue 	
Login	Wed 10/09/2024	10:47:03.35	kbreuer 	
Logoff	Wed 10/09/2024	11:09:16.15	kbreuer  
Login	Wed 10/09/2024	11:21:08.93	mbucci 	
Logoff	Wed 10/09/2024	11:38:11.80	mbucci  
Login	Wed 10/09/2024	13:11:14.06	nklemba 	
Login	Wed 10/09/2024	13:37:08.16	dkulzhan 	
Logoff	Wed 10/09/2024	13:56:33.24	dkulzhan  
Login	Wed 10/09/2024	14:04:43.38	ocootey 	
Login	Wed 10/09/2024	14:23:20.81	mrbrough 	
Logoff	Wed 10/09/2024	14:53:06.29	ocootey  
Logoff	Wed 10/09/2024	15:08:07.58	nklemba  
Logoff	Wed 10/09/2024	15:12:38.23	mrbrough  
Login	Wed 10/09/2024	15:30:28.01	mrbrough 	
Login	Wed 10/09/2024	15:37:51.06	jabney 	
Login	Wed 10/09/2024	15:38:47.20	ocootey 	
Logoff	Wed 10/09/2024	16:59:39.64	jabney  
Logoff	Wed 10/09/2024	17:13:29.22	ocootey  
Logoff	Wed 10/09/2024	18:00:33.36	mrbrough  
Logoff	Wed 10/09/2024	19:27:55.96	wz36  
Logoff	Wed 10/09/2024	19:51:52.36	dmycue  
Login	Wed 10/09/2024	21:15:53.67	rlee127 	
Login	Wed 10/09/2024	21:18:32.15	ssalseda 	
Logoff	Wed 10/09/2024	21:34:34.06	ssalseda  
Logoff	Wed 10/09/2024	22:19:06.35	rlee127  
Login	Wed 10/09/2024	22:43:39.50	nklemba 	
Login	Wed 10/09/2024	23:43:25.53	ocootey 	
Login	Thu 10/10/2024	 0:38:11.16	mrbrough 	
Logoff	Thu 10/10/2024	 1:24:02.43	ocootey  
Logoff	Thu 10/10/2024	 1:53:17.92	mrbrough  
Logoff	Thu 10/10/2024	 3:19:38.37	nklemba  
