Login	Fri 09/13/2024	11:55:50.65	dmycue 	
Login	Fri 09/13/2024	11:56:22.44	cgan6 	
Logoff	Fri 09/13/2024	12:08:20.78	cgan6  
Login	Fri 09/13/2024	12:10:17.01	mfang15 	
Login	Fri 09/13/2024	12:11:36.61	srober54 	
Logoff	Fri 09/13/2024	12:40:45.93	srober54  
Login	Fri 09/13/2024	12:58:16.49	wz36 	
Logoff	Fri 09/13/2024	13:10:54.26	mfang15  
Login	Fri 09/13/2024	13:53:24.73	srober54 	
Logoff	Fri 09/13/2024	14:48:01.23	srober54  
Login	Fri 09/13/2024	15:15:39.46	ameserve 	
Logoff	Fri 09/13/2024	15:21:15.06	wz36  
Login	Fri 09/13/2024	15:22:28.48	gayoub 	
Logoff	Fri 09/13/2024	15:36:34.03	ameserve  
Logoff	Fri 09/13/2024	16:32:51.24	gayoub  
Login	Fri 09/13/2024	16:36:29.35	ryuan13 	
Login	Fri 09/13/2024	16:39:10.79	gayoub 	
Logoff	Fri 09/13/2024	16:43:01.90	dmycue  
Logoff	Fri 09/13/2024	16:44:17.23	gayoub  
Login	Fri 09/13/2024	16:49:18.40	mkamisat 	
Logoff	Fri 09/13/2024	17:03:54.15	ryuan13  
Logoff	Fri 09/13/2024	17:11:14.67	mkamisat  
Login	Fri 09/13/2024	18:14:09.73	jlee948 	
Login	Fri 09/13/2024	18:26:38.47	srober54 	
Login	Fri 09/13/2024	18:37:34.49	crui1 	
Logoff	Fri 09/13/2024	18:49:36.12	jlee948  
Logoff	Fri 09/13/2024	19:04:35.87	crui1  
Login	Fri 09/13/2024	19:10:15.85	pmarcott 	
Logoff	Fri 09/13/2024	19:46:38.32	pmarcott  
Login	Fri 09/13/2024	20:03:43.45	mfang15 	
Logoff	Fri 09/13/2024	20:37:16.05	mfang15  
Login	Fri 09/13/2024	20:58:15.22	mkamisat 	
Login	Fri 09/13/2024	21:11:32.60	amgutier 	
Logoff	Fri 09/13/2024	21:18:18.61	mkamisat  
Logoff	Fri 09/13/2024	21:36:41.67	srober54  
Logoff	Fri 09/13/2024	22:18:38.20	amgutier  
Login	Fri 09/13/2024	22:51:36.84	ryuan13 	
Logoff	Sat 09/14/2024	 0:05:24.77	ryuan13  
Login	Sun 09/15/2024	 9:23:04.60	khixson 	
Login	Sun 09/15/2024	10:54:33.56	rayala2 	
Logoff	Sun 09/15/2024	11:22:25.23	rayala2  
Login	Sun 09/15/2024	11:54:48.38	srober54 	
Login	Sun 09/15/2024	12:06:38.71	amuharra 	
Login	Sun 09/15/2024	12:14:55.45	asun68 	
Login	Sun 09/15/2024	12:34:51.54	dnorth1 	
Logoff	Sun 09/15/2024	12:36:23.08	srober54  
Logoff	Sun 09/15/2024	12:42:56.50	amuharra  
Logoff	Sun 09/15/2024	12:45:21.10	khixson  
Logoff	Sun 09/15/2024	12:50:22.28	dnorth1  
Login	Sun 09/15/2024	12:51:08.96	wko4 	
Login	Sun 09/15/2024	12:56:26.64	jabney 	
Logoff	Sun 09/15/2024	13:21:30.79	asun68  
Logoff	Sun 09/15/2024	13:28:55.05	jabney  
Login	Sun 09/15/2024	13:42:26.51	nkoval 	
Logoff	Sun 09/15/2024	13:54:23.51	wko4  
Login	Sun 09/15/2024	14:41:45.20	kmorri19 	
Login	Sun 09/15/2024	15:19:16.39	vteager 	
Login	Sun 09/15/2024	15:22:05.13	kherna21 	
Login	Sun 09/15/2024	15:33:24.73	svu3 	
Logoff	Sun 09/15/2024	16:06:27.77	kherna21  
Logoff	Sun 09/15/2024	16:34:46.90	nkoval  
Login	Sun 09/15/2024	16:43:32.11	nkoval 	
Login	Sun 09/15/2024	16:48:19.40	kherna21 	
Login	Sun 09/15/2024	16:59:42.98	oduarte 	
Login	Sun 09/15/2024	17:32:30.17	acavall3 	
Logoff	Sun 09/15/2024	17:37:54.39	nkoval  
Logoff	Sun 09/15/2024	18:12:42.05	vteager  
Logoff	Sun 09/15/2024	18:14:31.35	svu3  
Logoff	Sun 09/15/2024	18:21:37.31	kmorri19  
Login	Sun 09/15/2024	18:27:15.61	ocootey 	
Login	Sun 09/15/2024	18:30:12.77	afranco7 	
Login	Sun 09/15/2024	18:34:05.18	nklemba 	
Login	Sun 09/15/2024	19:26:16.33	sdefreit 	
Logoff	Sun 09/15/2024	19:27:46.30	ocootey  
Logoff	Sun 09/15/2024	19:46:56.10	oduarte  
Logoff	Sun 09/15/2024	20:02:08.84	nklemba  
Logoff	Sun 09/15/2024	20:07:50.85	kherna21  
Login	Sun 09/15/2024	20:12:21.69	svu3 	
Logoff	Sun 09/15/2024	20:26:01.30	afranco7  
Login	Sun 09/15/2024	20:53:39.53	nkoval 	
Login	Sun 09/15/2024	21:45:36.55	kherna21 	
Login	Sun 09/15/2024	22:06:43.20	rcavin 	
Logoff	Sun 09/15/2024	22:36:16.05	rcavin  
Logoff	Sun 09/15/2024	22:45:49.67	sdefreit  
Login	Sun 09/15/2024	23:26:27.30	ocootey 	
Login	Sun 09/15/2024	23:39:34.67	nklemba 	
Logoff	Mon 09/16/2024	 0:19:44.42	acavall3  
Logoff	Mon 09/16/2024	 0:19:44.87	nklemba  
Logoff	Mon 09/16/2024	 0:19:45.28	ocootey  
Login	Tue 09/17/2024	17:07:36.31	gmjennin 	
Login	Tue 09/17/2024	17:07:42.60	hchen245 	
Logoff	Tue 09/17/2024	17:27:56.22	hchen245  
Logoff	Tue 09/17/2024	18:33:52.10	gmjennin  
Login	Fri 09/20/2024	 0:55:35.44	mrbrough 	
Logoff	Fri 09/20/2024	 1:15:55.47	mrbrough  
Login	Fri 09/20/2024	 9:19:07.80	wz36 	
Login	Fri 09/20/2024	 9:42:49.49	dmycue 	
Login	Fri 09/20/2024	11:56:00.61	pgaudio 	
Logoff	Fri 09/20/2024	12:19:20.11	pgaudio  
Logoff	Fri 09/20/2024	13:18:09.55	wz36  
Login	Fri 09/20/2024	14:13:13.39	wz36 	
Login	Fri 09/20/2024	15:27:25.05	jretanas 	
Login	Fri 09/20/2024	15:29:18.89	mrbrough 	
Login	Fri 09/20/2024	16:36:33.23	vteager 	
Logoff	Fri 09/20/2024	16:42:03.59	dmycue  
Login	Fri 09/20/2024	16:47:08.83	dmycue 	
Logoff	Fri 09/20/2024	17:06:38.50	wz36  
Logoff	Fri 09/20/2024	17:35:41.23	mrbrough  
Logoff	Fri 09/20/2024	17:53:13.43	jretanas  
Logoff	Fri 09/20/2024	18:20:39.70	vteager  
Logoff	Fri 09/20/2024	19:17:11.32	dmycue  
Login	Fri 09/20/2024	19:28:22.68	mrbrough 	
Logoff	Fri 09/20/2024	19:44:38.65	mrbrough  
Login	Fri 09/20/2024	23:18:46.39	mrbrough 	
Logoff	Sat 09/21/2024	 0:06:41.49	mrbrough  
Login	Mon 09/30/2024	20:40:12.98	cwrigh31 	
Logoff	Mon 09/30/2024	20:41:17.35	cwrigh31  
Login	Tue 10/01/2024	 9:13:07.47	acondorm 	
Login	Tue 10/01/2024	 9:14:19.44	jgonz113 	
Login	Tue 10/01/2024	 9:20:03.43	szhu90 	
Logoff	Tue 10/01/2024	 9:29:56.40	jgonz113  
Logoff	Tue 10/01/2024	 9:31:37.13	acondorm  
Logoff	Tue 10/01/2024	 9:39:58.89	szhu90  
Login	Tue 10/01/2024	11:12:24.44	wko4 	
Login	Tue 10/01/2024	11:23:59.71	eericks1 	
Logoff	Tue 10/01/2024	12:10:02.66	eericks1  
Logoff	Tue 10/01/2024	12:33:13.54	wko4  
Login	Tue 10/01/2024	13:06:50.97	sjeon27 	
Login	Tue 10/01/2024	13:07:53.41	pvachon 	
Login	Tue 10/01/2024	13:08:26.49	rzhu56 	
Logoff	Tue 10/01/2024	13:22:19.12	sjeon27  
Logoff	Tue 10/01/2024	13:25:23.06	rzhu56  
Logoff	Tue 10/01/2024	13:33:01.10	pvachon  
Login	Tue 10/01/2024	14:31:39.34	euwillia 	
Logoff	Tue 10/01/2024	14:45:11.72	euwillia  
Login	Thu 10/03/2024	17:01:14.69	rcavin 	
Logoff	Thu 10/03/2024	19:16:55.88	rcavin  
Login	Thu 10/03/2024	22:45:11.58	brwallac 	
Logoff	Thu 10/03/2024	23:06:28.42	brwallac  
Login	Thu 10/03/2024	23:17:30.50	mmyklebu 	
Login	Thu 10/03/2024	23:18:18.80	alim16 	
Login	Thu 10/03/2024	23:51:40.63	qbaron 	
Login	Fri 10/04/2024	 0:04:10.75	jnsummer 	
Logoff	Fri 10/04/2024	 0:51:51.59	mmyklebu  
Logoff	Fri 10/04/2024	 0:58:08.48	qbaron  
Logoff	Fri 10/04/2024	 1:00:05.37	alim16  
Logoff	Fri 10/04/2024	 1:07:59.10	jnsummer  
Login	Mon 10/07/2024	10:53:01.27	anjawors 	
Logoff	Mon 10/07/2024	10:55:41.03	anjawors  
Login	Mon 10/07/2024	10:59:01.87	anjawors 	
Logoff	Mon 10/07/2024	11:11:48.12	anjawors  
Login	Mon 10/07/2024	11:20:33.38	anjawors 	
Logoff	Mon 10/07/2024	11:36:28.08	anjawors  
Login	Mon 10/07/2024	11:43:42.30	gayoub 	
Login	Mon 10/07/2024	12:27:58.66	anjawors 	
Logoff	Mon 10/07/2024	12:51:03.84	anjawors  
Login	Mon 10/07/2024	12:59:20.26	anjawors 	
Login	Mon 10/07/2024	13:09:33.99	cgan6 	
Logoff	Mon 10/07/2024	13:36:31.77	cgan6  
Logoff	Mon 10/07/2024	13:50:19.48	anjawors  
Login	Mon 10/07/2024	14:07:32.89	lrhoads 	
Logoff	Mon 10/07/2024	14:33:16.09	gayoub  
Login	Mon 10/07/2024	14:48:04.64	odheng 	
Logoff	Mon 10/07/2024	15:04:37.40	odheng  
Logoff	Mon 10/07/2024	15:39:42.95	lrhoads  
Login	Mon 10/07/2024	18:02:05.43	sakelly 	
Logoff	Mon 10/07/2024	18:34:42.19	sakelly  
Login	Mon 10/07/2024	19:17:32.78	hhbutler 	
Logoff	Mon 10/07/2024	19:33:24.69	hhbutler  
Login	Mon 10/07/2024	19:36:58.36	rlee127 	
Login	Mon 10/07/2024	20:07:25.26	mharlin2 	
Logoff	Mon 10/07/2024	20:20:57.61	rlee127  
Logoff	Mon 10/07/2024	20:58:27.55	mharlin2  
Login	Mon 10/07/2024	21:11:11.23	rlee127 	
Logoff	Mon 10/07/2024	21:47:58.37	rlee127  
Login	Mon 10/07/2024	23:37:50.94	dmittlem 	
Logoff	Tue 10/08/2024	 1:00:51.98	dmittlem  
Login	Tue 10/08/2024	 7:44:49.83	dmycue 	
Login	Tue 10/08/2024	 8:35:47.63	ytomokiy 	
Logoff	Tue 10/08/2024	 9:09:50.32	ytomokiy  
Login	Tue 10/08/2024	 9:13:30.62	wz36 	
Login	Tue 10/08/2024	 9:31:51.34	tareval1 	
Logoff	Tue 10/08/2024	 9:56:19.60	tareval1  
Login	Tue 10/08/2024	10:34:38.31	jabney 	
Login	Tue 10/08/2024	10:38:53.45	aobrado1 	
Login	Tue 10/08/2024	10:41:45.79	azerby 	
Login	Tue 10/08/2024	10:45:48.94	estang 	
Logoff	Tue 10/08/2024	10:56:33.86	aobrado1  
Logoff	Tue 10/08/2024	11:00:38.89	azerby  
Logoff	Tue 10/08/2024	11:32:23.05	jabney  
Login	Tue 10/08/2024	12:05:09.69	mharlin2 	
Login	Tue 10/08/2024	12:30:33.17	afranco7 	
Logoff	Tue 10/08/2024	12:44:23.17	estang  
Login	Tue 10/08/2024	13:10:32.66	sroser 	
Login	Tue 10/08/2024	13:13:54.71	estang 	
Logoff	Tue 10/08/2024	13:34:05.39	estang  
Logoff	Tue 10/08/2024	13:50:30.13	mharlin2  
Logoff	Tue 10/08/2024	13:58:11.22	afranco7  
Login	Tue 10/08/2024	14:32:36.30	etduchno 	
Logoff	Tue 10/08/2024	14:51:04.89	sroser  
Login	Tue 10/08/2024	15:00:42.53	afranco7 	
Login	Tue 10/08/2024	15:18:08.35	sroser 	
Login	Tue 10/08/2024	15:43:30.04	mrbrough 	
Logoff	Tue 10/08/2024	15:46:20.29	afranco7  
Logoff	Tue 10/08/2024	15:50:37.46	etduchno  
Login	Tue 10/08/2024	15:53:13.34	etduchno 	
Logoff	Tue 10/08/2024	16:18:18.99	mrbrough  
Login	Tue 10/08/2024	16:20:05.96	ehandyca 	
Logoff	Tue 10/08/2024	16:59:24.82	etduchno  
Logoff	Tue 10/08/2024	17:05:02.72	wz36  
Logoff	Tue 10/08/2024	17:36:57.32	sroser  
Logoff	Tue 10/08/2024	18:09:22.00	ehandyca  
Login	Tue 10/08/2024	18:16:18.62	nklemba 	
Logoff	Tue 10/08/2024	18:51:39.11	nklemba  
Logoff	Tue 10/08/2024	19:35:01.95	dmycue  
Login	Thu 10/10/2024	 7:22:02.97	dmycue 	
Login	Thu 10/10/2024	 9:04:29.47	vteager 	
Login	Thu 10/10/2024	 9:12:03.64	wz36 	
Logoff	Thu 10/10/2024	10:28:58.96	vteager  
Login	Thu 10/10/2024	11:20:36.17	jabney 	
Logoff	Thu 10/10/2024	12:02:26.32	jabney  
Login	Thu 10/10/2024	12:37:33.45	jabney 	
Logoff	Thu 10/10/2024	12:38:12.36	wz36  
Login	Thu 10/10/2024	13:02:22.47	trleblan 	
Logoff	Thu 10/10/2024	13:02:57.66	trleblan  
Logoff	Thu 10/10/2024	13:06:25.91	jabney  
Login	Thu 10/10/2024	13:07:35.55	cbianco 	
Login	Thu 10/10/2024	13:14:41.46	ckopf1 	
Logoff	Thu 10/10/2024	13:30:15.46	ckopf1  
Login	Thu 10/10/2024	13:48:40.15	wz36 	
Logoff	Thu 10/10/2024	14:29:12.71	dmycue  
Logoff	Thu 10/10/2024	14:38:54.23	cbianco  
Login	Thu 10/10/2024	15:47:00.79	dmycue 	
Logoff	Thu 10/10/2024	16:50:30.17	wz36  
Login	Thu 10/10/2024	17:07:24.12	nklemba 	
Login	Thu 10/10/2024	17:14:08.80	etduchno 	
Login	Thu 10/10/2024	17:53:51.72	afranco7 	
Logoff	Thu 10/10/2024	18:02:24.60	etduchno  
Logoff	Thu 10/10/2024	18:03:58.99	dmycue  
Logoff	Thu 10/10/2024	19:10:31.88	nklemba  
Login	Thu 10/10/2024	19:39:27.47	vteager 	
Logoff	Thu 10/10/2024	19:59:45.10	vteager  
Logoff	Thu 10/10/2024	20:18:04.58	afranco7  
Login	Thu 10/10/2024	21:58:02.08	afranco7 	
Login	Fri 10/11/2024	 0:03:33.16	kmorri19 	
Login	Fri 10/11/2024	 0:10:15.29	vteager 	
Logoff	Fri 10/11/2024	 0:36:04.95	vteager  
Logoff	Fri 10/11/2024	 0:38:28.64	afranco7  
Logoff	Fri 10/11/2024	 0:44:09.08	kmorri19  
Login	Fri 10/11/2024	10:09:17.33	jabney 	
Login	Fri 10/11/2024	10:56:16.53	kmorri19 	
Logoff	Fri 10/11/2024	11:06:29.80	jabney  
Logoff	Fri 10/11/2024	11:17:50.86	kmorri19  
Login	Fri 10/11/2024	12:48:54.83	afranco7 	
Login	Fri 10/11/2024	13:01:00.18	rlee127 	
Logoff	Fri 10/11/2024	13:41:01.85	rlee127  
Login	Fri 10/11/2024	13:48:26.50	rlee127 	
Logoff	Fri 10/11/2024	14:14:22.92	rlee127  
Logoff	Fri 10/11/2024	14:22:55.90	afranco7  
Login	Fri 10/11/2024	14:48:14.07	ohernan6 	
Logoff	Fri 10/11/2024	15:03:42.22	ohernan6  
Login	Fri 10/11/2024	16:21:02.83	vteager 	
Login	Fri 10/11/2024	16:56:47.22	rlee127 	
Login	Fri 10/11/2024	17:00:57.73	afranco7 	
Login	Fri 10/11/2024	17:01:10.00	jabney 	
Logoff	Fri 10/11/2024	17:13:11.75	rlee127  
Logoff	Fri 10/11/2024	17:24:12.39	afranco7  
Logoff	Fri 10/11/2024	18:25:32.78	vteager  
Logoff	Fri 10/11/2024	18:40:59.70	jabney  
Login	Fri 10/11/2024	22:49:37.45	kmorri19 	
Logoff	Sat 10/12/2024	 0:28:33.53	kmorri19  
Login	Sat 10/12/2024	10:46:44.44	ryuan13 	
Logoff	Sat 10/12/2024	11:21:47.18	ryuan13  
Login	Sat 10/12/2024	12:20:40.16	afranco7 	
Login	Sat 10/12/2024	13:49:15.55	jabney 	
Logoff	Sat 10/12/2024	13:58:39.04	afranco7  
Logoff	Sat 10/12/2024	15:20:25.98	jabney  
Login	Sat 10/12/2024	18:17:04.96	asun68 	
Logoff	Sat 10/12/2024	19:44:16.69	asun68  
Login	Sun 10/13/2024	10:47:08.57	cbianco 	
Login	Sun 10/13/2024	10:58:48.38	mharlin2 	
Logoff	Sun 10/13/2024	11:37:44.39	mharlin2  
Logoff	Sun 10/13/2024	12:36:54.85	cbianco  
Login	Sun 10/13/2024	12:56:19.60	jabney 	
Login	Sun 10/13/2024	13:12:26.41	cbianco 	
Login	Sun 10/13/2024	13:26:12.38	rcavin 	
Logoff	Sun 10/13/2024	13:33:20.36	cbianco  
Logoff	Sun 10/13/2024	13:41:44.55	rcavin  
Login	Sun 10/13/2024	14:39:29.85	cbianco 	
Login	Sun 10/13/2024	15:28:27.23	opagekuh 	
Login	Sun 10/13/2024	15:56:06.28	ryuan13 	
Logoff	Sun 10/13/2024	16:00:11.67	opagekuh  
Logoff	Sun 10/13/2024	16:11:00.73	jabney  
Logoff	Sun 10/13/2024	17:37:41.09	ryuan13  
Logoff	Sun 10/13/2024	18:15:25.41	cbianco  
Login	Sun 10/13/2024	21:21:14.48	jabney 	
Login	Sun 10/13/2024	23:23:23.61	asun68 	
Logoff	Sun 10/13/2024	23:30:09.55	jabney  
Logoff	Mon 10/14/2024	 0:44:28.44	asun68  
Login	Mon 10/14/2024	10:51:32.34	jabney 	
Login	Mon 10/14/2024	11:07:59.62	nkoval 	
Login	Mon 10/14/2024	11:09:44.26	jaconrad 	
Login	Mon 10/14/2024	11:32:52.40	mander59 	
Logoff	Mon 10/14/2024	12:14:36.47	mander59  
Logoff	Mon 10/14/2024	12:26:54.97	nkoval  
Logoff	Mon 10/14/2024	13:17:16.75	jabney  
Login	Mon 10/14/2024	13:27:39.56	afranco7 	
Logoff	Mon 10/14/2024	13:28:23.27	jaconrad  
Login	Mon 10/14/2024	13:38:54.92	nkoval 	
Login	Mon 10/14/2024	14:08:31.83	dlai7 	
Logoff	Mon 10/14/2024	14:25:31.39	dlai7  
Logoff	Mon 10/14/2024	14:59:22.51	afranco7  
Login	Mon 10/14/2024	17:18:35.10	bcjamal 	
Login	Mon 10/14/2024	17:23:04.33	kmorri19 	
Logoff	Mon 10/14/2024	17:36:44.02	bcjamal  
Login	Mon 10/14/2024	17:48:19.52	dlai7 	
Logoff	Mon 10/14/2024	17:58:28.52	kmorri19  
Logoff	Mon 10/14/2024	18:06:09.95	dlai7  
Login	Mon 10/14/2024	19:12:50.72	kmorri19 	
Login	Mon 10/14/2024	19:29:04.26	sdefreit 	
Logoff	Mon 10/14/2024	19:43:05.22	kmorri19  
Logoff	Mon 10/14/2024	20:07:11.00	sdefreit  
Logoff	Mon 10/14/2024	20:23:41.15	nkoval  
Login	Mon 10/14/2024	21:47:56.31	kmorri19 	
Login	Mon 10/14/2024	21:50:16.59	cwrigh31 	
Logoff	Mon 10/14/2024	21:51:22.52	cwrigh31  
Login	Mon 10/14/2024	22:10:27.68	mfang15 	
Login	Mon 10/14/2024	22:27:22.48	jabney 	
Logoff	Mon 10/14/2024	23:24:29.03	kmorri19  
Login	Mon 10/14/2024	23:34:47.62	kherna21 	
Logoff	Tue 10/15/2024	 0:11:21.73	mfang15  
Login	Tue 10/15/2024	 0:12:41.95	nkoval 	
Logoff	Tue 10/15/2024	 0:27:48.57	jabney  
Logoff	Tue 10/15/2024	 0:38:42.61	nkoval  
Login	Tue 10/15/2024	 1:26:59.72	myclarke 	
Logoff	Tue 10/15/2024	 2:26:03.35	kherna21  
Logoff	Tue 10/15/2024	 2:26:20.00	myclarke  
Login	Tue 10/15/2024	 9:06:35.99	kherna21 	
Login	Tue 10/15/2024	 9:14:13.31	awill158 	
Logoff	Tue 10/15/2024	 9:30:01.37	awill158  
Login	Tue 10/15/2024	 9:43:43.46	aobrado1 	
Logoff	Tue 10/15/2024	10:00:24.38	aobrado1  
Login	Tue 10/15/2024	10:25:51.00	kmorri19 	
Logoff	Tue 10/15/2024	10:38:00.44	kherna21  
Logoff	Tue 10/15/2024	10:52:25.45	kmorri19  
Login	Tue 10/15/2024	11:03:48.56	kherna21 	
Login	Tue 10/15/2024	11:08:07.96	jabney 	
Login	Tue 10/15/2024	12:41:10.98	cbianco 	
Logoff	Tue 10/15/2024	12:57:42.87	cbianco  
Logoff	Tue 10/15/2024	13:06:41.22	jabney  
Logoff	Tue 10/15/2024	13:14:51.97	kherna21  
Login	Tue 10/15/2024	13:41:45.54	mmyklebu 	
Login	Tue 10/15/2024	13:56:47.59	dmycue 	
Logoff	Tue 10/15/2024	13:57:10.05	mmyklebu  
Login	Tue 10/15/2024	14:09:19.25	nkoval 	
Login	Tue 10/15/2024	14:21:20.56	afranco7 	
Login	Tue 10/15/2024	14:31:51.21	jjung85 	
Logoff	Tue 10/15/2024	14:49:56.44	jjung85  
Logoff	Tue 10/15/2024	15:08:17.74	nkoval  
Login	Tue 10/15/2024	15:15:35.72	jmill142 	
Logoff	Tue 10/15/2024	15:42:03.23	jmill142  
Logoff	Tue 10/15/2024	15:45:03.09	afranco7  
Login	Tue 10/15/2024	15:51:34.42	afranco7 	
Login	Tue 10/15/2024	16:10:17.17	nkoval 	
Login	Tue 10/15/2024	16:25:47.49	kherna21 	
Logoff	Tue 10/15/2024	16:51:18.73	kherna21  
Logoff	Tue 10/15/2024	16:53:43.96	afranco7  
Logoff	Tue 10/15/2024	17:07:43.89	nkoval  
Login	Tue 10/15/2024	17:14:18.71	mfang15 	
Login	Tue 10/15/2024	17:51:02.29	kherna21 	
Login	Tue 10/15/2024	18:02:00.77	acavall3 	
Logoff	Tue 10/15/2024	18:14:55.47	dmycue  
Login	Tue 10/15/2024	18:18:19.25	afranco7 	
Logoff	Tue 10/15/2024	18:18:23.14	acavall3  
Logoff	Tue 10/15/2024	19:06:40.01	mfang15  
Login	Tue 10/15/2024	19:22:39.81	nklemba 	
Logoff	Tue 10/15/2024	19:41:16.41	nklemba  
Logoff	Tue 10/15/2024	19:46:06.57	afranco7  
Login	Tue 10/15/2024	20:03:28.05	nklemba 	
Logoff	Tue 10/15/2024	20:07:25.42	kherna21  
Login	Tue 10/15/2024	20:24:58.40	abrow146 	
Login	Tue 10/15/2024	20:47:52.04	nkoval 	
Login	Tue 10/15/2024	20:56:10.64	kherna21 	
Login	Tue 10/15/2024	21:17:47.26	svu3 	
Login	Tue 10/15/2024	21:31:59.14	svohra2 	
Logoff	Tue 10/15/2024	21:34:55.88	nklemba  
Login	Tue 10/15/2024	21:48:08.84	kmorri19 	
Logoff	Tue 10/15/2024	22:05:23.73	svohra2  
Login	Tue 10/15/2024	22:09:30.00	jabney 	
Login	Tue 10/15/2024	22:09:50.21	mfang15 	
Logoff	Tue 10/15/2024	22:32:28.71	kmorri19  
Logoff	Tue 10/15/2024	22:45:10.52	jabney  
Login	Tue 10/15/2024	22:47:52.94	kmorri19 	
Logoff	Tue 10/15/2024	22:55:03.76	abrow146  
Login	Tue 10/15/2024	22:56:56.16	jabney 	
Logoff	Tue 10/15/2024	23:02:25.09	mfang15  
Logoff	Tue 10/15/2024	23:24:43.93	jabney  
Logoff	Tue 10/15/2024	23:32:13.95	kmorri19  
Login	Tue 10/15/2024	23:36:28.35	aallen38 	
Logoff	Tue 10/15/2024	23:52:17.24	kherna21  
Logoff	Tue 10/15/2024	23:55:31.51	nkoval  
Logoff	Tue 10/15/2024	23:57:03.88	aallen38  
Logoff	Wed 10/16/2024	 0:14:15.58	svu3  
Login	Tue 10/22/2024	15:53:36.93	sdefreit 	
Logoff	Tue 10/22/2024	18:06:24.81	sdefreit  
Login	Wed 10/30/2024	 1:46:14.18	alim16 	
Login	Wed 10/30/2024	 1:55:37.85	abaum2 	
Logoff	Wed 10/30/2024	 2:09:21.85	alim16  
Logoff	Wed 10/30/2024	 2:14:48.90	abaum2  
Login	Wed 10/30/2024	 2:18:18.94	jnsummer 	
Login	Wed 10/30/2024	 2:33:00.65	abaum2 	
Logoff	Wed 10/30/2024	 2:36:44.40	jnsummer  
Logoff	Wed 10/30/2024	 3:08:40.82	abaum2  
Login	Wed 10/30/2024	10:41:45.53	dlai7 	
Login	Wed 10/30/2024	11:04:55.14	mgoeke 	
Logoff	Wed 10/30/2024	11:05:19.84	dlai7  
Login	Wed 10/30/2024	11:13:13.62	klchien 	
Login	Wed 10/30/2024	11:14:38.23	abaum2 	
Login	Wed 10/30/2024	11:25:26.03	jcanlapa 	
Logoff	Wed 10/30/2024	12:08:39.22	abaum2  
Logoff	Wed 10/30/2024	12:15:11.62	jcanlapa  
Logoff	Wed 10/30/2024	12:19:39.41	mgoeke  
Logoff	Wed 10/30/2024	13:53:22.08	klchien  
Login	Wed 10/30/2024	13:54:11.35	lwfrank 	
Logoff	Wed 10/30/2024	14:16:28.43	lwfrank  
Login	Wed 10/30/2024	16:14:22.94	tjlang 	
Login	Wed 10/30/2024	16:14:31.67	rcsantan 	
Logoff	Wed 10/30/2024	16:51:51.31	tjlang  
Login	Wed 10/30/2024	16:55:58.33	dlai7 	
Login	Wed 10/30/2024	17:14:55.79	cwernli 	
Login	Wed 10/30/2024	17:28:17.46	jaconrad 	
Logoff	Wed 10/30/2024	17:31:23.51	rcsantan  
Logoff	Wed 10/30/2024	17:32:00.58	dlai7  
Logoff	Wed 10/30/2024	18:09:03.02	cwernli  
Logoff	Wed 10/30/2024	19:53:20.50	jaconrad  
Login	Wed 10/30/2024	20:18:40.00	spark335 	
Login	Wed 10/30/2024	20:39:13.32	nrlong 	
Login	Wed 10/30/2024	20:44:12.57	klchien 	
Logoff	Wed 10/30/2024	20:58:07.61	nrlong  
Logoff	Wed 10/30/2024	20:59:58.29	spark335  
Login	Wed 10/30/2024	21:15:49.71	tpyon 	
Logoff	Wed 10/30/2024	21:17:30.72	klchien  
Login	Wed 10/30/2024	21:54:25.35	rcavin 	
Login	Wed 10/30/2024	22:00:45.72	alim16 	
Login	Wed 10/30/2024	22:15:56.68	rcsantan 	
Login	Wed 10/30/2024	22:43:37.07	mfang15 	
Login	Wed 10/30/2024	22:47:45.48	tjlang 	
Login	Wed 10/30/2024	22:48:34.41	wko4 	
Login	Wed 10/30/2024	22:52:38.84	dlai7 	
Logoff	Wed 10/30/2024	23:02:31.26	alim16  
Login	Wed 10/30/2024	23:43:17.66	ksugano1 	
Logoff	Wed 10/30/2024	23:47:29.30	rcavin  
Logoff	Wed 10/30/2024	23:55:29.83	rcsantan  
Logoff	Thu 10/31/2024	 0:04:22.87	ksugano1  
Logoff	Thu 10/31/2024	 0:19:48.94	dlai7  
Logoff	Thu 10/31/2024	 0:26:38.45	tpyon  
Logoff	Thu 10/31/2024	 0:30:55.51	mfang15  
Logoff	Thu 10/31/2024	 0:40:23.35	tjlang  
Login	Thu 10/31/2024	 1:12:03.75	rcavin 	
Login	Thu 10/31/2024	 1:12:08.21	nwanders 	
Logoff	Thu 10/31/2024	 1:40:16.21	nwanders  
Login	Thu 10/31/2024	 1:51:46.80	nwanders 	
Logoff	Thu 10/31/2024	 1:51:59.16	rcavin  
Login	Thu 10/31/2024	 1:54:49.22	agordonc 	
Logoff	Thu 10/31/2024	 3:04:14.06	agordonc  
Logoff	Thu 10/31/2024	 3:06:35.84	wko4  
Logoff	Thu 10/31/2024	 3:06:36.42	nwanders  
Login	Thu 10/31/2024	 4:16:22.61	aallen38 	
Logoff	Thu 10/31/2024	 4:44:22.40	aallen38  
Login	Thu 10/31/2024	 4:52:16.08	jcanlapa 	
Login	Thu 10/31/2024	 5:34:10.01	tpyon 	
Logoff	Thu 10/31/2024	 6:08:09.31	jcanlapa  
Logoff	Thu 10/31/2024	 6:45:05.57	tpyon  
Login	Thu 10/31/2024	 8:23:45.48	mfang15 	
Login	Thu 10/31/2024	 8:34:11.21	jaconrad 	
Login	Thu 10/31/2024	 8:57:42.81	jnsummer 	
Login	Thu 10/31/2024	 9:00:16.36	wz36 	
Login	Thu 10/31/2024	 9:30:01.14	etduchno 	
Login	Thu 10/31/2024	 9:30:15.13	nherna20 	
Login	Thu 10/31/2024	 9:41:38.74	qbaron 	
Login	Thu 10/31/2024	 9:58:24.94	aallen38 	
Logoff	Thu 10/31/2024	10:13:05.62	nherna20  
Login	Thu 10/31/2024	10:20:44.12	wko4 	
Logoff	Thu 10/31/2024	10:24:13.97	jaconrad  
Login	Thu 10/31/2024	10:26:42.28	mgoeke 	
Logoff	Thu 10/31/2024	10:43:03.31	etduchno  
Login	Thu 10/31/2024	10:53:51.75	rcsantan 	
Logoff	Thu 10/31/2024	12:06:14.98	rcsantan  
Login	Thu 10/31/2024	12:06:57.55	myclarke 	
Logoff	Thu 10/31/2024	12:08:52.37	wko4  
Logoff	Thu 10/31/2024	12:09:57.66	mgoeke  
Login	Thu 10/31/2024	12:22:45.75	kmtruong 	
Logoff	Thu 10/31/2024	12:22:52.98	mfang15  
Login	Thu 10/31/2024	12:23:44.24	mmyklebu 	
Login	Thu 10/31/2024	12:28:23.95	tjlang 	
Logoff	Thu 10/31/2024	12:35:30.22	jnsummer  
Login	Thu 10/31/2024	12:44:11.22	nwanders 	
Logoff	Thu 10/31/2024	13:20:56.75	tjlang  
Login	Thu 10/31/2024	13:27:27.86	mkamisat 	
Logoff	Thu 10/31/2024	13:56:45.80	mkamisat  
Logoff	Thu 10/31/2024	13:58:25.10	mmyklebu  
Logoff	Thu 10/31/2024	14:00:04.09	nwanders  
Logoff	Thu 10/31/2024	14:04:15.19	myclarke  
Logoff	Thu 10/31/2024	14:09:49.93	aallen38  
Logoff	Thu 10/31/2024	14:28:09.40	qbaron  
Logoff	Thu 10/31/2024	14:28:38.83	kmtruong  
Logoff	Thu 10/31/2024	15:33:27.49	wz36  
Login	Wed 11/06/2024	 3:59:10.44	rcavin 	
Logoff	Wed 11/06/2024	 4:40:01.34	rcavin  
