Login	Wed 09/25/2024	 0:22:36.25	abrow146 	
Login	Wed 09/25/2024	 0:26:09.86	tareval1 	
Logoff	Wed 09/25/2024	 1:17:41.77	tareval1  
Login	Wed 09/25/2024	 1:31:19.79	nwanders 	
Logoff	Wed 09/25/2024	 1:58:40.84	abrow146  
Logoff	Wed 09/25/2024	 2:57:42.59	nwanders  
Login	Wed 09/25/2024	 8:50:09.72	wz36 	
Login	Wed 09/25/2024	 9:05:48.41	aji10 	
Login	Wed 09/25/2024	 9:55:21.81	alim16 	
Login	Wed 09/25/2024	10:05:40.02	dmycue 	
Logoff	Wed 09/25/2024	10:46:57.16	alim16  
Logoff	Wed 09/25/2024	11:02:47.16	aji10  
Login	Wed 09/25/2024	11:05:32.01	mmyklebu 	
Login	Wed 09/25/2024	11:09:25.63	ytomokiy 	
Login	Wed 09/25/2024	11:23:47.61	fvecchio 	
Logoff	Wed 09/25/2024	11:30:13.87	ytomokiy  
Login	Wed 09/25/2024	11:33:41.21	kokunsei 	
Logoff	Wed 09/25/2024	11:39:31.53	fvecchio  
Login	Wed 09/25/2024	11:54:03.27	nherna20 	
Logoff	Wed 09/25/2024	12:23:14.15	kokunsei  
Logoff	Wed 09/25/2024	12:31:14.92	nherna20  
Logoff	Wed 09/25/2024	12:41:05.88	mmyklebu  
Login	Wed 09/25/2024	12:47:52.64	ytomokiy 	
Logoff	Wed 09/25/2024	13:12:46.83	dmycue  
Logoff	Wed 09/25/2024	13:12:48.47	ytomokiy  
Login	Wed 09/25/2024	14:01:42.92	nrlong 	
Logoff	Wed 09/25/2024	14:33:31.01	nrlong  
Logoff	Wed 09/25/2024	17:02:28.02	wz36  
Login	Tue 10/01/2024	 9:07:49.45	wjbernst 	
Login	Tue 10/01/2024	 9:08:12.75	asieng 	
Login	Tue 10/01/2024	 9:08:44.11	abluo 	
Login	Tue 10/01/2024	 9:09:11.47	egottfri 	
Login	Tue 10/01/2024	 9:10:03.68	jdosorio 	
Logoff	Tue 10/01/2024	 9:15:42.36	abluo  
Logoff	Tue 10/01/2024	 9:15:42.70	asieng  
Logoff	Tue 10/01/2024	 9:15:43.75	egottfri  
Logoff	Tue 10/01/2024	 9:15:44.76	swinaker  
Login	Tue 10/01/2024	 9:15:44.86	vteager 	
Logoff	Tue 10/01/2024	 9:16:42.78	vteager  
Login	Wed 10/23/2024	 4:12:31.65	jcanlapa 	
Logoff	Wed 10/23/2024	 5:23:27.26	jcanlapa  
Login	Wed 10/23/2024	 8:08:52.61	dmycue 	
Login	Wed 10/23/2024	 8:55:28.26	gmjennin 	
Login	Wed 10/23/2024	 8:56:50.73	wz36 	
Login	Wed 10/23/2024	 9:02:34.39	mmyklebu 	
Login	Wed 10/23/2024	 9:47:37.82	nherna20 	
Login	Wed 10/23/2024	 9:53:12.80	aallen38 	
Login	Wed 10/23/2024	10:02:32.05	kodonne3 	
Logoff	Wed 10/23/2024	10:05:36.74	mmyklebu  
Login	Wed 10/23/2024	10:13:03.86	abaum2 	
Logoff	Wed 10/23/2024	10:14:30.27	gmjennin  
Logoff	Wed 10/23/2024	10:30:40.76	kodonne3  
Login	Wed 10/23/2024	10:34:26.80	oppatel 	
Logoff	Wed 10/23/2024	10:43:52.03	abaum2  
Login	Wed 10/23/2024	11:01:09.83	abaum2 	
Logoff	Wed 10/23/2024	11:03:59.63	oppatel  
Logoff	Wed 10/23/2024	11:05:31.88	aallen38  
Login	Wed 10/23/2024	11:15:20.83	sbalaj18 	
Logoff	Wed 10/23/2024	11:20:26.31	nherna20  
Logoff	Wed 10/23/2024	11:30:41.87	sbalaj18  
Login	Wed 10/23/2024	11:32:50.43	rcsantan 	
Login	Wed 10/23/2024	11:43:44.60	gmjennin 	
Login	Wed 10/23/2024	11:54:51.32	kokunsei 	
Logoff	Wed 10/23/2024	12:16:34.53	abaum2  
Login	Wed 10/23/2024	12:56:58.69	bcjamal 	
Logoff	Wed 10/23/2024	13:00:35.51	kokunsei  
Logoff	Wed 10/23/2024	13:03:01.27	gmjennin  
Logoff	Wed 10/23/2024	13:07:09.09	dmycue  
Login	Wed 10/23/2024	13:38:12.28	ytomokiy 	
Login	Wed 10/23/2024	13:42:32.14	mrbrough 	
Logoff	Wed 10/23/2024	13:59:30.59	bcjamal  
Logoff	Wed 10/23/2024	14:01:47.93	rcsantan  
Logoff	Wed 10/23/2024	14:39:57.79	mrbrough  
Login	Wed 10/23/2024	15:08:11.25	dmycue 	
Logoff	Wed 10/23/2024	15:32:06.05	ytomokiy  
Login	Wed 10/23/2024	16:23:01.94	lrhoads 	
Logoff	Wed 10/23/2024	16:57:31.17	wz36  
Logoff	Wed 10/23/2024	18:10:14.25	lrhoads  
Logoff	Wed 10/23/2024	18:55:24.02	dmycue  
Login	Wed 10/23/2024	19:26:32.80	tjbarton 	
Login	Wed 10/23/2024	19:27:14.02	jjryu 	
Logoff	Wed 10/23/2024	19:29:45.76	tjbarton  
Logoff	Wed 10/23/2024	19:42:55.06	jjryu  
Login	Wed 10/23/2024	20:40:46.88	esoord 	
Login	Wed 10/23/2024	20:58:35.24	sthoma54 	
Logoff	Wed 10/23/2024	21:20:21.13	esoord  
Logoff	Wed 10/23/2024	21:47:46.10	sthoma54  
Login	Thu 10/24/2024	 9:26:29.55	dmycue 	
Login	Thu 10/24/2024	10:36:15.73	ameserve 	
Logoff	Thu 10/24/2024	10:55:38.43	ameserve  
Login	Thu 10/24/2024	13:23:56.77	lrhoads 	
Login	Thu 10/24/2024	14:56:31.78	rlee127 	
Logoff	Thu 10/24/2024	15:05:55.99	lrhoads  
Logoff	Thu 10/24/2024	15:19:11.25	dmycue  
Logoff	Thu 10/24/2024	15:39:43.61	rlee127  
Login	Thu 10/24/2024	16:05:28.07	lrhoads 	
Login	Thu 10/24/2024	16:44:37.88	etduchno 	
Logoff	Thu 10/24/2024	17:36:20.68	lrhoads  
Logoff	Thu 10/24/2024	18:57:38.63	etduchno  
Login	Thu 10/24/2024	19:56:14.83	etduchno 	
Logoff	Thu 10/24/2024	20:16:49.16	etduchno  
Login	Thu 10/24/2024	23:42:53.87	rlee127 	
Login	Thu 10/24/2024	23:58:45.22	ksugano1 	
Login	Fri 10/25/2024	 7:52:41.85	dmycue 	
Login	Fri 10/25/2024	 8:46:00.07	wz36 	
Login	Fri 10/25/2024	 9:06:38.67	clouzon 	
Logoff	Fri 10/25/2024	 9:23:10.75	clouzon  
Login	Fri 10/25/2024	11:26:42.51	tameyer 	
Logoff	Fri 10/25/2024	11:46:31.88	tameyer  
Logoff	Fri 10/25/2024	12:09:17.50	dmycue  
Login	Fri 10/25/2024	12:09:56.94	mfang15 	
Logoff	Fri 10/25/2024	13:25:26.71	mfang15  
Login	Fri 10/25/2024	13:27:19.32	dmycue 	
Logoff	Fri 10/25/2024	16:32:39.66	dmycue  
Login	Fri 10/25/2024	16:36:31.80	dmycue 	
Logoff	Fri 10/25/2024	16:54:42.60	wz36  
Logoff	Fri 10/25/2024	19:28:54.68	dmycue  
Login	Sat 10/26/2024	12:08:14.50	amgutier 	
Logoff	Sat 10/26/2024	12:28:59.30	amgutier  
Login	Sat 10/26/2024	13:23:12.77	amgutier 	
Logoff	Sat 10/26/2024	13:53:42.66	amgutier  
Login	Sat 10/26/2024	14:45:04.88	szhu90 	
Logoff	Sat 10/26/2024	15:19:05.77	szhu90  
Login	Sat 10/26/2024	15:52:11.55	pmarcott 	
Login	Sat 10/26/2024	15:52:48.54	szhu90 	
Login	Sat 10/26/2024	16:55:42.57	ytomokiy 	
Logoff	Sat 10/26/2024	17:34:24.47	szhu90  
Login	Sat 10/26/2024	17:34:53.34	acavall3 	
Logoff	Sat 10/26/2024	17:51:27.17	ytomokiy  
Logoff	Sat 10/26/2024	18:54:23.54	pmarcott  
Logoff	Sat 10/26/2024	21:13:34.49	acavall3  
Login	Sat 10/26/2024	22:28:22.40	acavall3 	
Logoff	Sat 10/26/2024	23:24:43.09	acavall3  
Login	Sun 10/27/2024	10:38:41.18	jlee948 	
Login	Sun 10/27/2024	10:57:59.81	szhu90 	
Logoff	Sun 10/27/2024	11:18:52.36	szhu90  
Login	Sun 10/27/2024	11:19:11.43	hliu250 	
Login	Sun 10/27/2024	11:33:24.13	szhu90 	
Logoff	Sun 10/27/2024	11:35:25.48	hliu250  
Logoff	Sun 10/27/2024	12:11:38.46	jlee948  
Logoff	Sun 10/27/2024	12:44:43.42	szhu90  
Login	Sun 10/27/2024	13:19:57.25	jlee948 	
Login	Sun 10/27/2024	14:05:54.48	acavall3 	
Login	Sun 10/27/2024	15:00:26.87	ryuan13 	
Logoff	Sun 10/27/2024	15:05:36.81	jlee948  
Logoff	Sun 10/27/2024	15:25:15.30	ryuan13  
Login	Sun 10/27/2024	15:26:58.42	rlee127 	
Logoff	Sun 10/27/2024	15:31:21.87	acavall3  
Logoff	Sun 10/27/2024	15:42:15.52	rlee127  
Login	Sun 10/27/2024	16:01:17.86	amombay 	
Logoff	Sun 10/27/2024	16:55:42.34	amombay  
Login	Sun 10/27/2024	16:56:51.32	amombay 	
Logoff	Sun 10/27/2024	17:54:22.52	amombay  
Login	Sun 10/27/2024	19:02:40.69	amombay 	
Logoff	Sun 10/27/2024	19:41:07.10	amombay  
Login	Sun 10/27/2024	20:54:37.78	cchen284 	
Login	Sun 10/27/2024	21:19:52.00	amombay 	
Logoff	Sun 10/27/2024	21:28:12.42	cchen284  
Login	Sun 10/27/2024	22:09:36.00	amgutier 	
Logoff	Sun 10/27/2024	22:22:12.73	amombay  
Logoff	Sun 10/27/2024	22:47:07.91	amgutier  
Login	Sun 10/27/2024	23:09:06.13	rcsantan 	
Login	Sun 10/27/2024	23:28:51.30	szhu90 	
Logoff	Sun 10/27/2024	23:48:20.31	rcsantan  
Logoff	Mon 10/28/2024	 1:06:10.51	szhu90  
Login	Mon 10/28/2024	 8:29:20.00	dmycue 	
Login	Mon 10/28/2024	 9:28:36.35	khixson 	
Login	Mon 10/28/2024	 9:29:51.74	oppatel 	
Login	Mon 10/28/2024	 9:35:21.53	szhu90 	
Login	Mon 10/28/2024	 9:48:41.12	cchen284 	
Logoff	Mon 10/28/2024	10:00:25.12	khixson  
Logoff	Mon 10/28/2024	10:00:44.31	oppatel  
Logoff	Mon 10/28/2024	10:11:06.23	szhu90  
Logoff	Mon 10/28/2024	10:13:45.26	cchen284  
Login	Mon 10/28/2024	11:14:02.98	nwanders 	
Login	Mon 10/28/2024	11:16:04.46	khixson 	
Login	Mon 10/28/2024	11:45:19.81	adm_jufrizze 	
Logoff	Mon 10/28/2024	11:47:55.70	nwanders  
Logoff	Mon 10/28/2024	11:56:11.74	khixson  
Logoff	Mon 10/28/2024	12:00:55.18	adm_jufrizze  
Login	Mon 10/28/2024	12:10:25.96	amgutier 	
Login	Mon 10/28/2024	12:26:13.92	wz36 	
Logoff	Mon 10/28/2024	13:05:43.80	amgutier  
Login	Mon 10/28/2024	13:23:42.00	szhu90 	
Login	Mon 10/28/2024	13:31:30.40	aremeza 	
Logoff	Mon 10/28/2024	13:52:54.18	aremeza  
Logoff	Mon 10/28/2024	14:10:25.95	szhu90  
Login	Mon 10/28/2024	14:42:22.70	nrlong 	
Login	Mon 10/28/2024	14:52:12.59	mrbrough 	
Logoff	Mon 10/28/2024	15:11:09.48	mrbrough  
Login	Mon 10/28/2024	15:15:23.33	mrbrough 	
Logoff	Mon 10/28/2024	15:20:47.35	nrlong  
Login	Mon 10/28/2024	15:26:06.41	pogan 	
Login	Mon 10/28/2024	15:36:03.68	jjohns88 	
Logoff	Mon 10/28/2024	15:52:45.40	jjohns88  
Login	Mon 10/28/2024	15:53:47.25	szhu90 	
Logoff	Mon 10/28/2024	15:55:03.54	pogan  
Login	Mon 10/28/2024	16:09:40.89	jlee948 	
Logoff	Mon 10/28/2024	16:28:04.71	mrbrough  
Logoff	Mon 10/28/2024	16:52:23.91	szhu90  
Logoff	Mon 10/28/2024	16:56:32.66	jlee948  
Logoff	Mon 10/28/2024	17:02:17.92	wz36  
Login	Mon 10/28/2024	17:36:36.94	wjbernst 	
Logoff	Mon 10/28/2024	17:53:00.68	wjbernst  
Login	Mon 10/28/2024	18:01:25.43	nwanders 	
Login	Mon 10/28/2024	18:12:53.25	jlee948 	
Logoff	Mon 10/28/2024	18:30:33.90	nwanders  
Logoff	Mon 10/28/2024	18:34:20.96	dmycue  
Login	Mon 10/28/2024	18:34:43.21	pmarcott 	
Login	Mon 10/28/2024	19:19:24.01	mrbrough 	
Login	Mon 10/28/2024	19:32:27.30	nrlong 	
Logoff	Mon 10/28/2024	19:36:53.67	jlee948  
Logoff	Mon 10/28/2024	19:59:32.84	pmarcott  
Login	Mon 10/28/2024	20:04:54.87	bcharyye 	
Login	Mon 10/28/2024	20:12:33.17	jabney 	
Logoff	Mon 10/28/2024	20:20:13.85	mrbrough  
Logoff	Mon 10/28/2024	20:20:30.73	bcharyye  
Logoff	Mon 10/28/2024	20:27:45.22	jabney  
Login	Mon 10/28/2024	22:25:04.95	bcjamal 	
Logoff	Mon 10/28/2024	22:29:05.29	nrlong  
Login	Tue 10/29/2024	 0:30:11.85	dkulzhan 	
Login	Tue 10/29/2024	 0:31:21.19	pmarcott 	
Login	Tue 10/29/2024	 0:32:32.40	bcharyye 	
Logoff	Tue 10/29/2024	 0:48:15.24	bcharyye  
Logoff	Tue 10/29/2024	 1:07:50.15	dkulzhan  
Logoff	Tue 10/29/2024	 1:29:15.22	bcjamal  
Logoff	Tue 10/29/2024	 3:33:34.21	pmarcott  
Login	Tue 10/29/2024	 8:09:02.60	dmycue 	
Login	Tue 10/29/2024	 8:49:09.41	cchen284 	
Logoff	Tue 10/29/2024	 9:15:38.72	cchen284  
Login	Tue 10/29/2024	 9:26:37.27	cleandry 	
Login	Tue 10/29/2024	 9:31:01.03	wz36 	
Logoff	Tue 10/29/2024	 9:41:56.16	cleandry  
Login	Tue 10/29/2024	11:22:26.91	amgutier 	
Login	Tue 10/29/2024	12:03:15.75	jcanlapa 	
Logoff	Tue 10/29/2024	12:11:56.99	amgutier  
Login	Tue 10/29/2024	12:23:44.87	khixson 	
Logoff	Tue 10/29/2024	12:53:38.89	jcanlapa  
Login	Tue 10/29/2024	12:58:00.11	mmitch43 	
Logoff	Tue 10/29/2024	13:00:16.47	khixson  
Login	Tue 10/29/2024	13:03:32.38	amgutier 	
Login	Tue 10/29/2024	13:05:00.11	tfli 	
Login	Tue 10/29/2024	13:05:03.92	dlai7 	
Logoff	Tue 10/29/2024	13:13:47.36	mmitch43  
Login	Tue 10/29/2024	13:17:06.69	cchen284 	
Logoff	Tue 10/29/2024	13:21:22.69	tfli  
Logoff	Tue 10/29/2024	13:30:47.48	dlai7  
Login	Tue 10/29/2024	13:54:18.96	pmarcott 	
Login	Tue 10/29/2024	14:02:35.82	oduarte 	
Logoff	Tue 10/29/2024	14:03:49.27	amgutier  
Login	Tue 10/29/2024	14:54:00.93	wkirkile 	
Login	Tue 10/29/2024	14:55:55.10	tjlang 	
Logoff	Tue 10/29/2024	15:07:50.40	cchen284  
Logoff	Tue 10/29/2024	15:10:41.86	wkirkile  
Logoff	Tue 10/29/2024	15:24:46.95	oduarte  
Logoff	Tue 10/29/2024	15:33:22.35	tjlang  
Login	Tue 10/29/2024	15:36:30.02	cchen284 	
Login	Tue 10/29/2024	15:41:06.91	tjlang 	
Logoff	Tue 10/29/2024	16:03:04.94	cchen284  
Logoff	Tue 10/29/2024	16:10:15.26	pmarcott  
Logoff	Tue 10/29/2024	16:20:47.13	tjlang  
Login	Tue 10/29/2024	16:32:49.39	amgutier 	
Logoff	Tue 10/29/2024	16:54:19.66	amgutier  
Logoff	Tue 10/29/2024	16:56:08.37	dmycue  
Login	Tue 10/29/2024	17:01:10.91	klchien 	
Login	Tue 10/29/2024	17:01:56.68	dmycue 	
Logoff	Tue 10/29/2024	17:11:45.04	wz36  
Login	Tue 10/29/2024	17:25:04.31	amgutier 	
Login	Tue 10/29/2024	17:26:48.86	cchen284 	
Logoff	Tue 10/29/2024	17:27:46.77	klchien  
Login	Tue 10/29/2024	17:43:42.49	gmjennin 	
Logoff	Tue 10/29/2024	18:06:58.21	cchen284  
Logoff	Tue 10/29/2024	18:24:53.44	amgutier  
Logoff	Tue 10/29/2024	18:43:04.06	gmjennin  
Login	Tue 10/29/2024	19:10:36.38	gmjennin 	
Login	Tue 10/29/2024	19:17:44.22	alim16 	
Logoff	Tue 10/29/2024	19:21:50.83	dmycue  
Login	Tue 10/29/2024	19:45:09.08	cwernli 	
Logoff	Tue 10/29/2024	20:01:51.97	alim16  
Login	Tue 10/29/2024	20:02:57.49	klchien 	
Login	Tue 10/29/2024	20:04:46.75	asrosari 	
Logoff	Tue 10/29/2024	20:20:38.96	gmjennin  
Logoff	Tue 10/29/2024	20:23:09.20	asrosari  
Login	Tue 10/29/2024	21:02:37.05	nrlong 	
Login	Tue 10/29/2024	21:20:10.67	mfang15 	
Logoff	Tue 10/29/2024	21:23:04.58	klchien  
Logoff	Tue 10/29/2024	21:29:12.26	cwernli  
Login	Tue 10/29/2024	22:16:22.38	gmjennin 	
Login	Tue 10/29/2024	22:19:04.73	jdicresc 	
Login	Tue 10/29/2024	22:20:02.09	rcsantan 	
Logoff	Tue 10/29/2024	22:34:31.26	jdicresc  
Logoff	Tue 10/29/2024	22:48:33.28	mfang15  
Login	Tue 10/29/2024	22:49:03.86	mfang15 	
Login	Tue 10/29/2024	22:51:33.91	cwernli 	
Login	Tue 10/29/2024	22:55:18.02	alim16 	
Logoff	Tue 10/29/2024	23:16:09.20	nrlong  
Login	Tue 10/29/2024	23:35:51.54	nwanders 	
Logoff	Tue 10/29/2024	23:36:14.37	mfang15  
Logoff	Tue 10/29/2024	23:47:52.06	alim16  
Logoff	Tue 10/29/2024	23:53:54.59	rcsantan  
Login	Wed 10/30/2024	 0:25:49.42	jcanlapa 	
Logoff	Wed 10/30/2024	 0:36:35.25	gmjennin  
Logoff	Wed 10/30/2024	 0:57:14.96	jcanlapa  
Logoff	Wed 10/30/2024	 1:03:30.67	cwernli  
Logoff	Wed 10/30/2024	 1:28:13.26	nwanders  
Login	Wed 10/30/2024	22:53:01.42	cwernli 	
Logoff	Thu 10/31/2024	 0:42:46.53	cwernli  
Login	Thu 10/31/2024	10:05:14.98	kehsan 	
Login	Thu 10/31/2024	10:09:07.76	oppatel 	
Login	Thu 10/31/2024	10:12:43.15	kokunsei 	
Login	Thu 10/31/2024	10:22:23.42	lllima 	
Login	Thu 10/31/2024	10:26:54.08	spark335 	
Login	Thu 10/31/2024	10:35:02.42	tjlang 	
Login	Thu 10/31/2024	10:40:17.73	klchien 	
Login	Thu 10/31/2024	10:59:04.79	ksugano1 	
Logoff	Thu 10/31/2024	11:08:35.24	oppatel  
Login	Thu 10/31/2024	11:10:45.34	kpate153 	
Logoff	Thu 10/31/2024	11:27:02.41	tjlang  
Logoff	Thu 10/31/2024	11:29:57.16	ksugano1  
Login	Thu 10/31/2024	11:33:09.69	dmarimek 	
Login	Thu 10/31/2024	11:37:14.13	ksugano1 	
Logoff	Thu 10/31/2024	11:56:02.12	kpate153  
Logoff	Thu 10/31/2024	11:57:06.66	ksugano1  
Login	Thu 10/31/2024	12:00:41.81	oppatel 	
Login	Thu 10/31/2024	12:04:16.15	ksugano1 	
Logoff	Thu 10/31/2024	12:05:35.60	klchien  
Logoff	Thu 10/31/2024	12:10:52.19	spark335  
Logoff	Thu 10/31/2024	12:11:31.41	lllima  
Logoff	Thu 10/31/2024	12:42:32.23	kehsan  
Logoff	Thu 10/31/2024	12:45:12.26	dmarimek  
Logoff	Thu 10/31/2024	14:01:09.66	oppatel  
Logoff	Thu 10/31/2024	14:11:38.76	ksugano1  
Logoff	Thu 10/31/2024	15:18:22.25	kokunsei  
Login	Wed 11/06/2024	 6:55:39.71	kbreuer 	
Login	Wed 11/06/2024	 7:30:37.97	dmycue 	
Login	Wed 11/06/2024	 7:39:48.92	ryuan13 	
Login	Wed 11/06/2024	 7:44:41.20	mfang15 	
Logoff	Wed 11/06/2024	 7:52:55.08	kbreuer  
Logoff	Wed 11/06/2024	 8:14:09.20	mfang15  
Login	Wed 11/06/2024	 8:51:14.80	mfang15 	
Logoff	Wed 11/06/2024	 9:06:19.53	ryuan13  
Login	Wed 11/06/2024	 9:15:14.99	mkamisat 	
Login	Wed 11/06/2024	 9:18:13.02	kodonne3 	
Login	Wed 11/06/2024	 9:22:28.23	myclarke 	
Login	Wed 11/06/2024	 9:27:23.20	wz36 	
Login	Wed 11/06/2024	 9:31:18.39	kbreuer 	
Logoff	Wed 11/06/2024	 9:42:24.37	mfang15  
Login	Wed 11/06/2024	 9:59:41.63	alim16 	
Logoff	Wed 11/06/2024	10:05:37.37	kodonne3  
Logoff	Wed 11/06/2024	10:05:40.30	myclarke  
Login	Wed 11/06/2024	10:09:01.18	abaum2 	
Login	Wed 11/06/2024	10:25:15.07	nherna20 	
Login	Wed 11/06/2024	10:25:51.57	ytomokiy 	
Logoff	Wed 11/06/2024	11:07:54.76	alim16  
Logoff	Wed 11/06/2024	11:08:57.97	abaum2  
Logoff	Wed 11/06/2024	11:14:01.62	mkamisat  
Login	Wed 11/06/2024	11:19:53.24	aallen38 	
Login	Wed 11/06/2024	11:26:57.50	ksugano1 	
Login	Wed 11/06/2024	11:27:38.89	mkamisat 	
Logoff	Wed 11/06/2024	12:14:40.24	aallen38  
Logoff	Wed 11/06/2024	12:19:13.27	nherna20  
Logoff	Wed 11/06/2024	12:25:23.04	mkamisat  
Login	Wed 11/06/2024	13:25:50.64	rcavin 	
Logoff	Wed 11/06/2024	13:37:03.58	dmycue  
Logoff	Wed 11/06/2024	13:42:30.56	rcavin  
Logoff	Wed 11/06/2024	13:47:57.14	ksugano1  
Login	Wed 11/06/2024	13:57:06.75	rcavin 	
Logoff	Wed 11/06/2024	14:06:53.74	ytomokiy  
Logoff	Wed 11/06/2024	14:13:14.73	kbreuer  
