Login	Thu 09/05/2024	 7:31:54.29	dmycue 	
Login	Thu 09/05/2024	 9:04:51.72	kkim1 	
Login	Thu 09/05/2024	 9:47:28.19	wz36 	
Logoff	Thu 09/05/2024	 9:53:12.83	kkim1  
Login	Thu 09/05/2024	 9:54:41.35	brlyons 	
Logoff	Thu 09/05/2024	11:09:46.56	brlyons  
Login	Thu 09/05/2024	11:34:19.48	sshende 	
Logoff	Thu 09/05/2024	11:51:12.53	sshende  
Logoff	Thu 09/05/2024	13:28:04.69	dmycue  
Login	Thu 09/05/2024	13:44:53.19	jlee948 	
Logoff	Thu 09/05/2024	14:01:26.58	jlee948  
Login	Thu 09/05/2024	16:18:33.98	dmycue 	
Logoff	Thu 09/05/2024	17:10:39.69	wz36  
Logoff	Thu 09/05/2024	19:59:45.56	dmycue  
Login	Sat 09/07/2024	 0:24:47.17	ktaneust 	
Logoff	Sat 09/07/2024	 0:40:46.19	ktaneust  
Login	Sat 09/07/2024	 6:59:38.37	mgray11 	
Logoff	Sat 09/07/2024	 7:24:09.63	mgray11  
Login	Sat 09/07/2024	 9:42:39.57	gdoughty 	
Logoff	Sat 09/07/2024	10:18:27.80	gdoughty  
Login	Sat 09/07/2024	10:51:11.11	trkierna 	
Login	Sat 09/07/2024	10:57:16.11	aokura 	
Login	Sat 09/07/2024	11:02:44.91	brichar6 	
Logoff	Sat 09/07/2024	11:06:44.36	trkierna  
Logoff	Sat 09/07/2024	11:13:35.50	aokura  
Logoff	Sat 09/07/2024	11:21:40.23	brichar6  
Login	Sat 09/07/2024	11:21:57.68	ipark26 	
Logoff	Sat 09/07/2024	11:37:31.12	ipark26  
Login	Sat 09/07/2024	11:39:27.55	ohernan6 	
Logoff	Sat 09/07/2024	11:55:47.29	ohernan6  
Login	Sat 09/07/2024	11:56:03.79	ctkim 	
Logoff	Sat 09/07/2024	12:11:59.57	ctkim  
Login	Sat 09/07/2024	12:29:32.50	kdmitche 	
Logoff	Sat 09/07/2024	12:45:59.39	kdmitche  
Login	Sat 09/07/2024	13:05:20.21	jcconroy 	
Logoff	Sat 09/07/2024	13:21:36.13	jcconroy  
Login	Sat 09/07/2024	13:38:08.89	pwrubel 	
Login	Sat 09/07/2024	13:51:15.98	mhqanit 	
Login	Sat 09/07/2024	13:53:29.99	acondorm 	
Logoff	Sat 09/07/2024	13:53:43.68	pwrubel  
Login	Sat 09/07/2024	14:00:25.91	bmontoy1 	
Logoff	Sat 09/07/2024	14:09:44.24	mhqanit  
Logoff	Sat 09/07/2024	14:17:18.23	bmontoy1  
Login	Sat 09/07/2024	14:41:55.77	jjryu 	
Login	Sat 09/07/2024	14:57:26.78	njiang10 	
Logoff	Sat 09/07/2024	14:58:09.55	acondorm  
Logoff	Sat 09/07/2024	14:59:07.09	jjryu  
Login	Sat 09/07/2024	15:14:06.43	ckjackso 	
Logoff	Sat 09/07/2024	15:24:22.86	njiang10  
Logoff	Sat 09/07/2024	15:32:49.48	ckjackso  
Login	Sat 09/07/2024	15:58:48.92	fjohnso7 	
Login	Sat 09/07/2024	16:00:36.57	aremeza 	
Login	Sat 09/07/2024	16:14:16.79	anguy252 	
Logoff	Sat 09/07/2024	16:17:31.10	fjohnso7  
Logoff	Sat 09/07/2024	16:31:25.78	anguy252  
Login	Sat 09/07/2024	16:57:03.63	emyerson 	
Login	Sat 09/07/2024	16:58:34.48	rmichae5 	
Login	Sat 09/07/2024	17:05:10.26	azerby 	
Logoff	Sat 09/07/2024	17:11:16.43	aremeza  
Logoff	Sat 09/07/2024	17:13:01.32	emyerson  
Logoff	Sat 09/07/2024	17:14:52.94	rmichae5  
Logoff	Sat 09/07/2024	17:21:14.07	azerby  
Login	Sun 09/08/2024	 0:56:16.60	echukosk 	
Logoff	Sun 09/08/2024	 1:12:37.86	echukosk  
Login	Sun 09/08/2024	 1:35:26.25	cmxue 	
Logoff	Sun 09/08/2024	 1:51:02.10	cmxue  
Login	Sun 09/08/2024	 9:36:43.68	jabney 	
Logoff	Sun 09/08/2024	 9:58:41.81	jabney  
Login	Sun 09/08/2024	10:21:38.40	lrhoads 	
Logoff	Sun 09/08/2024	10:43:08.06	lrhoads  
Login	Sun 09/08/2024	11:35:16.58	sngo9 	
Logoff	Sun 09/08/2024	11:51:36.39	sngo9  
Login	Sun 09/08/2024	12:07:07.84	jdicresc 	
Login	Sun 09/08/2024	12:11:55.55	ihaguila 	
Logoff	Sun 09/08/2024	12:27:25.17	ihaguila  
Logoff	Sun 09/08/2024	12:33:28.49	jdicresc  
Login	Sun 09/08/2024	12:49:42.39	nmousbah 	
Logoff	Sun 09/08/2024	13:05:18.51	nmousbah  
Login	Sun 09/08/2024	13:07:24.58	cbianco 	
Logoff	Sun 09/08/2024	13:31:10.90	cbianco  
Login	Sun 09/08/2024	14:06:15.03	mmitch43 	
Logoff	Sun 09/08/2024	14:22:52.05	mmitch43  
Login	Sun 09/08/2024	14:29:42.16	nbharris 	
Login	Sun 09/08/2024	14:31:36.14	rmlalani 	
Logoff	Sun 09/08/2024	14:45:37.15	nbharris  
Logoff	Sun 09/08/2024	14:47:24.75	rmlalani  
Login	Sun 09/08/2024	15:02:59.86	tlboucha 	
Login	Sun 09/08/2024	15:07:13.88	jgcasale 	
Login	Sun 09/08/2024	15:18:33.92	jscandli 	
Logoff	Sun 09/08/2024	15:23:17.42	jgcasale  
Logoff	Sun 09/08/2024	15:25:45.07	tlboucha  
Logoff	Sun 09/08/2024	15:33:53.44	jscandli  
Login	Sun 09/08/2024	16:10:42.31	svonderg 	
Login	Sun 09/08/2024	16:23:21.15	euwillia 	
Logoff	Sun 09/08/2024	16:26:31.08	svonderg  
Logoff	Sun 09/08/2024	16:39:00.09	euwillia  
Login	Sun 09/08/2024	16:44:20.21	jchafoul 	
Login	Sun 09/08/2024	16:45:07.32	nastraye 	
Login	Sun 09/08/2024	16:51:01.79	smargett 	
Logoff	Sun 09/08/2024	17:02:15.36	nastraye  
Logoff	Sun 09/08/2024	17:02:42.95	jchafoul  
Login	Sun 09/08/2024	17:07:17.27	mfimran 	
Logoff	Sun 09/08/2024	17:09:04.56	smargett  
Login	Sun 09/08/2024	17:09:34.15	jchafoul 	
Logoff	Sun 09/08/2024	17:26:49.19	mfimran  
Logoff	Sun 09/08/2024	17:26:55.05	jchafoul  
Login	Sun 09/08/2024	18:28:50.63	jsjankow 	
Logoff	Sun 09/08/2024	18:52:41.59	jsjankow  
Login	Sun 09/08/2024	20:13:58.50	mttruong 	
Logoff	Sun 09/08/2024	20:30:32.58	mttruong  
Login	Sun 09/08/2024	22:11:16.54	smargett 	
Login	Sun 09/08/2024	22:19:04.58	zweinst4 	
Logoff	Sun 09/08/2024	22:29:35.84	smargett  
Logoff	Sun 09/08/2024	22:34:47.20	zweinst4  
Login	Sun 09/08/2024	23:32:17.08	skozynet 	
Logoff	Sun 09/08/2024	23:57:16.50	skozynet  
Login	Mon 09/09/2024	 0:03:07.63	oashhab 	
Login	Mon 09/09/2024	 0:07:52.10	oidiaghe 	
Logoff	Mon 09/09/2024	 0:08:02.05	oashhab  
Logoff	Mon 09/09/2024	 0:08:02.26	oidiaghe  
Login	Tue 09/10/2024	 3:32:29.28	sbarthur 	
Logoff	Tue 09/10/2024	 3:49:27.17	sbarthur  
Login	Tue 09/10/2024	 4:30:31.26	amuharra 	
Logoff	Tue 09/10/2024	 4:53:26.74	amuharra  
Login	Tue 09/10/2024	 6:32:01.70	tmdavis 	
Logoff	Tue 09/10/2024	 6:48:54.48	tmdavis  
Login	Tue 09/10/2024	 7:30:52.60	dmycue 	
Login	Tue 09/10/2024	 9:07:26.46	tareval1 	
Login	Tue 09/10/2024	 9:08:55.82	jlwiener 	
Login	Tue 09/10/2024	 9:09:19.96	wz36 	
Login	Tue 09/10/2024	 9:54:03.76	tameyer 	
Login	Tue 09/10/2024	10:08:22.44	jhadley3 	
Login	Tue 09/10/2024	10:23:02.93	slorenzo 	
Logoff	Tue 09/10/2024	10:25:10.43	jhadley3  
Logoff	Tue 09/10/2024	10:29:32.46	jlwiener  
Logoff	Tue 09/10/2024	10:34:36.76	tareval1  
Logoff	Tue 09/10/2024	10:35:14.39	tameyer  
Logoff	Tue 09/10/2024	10:40:17.43	slorenzo  
Login	Tue 09/10/2024	11:03:36.03	jabney 	
Login	Tue 09/10/2024	12:01:55.11	kpalac 	
Login	Tue 09/10/2024	12:47:56.10	sbegnaud 	
Login	Tue 09/10/2024	12:50:12.13	proy9 	
Login	Tue 09/10/2024	12:59:17.96	lrhoads 	
Logoff	Tue 09/10/2024	13:03:26.88	sbegnaud  
Login	Tue 09/10/2024	13:05:17.27	rlee127 	
Logoff	Tue 09/10/2024	13:07:14.70	jabney  
Login	Tue 09/10/2024	13:09:17.09	amuharra 	
Logoff	Tue 09/10/2024	13:09:45.48	proy9  
Login	Tue 09/10/2024	13:15:51.39	skozynet 	
Logoff	Tue 09/10/2024	13:34:50.19	skozynet  
Logoff	Tue 09/10/2024	14:21:15.13	rlee127  
Logoff	Tue 09/10/2024	14:30:55.16	lrhoads  
Logoff	Tue 09/10/2024	14:32:46.60	amuharra  
Login	Tue 09/10/2024	14:36:29.55	mmyklebu 	
Logoff	Tue 09/10/2024	14:37:18.84	kpalac  
Login	Tue 09/10/2024	14:38:57.76	etduchno 	
Logoff	Tue 09/10/2024	15:22:36.12	mmyklebu  
Logoff	Tue 09/10/2024	15:44:40.33	dmycue  
Login	Tue 09/10/2024	16:02:57.06	kpalac 	
Logoff	Tue 09/10/2024	16:04:44.31	etduchno  
Login	Tue 09/10/2024	16:05:36.12	tareval1 	
Login	Tue 09/10/2024	16:20:04.46	dmycue 	
Login	Tue 09/10/2024	16:45:09.30	cbianco 	
Logoff	Tue 09/10/2024	16:53:11.37	tareval1  
Logoff	Tue 09/10/2024	17:34:53.60	wz36  
Logoff	Tue 09/10/2024	17:43:09.84	kpalac  
Logoff	Tue 09/10/2024	18:25:00.51	cbianco  
Login	Tue 09/10/2024	18:55:20.71	tameyer 	
Login	Tue 09/10/2024	20:01:30.17	jabney 	
Login	Tue 09/10/2024	20:07:31.21	rlee127 	
Logoff	Tue 09/10/2024	20:40:35.92	tameyer  
Logoff	Tue 09/10/2024	20:47:32.58	dmycue  
Logoff	Tue 09/10/2024	20:59:54.35	rlee127  
Login	Tue 09/10/2024	21:10:45.64	etduchno 	
Logoff	Tue 09/10/2024	21:15:26.68	jabney  
Logoff	Tue 09/10/2024	21:32:56.40	etduchno  
Login	Tue 09/10/2024	23:26:03.14	tameyer 	
Logoff	Tue 09/10/2024	23:50:56.34	tameyer  
Login	Thu 09/12/2024	 7:40:09.59	dmycue 	
Login	Thu 09/12/2024	 9:16:20.08	wz36 	
Login	Thu 09/12/2024	10:33:28.56	ehandyca 	
Login	Thu 09/12/2024	10:59:36.52	jretanas 	
Logoff	Thu 09/12/2024	11:03:42.01	jretanas  
Login	Thu 09/12/2024	11:10:13.67	jretanas 	
Login	Thu 09/12/2024	11:18:19.27	tameyer 	
Logoff	Thu 09/12/2024	11:23:05.69	jretanas  
Login	Thu 09/12/2024	11:43:10.08	jretanas 	
Logoff	Thu 09/12/2024	11:50:54.43	tameyer  
Login	Thu 09/12/2024	11:59:31.52	jlee948 	
Login	Thu 09/12/2024	12:16:43.74	slopezlu 	
Logoff	Thu 09/12/2024	12:18:30.50	dmycue  
Login	Thu 09/12/2024	12:21:52.27	dmycue 	
Logoff	Thu 09/12/2024	12:22:34.88	ehandyca  
Logoff	Thu 09/12/2024	12:34:50.22	slopezlu  
Login	Thu 09/12/2024	12:39:04.35	thirsch 	
Logoff	Thu 09/12/2024	12:59:50.09	jlee948  
Logoff	Thu 09/12/2024	13:15:30.76	thirsch  
Logoff	Thu 09/12/2024	13:17:02.86	jretanas  
Login	Thu 09/12/2024	13:33:58.81	cbianco 	
Login	Thu 09/12/2024	14:38:45.14	etduchno 	
Login	Thu 09/12/2024	14:49:13.99	amombay 	
Login	Thu 09/12/2024	15:12:51.28	jlee948 	
Login	Thu 09/12/2024	15:18:43.84	slopezlu 	
Logoff	Thu 09/12/2024	15:35:03.71	slopezlu  
Logoff	Thu 09/12/2024	15:35:26.39	cbianco  
Logoff	Thu 09/12/2024	15:52:17.35	amombay  
Logoff	Thu 09/12/2024	15:59:45.18	jlee948  
Logoff	Thu 09/12/2024	16:08:46.67	etduchno  
Login	Thu 09/12/2024	16:34:27.84	srober54 	
Logoff	Thu 09/12/2024	16:58:50.29	wz36  
Login	Thu 09/12/2024	17:01:11.49	syang228 	
Login	Thu 09/12/2024	17:08:48.92	etduchno 	
Logoff	Thu 09/12/2024	17:16:24.73	syang228  
Logoff	Thu 09/12/2024	17:46:50.49	etduchno  
Login	Thu 09/12/2024	17:58:49.40	cchen284 	
Login	Thu 09/12/2024	18:09:25.28	jlee948 	
Logoff	Thu 09/12/2024	18:16:09.02	cchen284  
Logoff	Thu 09/12/2024	18:54:50.94	srober54  
Logoff	Thu 09/12/2024	19:40:54.03	jlee948  
Login	Thu 09/12/2024	20:16:46.87	srober54 	
Logoff	Thu 09/12/2024	20:20:36.24	dmycue  
Login	Thu 09/12/2024	20:22:31.35	mfang15 	
Login	Thu 09/12/2024	20:28:08.62	cwernli 	
Logoff	Thu 09/12/2024	20:50:02.96	cwernli  
Login	Thu 09/12/2024	20:56:35.35	cchen284 	
Logoff	Thu 09/12/2024	21:00:36.57	mfang15  
Logoff	Thu 09/12/2024	21:14:24.07	cchen284  
Logoff	Thu 09/12/2024	21:43:31.33	srober54  
Login	Thu 09/12/2024	21:50:26.67	cwernli 	
Login	Thu 09/12/2024	23:37:03.03	kmorri19 	
Logoff	Thu 09/12/2024	23:51:31.62	cwernli  
Logoff	Fri 09/13/2024	 0:07:33.19	kmorri19  
Login	Tue 09/17/2024	 0:30:12.80	rcsantan 	
Login	Tue 09/17/2024	 0:34:11.81	qbaron 	
Login	Tue 09/17/2024	 0:37:31.69	bcjamal 	
Logoff	Tue 09/17/2024	 0:58:04.78	bcjamal  
Logoff	Tue 09/17/2024	 1:06:26.38	qbaron  
Logoff	Tue 09/17/2024	 1:10:04.61	rcsantan  
Login	Tue 09/17/2024	 1:27:12.41	tpyon 	
Logoff	Tue 09/17/2024	 1:48:21.47	tpyon  
Login	Tue 09/17/2024	 7:14:33.65	dmycue 	
Login	Tue 09/17/2024	 9:03:36.50	tareval1 	
Login	Tue 09/17/2024	 9:41:25.80	szhu90 	
Logoff	Tue 09/17/2024	 9:49:06.38	tareval1  
Login	Tue 09/17/2024	10:00:32.32	vteager 	
Login	Tue 09/17/2024	10:17:44.37	wz36 	
Logoff	Tue 09/17/2024	10:24:58.37	vteager  
Logoff	Tue 09/17/2024	10:32:19.27	szhu90  
Login	Tue 09/17/2024	10:33:37.25	hchen245 	
Logoff	Tue 09/17/2024	10:52:42.62	hchen245  
Login	Tue 09/17/2024	10:56:01.94	dlai7 	
Login	Tue 09/17/2024	11:07:07.58	spark335 	
Login	Tue 09/17/2024	11:14:16.25	mgoeke 	
Logoff	Tue 09/17/2024	11:15:03.86	dlai7  
Login	Tue 09/17/2024	11:22:40.39	hchen245 	
Login	Tue 09/17/2024	11:23:04.16	tpyon 	
Logoff	Tue 09/17/2024	11:40:49.59	hchen245  
Logoff	Tue 09/17/2024	11:44:13.80	mgoeke  
Logoff	Tue 09/17/2024	11:49:24.38	spark335  
Logoff	Tue 09/17/2024	11:56:21.63	tpyon  
Login	Tue 09/17/2024	12:04:58.10	jnsummer 	
Login	Tue 09/17/2024	12:21:10.28	dlai7 	
Login	Tue 09/17/2024	12:31:29.09	abaum2 	
Login	Tue 09/17/2024	12:52:32.23	spark335 	
Logoff	Tue 09/17/2024	12:52:43.98	wz36  
Logoff	Tue 09/17/2024	12:55:47.30	jnsummer  
Login	Tue 09/17/2024	13:07:07.45	lrhoads 	
Login	Tue 09/17/2024	13:07:53.68	nherna20 	
Logoff	Tue 09/17/2024	13:07:57.37	abaum2  
Logoff	Tue 09/17/2024	13:09:23.11	spark335  
Login	Tue 09/17/2024	13:12:31.75	lllima 	
Logoff	Tue 09/17/2024	13:49:29.03	nherna20  
Logoff	Tue 09/17/2024	14:10:41.41	dlai7  
Login	Tue 09/17/2024	14:12:16.46	bcjamal 	
Login	Tue 09/17/2024	14:16:44.43	jretanas 	
Logoff	Tue 09/17/2024	14:31:21.94	lllima  
Login	Tue 09/17/2024	14:34:45.45	wz36 	
Logoff	Tue 09/17/2024	14:35:14.73	jretanas  
Logoff	Tue 09/17/2024	14:35:55.03	lrhoads  
Login	Tue 09/17/2024	14:36:48.31	etduchno 	
Login	Tue 09/17/2024	14:42:50.74	abaum2 	
Login	Tue 09/17/2024	14:52:57.96	lrhoads 	
Login	Tue 09/17/2024	15:03:17.46	aallen38 	
Logoff	Tue 09/17/2024	15:09:23.65	bcjamal  
Logoff	Tue 09/17/2024	15:15:47.14	abaum2  
Logoff	Tue 09/17/2024	15:25:39.72	lrhoads  
Logoff	Tue 09/17/2024	15:43:07.97	etduchno  
Logoff	Tue 09/17/2024	15:52:54.06	aallen38  
Login	Tue 09/17/2024	16:07:03.78	spark335 	
Login	Tue 09/17/2024	16:08:08.63	hbzheng 	
Login	Tue 09/17/2024	16:12:21.79	abrow146 	
Logoff	Tue 09/17/2024	16:27:04.60	hbzheng  
Login	Tue 09/17/2024	16:40:11.19	hbzheng 	
Login	Tue 09/17/2024	16:49:01.27	slee474 	
Logoff	Tue 09/17/2024	16:50:00.79	spark335  
Login	Tue 09/17/2024	16:50:59.73	nherna20 	
Login	Tue 09/17/2024	16:57:25.23	alim16 	
Login	Tue 09/17/2024	17:03:54.49	tjlang 	
Logoff	Tue 09/17/2024	17:03:59.88	wz36  
Login	Tue 09/17/2024	17:06:14.13	abaum2 	
Logoff	Tue 09/17/2024	17:24:08.69	abaum2  
Logoff	Tue 09/17/2024	17:43:39.26	abrow146  
Logoff	Tue 09/17/2024	17:53:27.50	nherna20  
Logoff	Tue 09/17/2024	17:59:11.06	alim16  
Logoff	Tue 09/17/2024	18:12:04.07	hbzheng  
Login	Tue 09/17/2024	18:17:27.01	nherna20 	
Logoff	Tue 09/17/2024	18:30:41.51	slee474  
Logoff	Tue 09/17/2024	18:32:29.73	tjlang  
Login	Tue 09/17/2024	18:32:32.44	jnsummer 	
Login	Tue 09/17/2024	18:50:25.27	tpyon 	
Login	Tue 09/17/2024	18:58:42.40	mmyklebu 	
Logoff	Tue 09/17/2024	19:00:12.61	nherna20  
Login	Tue 09/17/2024	19:36:33.99	dmarimek 	
Logoff	Tue 09/17/2024	19:55:46.20	dmycue  
Login	Tue 09/17/2024	20:17:54.79	gmjennin 	
Login	Tue 09/17/2024	20:24:49.41	klchien 	
Login	Tue 09/17/2024	20:27:36.99	alim16 	
Logoff	Tue 09/17/2024	20:37:19.23	mmyklebu  
Logoff	Tue 09/17/2024	20:43:31.49	jnsummer  
Login	Tue 09/17/2024	21:11:22.84	rlee127 	
Logoff	Tue 09/17/2024	21:13:03.84	tpyon  
Logoff	Tue 09/17/2024	21:27:11.63	klchien  
Logoff	Tue 09/17/2024	21:36:48.11	rlee127  
Login	Tue 09/17/2024	21:38:02.65	qbaron 	
Login	Tue 09/17/2024	21:42:27.97	lllima 	
Logoff	Tue 09/17/2024	21:43:45.55	dmarimek  
Login	Tue 09/17/2024	21:46:14.81	rcsantan 	
Logoff	Tue 09/17/2024	21:55:40.57	qbaron  
Logoff	Tue 09/17/2024	21:58:46.33	gmjennin  
Login	Tue 09/17/2024	21:59:00.10	ksugano1 	
Login	Tue 09/17/2024	22:14:19.81	rcavin 	
Logoff	Tue 09/17/2024	22:35:28.72	lllima  
Logoff	Tue 09/17/2024	22:46:08.96	alim16  
Login	Tue 09/17/2024	22:54:41.17	alim16 	
Logoff	Tue 09/17/2024	23:24:09.57	alim16  
Logoff	Tue 09/17/2024	23:24:38.57	rcavin  
Logoff	Tue 09/17/2024	23:38:05.79	rcsantan  
Login	Tue 09/17/2024	23:55:40.86	kpate153 	
Login	Wed 09/18/2024	 0:02:27.59	rcavin 	
Logoff	Wed 09/18/2024	 0:10:01.24	ksugano1  
Logoff	Wed 09/18/2024	 0:18:47.92	rcavin  
Login	Thu 09/19/2024	 8:43:34.86	dmycue 	
Login	Thu 09/19/2024	 9:01:18.12	wz36 	
Login	Thu 09/19/2024	 9:27:44.73	nherna20 	
Login	Thu 09/19/2024	 9:58:50.33	jretanas 	
Logoff	Thu 09/19/2024	11:07:42.48	nherna20  
Logoff	Thu 09/19/2024	11:40:31.80	jretanas  
Login	Thu 09/19/2024	13:01:13.34	ameserve 	
Login	Thu 09/19/2024	13:11:04.91	pgaudio 	
Login	Thu 09/19/2024	13:32:16.71	jretanas 	
Logoff	Thu 09/19/2024	13:33:04.47	ameserve  
Logoff	Thu 09/19/2024	14:05:17.58	pgaudio  
Login	Thu 09/19/2024	14:37:08.73	etduchno 	
Logoff	Thu 09/19/2024	15:18:08.73	etduchno  
Login	Thu 09/19/2024	15:30:02.19	sshende 	
Login	Thu 09/19/2024	15:52:45.97	etduchno 	
Logoff	Thu 09/19/2024	16:06:42.95	sshende  
Logoff	Thu 09/19/2024	16:10:25.23	jretanas  
Logoff	Thu 09/19/2024	16:13:14.91	etduchno  
Login	Thu 09/19/2024	16:58:30.74	jlee948 	
Logoff	Thu 09/19/2024	17:04:01.00	wz36  
Login	Thu 09/19/2024	17:07:57.66	tareval1 	
Logoff	Thu 09/19/2024	17:25:21.93	jlee948  
Logoff	Thu 09/19/2024	18:32:05.39	tareval1  
Logoff	Thu 09/19/2024	20:17:34.32	dmycue  
Login	Thu 09/19/2024	23:42:51.94	kpalac 	
Logoff	Fri 09/20/2024	 0:07:34.98	kpalac  
Login	Sat 09/21/2024	11:47:38.14	pmarcott 	
Logoff	Sat 09/21/2024	12:06:00.52	pmarcott  
Login	Sat 09/21/2024	12:59:05.50	cchen284 	
Logoff	Sat 09/21/2024	13:23:18.01	cchen284  
Login	Sat 09/21/2024	13:26:22.29	amgutier 	
Logoff	Sat 09/21/2024	14:08:47.94	amgutier  
Login	Sat 09/21/2024	14:24:17.44	cwernli 	
Logoff	Sat 09/21/2024	14:52:43.15	cwernli  
Login	Sat 09/21/2024	14:59:36.88	cwernli 	
Logoff	Sat 09/21/2024	15:15:19.70	cwernli  
Login	Sat 09/21/2024	16:14:51.07	ryuan13 	
Login	Sat 09/21/2024	16:25:55.32	wpcolema 	
Logoff	Sat 09/21/2024	16:33:37.72	ryuan13  
Logoff	Sat 09/21/2024	16:46:33.23	wpcolema  
Login	Sat 09/21/2024	17:06:06.15	amgutier 	
Logoff	Sat 09/21/2024	17:31:00.57	amgutier  
Login	Sat 09/21/2024	18:38:34.82	rlee127 	
Logoff	Sat 09/21/2024	18:56:32.51	rlee127  
Login	Sat 09/21/2024	19:14:45.27	szhu90 	
Logoff	Sat 09/21/2024	19:33:33.14	szhu90  
Login	Sat 09/21/2024	21:01:45.36	tjlang 	
Logoff	Sat 09/21/2024	21:17:43.68	tjlang  
Login	Sat 09/21/2024	23:51:18.07	wz36 	
Logoff	Sat 09/21/2024	23:54:01.45	wz36  
Login	Sun 09/22/2024	 0:03:50.60	cwernli 	
Logoff	Sun 09/22/2024	 0:20:50.71	cwernli  
Login	Mon 09/23/2024	 1:07:41.56	amombay 	
Logoff	Mon 09/23/2024	 1:36:51.10	amombay  
Login	Mon 09/23/2024	 7:30:05.73	dmycue 	
Login	Mon 09/23/2024	 9:17:26.94	wz36 	
Logoff	Mon 09/23/2024	 9:55:10.81	dmycue  
Login	Mon 09/23/2024	10:04:30.09	dmycue 	
Login	Mon 09/23/2024	12:57:16.39	bknittle 	
Logoff	Mon 09/23/2024	13:16:45.68	bknittle  
Login	Mon 09/23/2024	16:10:58.94	etduchno 	
Login	Mon 09/23/2024	17:11:37.69	lwfrank 	
Login	Mon 09/23/2024	17:17:11.60	rlee127 	
Logoff	Mon 09/23/2024	17:17:23.96	wz36  
Login	Mon 09/23/2024	17:19:14.62	mgoeke 	
Logoff	Mon 09/23/2024	17:22:45.59	etduchno  
Login	Mon 09/23/2024	17:23:22.51	abaum2 	
Logoff	Mon 09/23/2024	17:35:02.27	dmycue  
Logoff	Mon 09/23/2024	17:43:01.64	mgoeke  
Logoff	Mon 09/23/2024	17:51:23.72	rlee127  
Logoff	Mon 09/23/2024	18:08:19.95	lwfrank  
Login	Mon 09/23/2024	18:13:47.18	rlee127 	
Logoff	Mon 09/23/2024	18:18:05.71	abaum2  
Login	Mon 09/23/2024	18:44:01.99	klchien 	
Login	Mon 09/23/2024	18:44:02.22	dlai7 	
Login	Mon 09/23/2024	18:54:53.09	rcsantan 	
Logoff	Mon 09/23/2024	19:04:38.69	rlee127  
Logoff	Mon 09/23/2024	19:07:40.52	dlai7  
Logoff	Mon 09/23/2024	19:45:06.50	rcsantan  
Logoff	Mon 09/23/2024	20:13:09.40	klchien  
Login	Mon 09/23/2024	20:57:56.68	tpyon 	
Login	Mon 09/23/2024	20:58:43.10	rcsantan 	
Logoff	Mon 09/23/2024	22:11:47.70	rcsantan  
Login	Mon 09/23/2024	22:44:45.89	etduchno 	
Login	Mon 09/23/2024	22:51:02.13	sdefreit 	
Logoff	Mon 09/23/2024	23:15:09.65	etduchno  
Logoff	Mon 09/23/2024	23:16:52.82	sdefreit  
Login	Mon 09/23/2024	23:18:56.82	kehsan 	
Logoff	Mon 09/23/2024	23:39:36.57	kehsan  
Logoff	Mon 09/23/2024	23:45:52.71	tpyon  
Login	Mon 09/23/2024	23:56:46.42	myclarke 	
Logoff	Tue 09/24/2024	 0:16:45.43	myclarke  
Login	Tue 10/01/2024	19:49:56.82	myclarke 	
Login	Tue 10/01/2024	19:53:40.02	tjlang 	
Login	Tue 10/01/2024	20:26:59.60	rlee127 	
Logoff	Tue 10/01/2024	21:02:30.75	rlee127  
Login	Tue 10/01/2024	21:07:38.17	sdefreit 	
Login	Tue 10/01/2024	21:37:08.74	cwalter9 	
Logoff	Tue 10/01/2024	22:00:50.42	tjlang  
Logoff	Tue 10/01/2024	22:02:37.38	cwalter9  
Logoff	Tue 10/01/2024	22:15:02.51	myclarke  
Logoff	Tue 10/01/2024	23:08:33.59	sdefreit  
Login	Tue 10/01/2024	23:14:35.11	amgutier 	
Logoff	Tue 10/01/2024	23:30:22.65	amgutier  
Login	Wed 10/02/2024	 0:34:28.67	abaum2 	
Logoff	Wed 10/02/2024	 0:57:53.75	abaum2  
Login	Wed 10/02/2024	 8:52:52.65	wz36 	
Login	Wed 10/02/2024	 9:02:33.08	sthoma54 	
Logoff	Wed 10/02/2024	10:14:46.06	sthoma54  
Login	Wed 10/02/2024	11:05:23.25	abaum2 	
Login	Wed 10/02/2024	11:18:30.25	rlee127 	
Login	Wed 10/02/2024	11:47:14.71	galopogi 	
Login	Wed 10/02/2024	11:56:05.06	myclarke 	
Logoff	Wed 10/02/2024	12:00:34.80	rlee127  
Logoff	Wed 10/02/2024	12:05:42.85	abaum2  
Logoff	Wed 10/02/2024	12:07:06.26	galopogi  
Login	Wed 10/02/2024	12:09:02.62	sthoma54 	
Login	Wed 10/02/2024	12:10:06.63	amgutier 	
Logoff	Wed 10/02/2024	12:18:38.43	myclarke  
Login	Wed 10/02/2024	12:22:08.37	dlai7 	
Login	Wed 10/02/2024	12:35:41.72	myclarke 	
Logoff	Wed 10/02/2024	12:42:47.52	dlai7  
Login	Wed 10/02/2024	12:45:01.35	rabubaki 	
Logoff	Wed 10/02/2024	12:45:41.93	amgutier  
Login	Wed 10/02/2024	12:50:11.46	galopogi 	
Logoff	Wed 10/02/2024	13:00:29.92	rabubaki  
Login	Wed 10/02/2024	13:06:22.22	nwanders 	
Logoff	Wed 10/02/2024	13:11:17.34	galopogi  
Logoff	Wed 10/02/2024	13:12:02.10	sthoma54  
Login	Wed 10/02/2024	13:12:27.23	galopogi 	
Logoff	Wed 10/02/2024	13:50:52.25	myclarke  
Login	Wed 10/02/2024	13:51:36.84	svohra2 	
Logoff	Wed 10/02/2024	14:02:16.57	nwanders  
Logoff	Wed 10/02/2024	14:06:00.50	galopogi  
Login	Wed 10/02/2024	14:07:44.40	dmycue 	
Login	Wed 10/02/2024	14:14:26.06	dkulzhan 	
Logoff	Wed 10/02/2024	14:43:48.28	dkulzhan  
Login	Wed 10/02/2024	14:46:29.82	dkulzhan 	
Login	Wed 10/02/2024	15:13:32.04	tjlang 	
Logoff	Wed 10/02/2024	15:17:22.34	dkulzhan  
Logoff	Wed 10/02/2024	15:53:32.34	svohra2  
Login	Wed 10/02/2024	16:13:39.11	mkamisat 	
Logoff	Wed 10/02/2024	16:22:13.27	tjlang  
Logoff	Wed 10/02/2024	16:26:23.43	dmycue  
Login	Wed 10/02/2024	16:33:14.07	klogiudi 	
Login	Wed 10/02/2024	16:34:33.14	abrow146 	
Logoff	Wed 10/02/2024	16:49:14.64	klogiudi  
Logoff	Wed 10/02/2024	16:59:00.73	wz36  
Logoff	Wed 10/02/2024	17:17:00.53	mkamisat  
Login	Wed 10/02/2024	17:18:52.70	tjlang 	
Logoff	Wed 10/02/2024	18:12:42.78	tjlang  
Logoff	Wed 10/02/2024	18:38:51.38	abrow146  
Login	Wed 10/02/2024	18:43:16.32	abaum2 	
Logoff	Wed 10/02/2024	18:59:14.97	abaum2  
Login	Wed 10/02/2024	20:41:03.51	bcjamal 	
Login	Wed 10/02/2024	20:43:37.59	oduarte 	
Logoff	Wed 10/02/2024	21:24:15.31	bcjamal  
Login	Wed 10/02/2024	21:59:13.16	rlee127 	
Logoff	Wed 10/02/2024	22:14:30.19	rlee127  
Login	Wed 10/02/2024	22:20:26.66	aallen38 	
Login	Wed 10/02/2024	22:21:17.87	spark335 	
Login	Wed 10/02/2024	22:32:37.40	rlee127 	
Login	Wed 10/02/2024	22:41:04.65	sdefreit 	
Logoff	Wed 10/02/2024	22:53:55.70	rlee127  
Logoff	Wed 10/02/2024	22:56:21.84	spark335  
Login	Wed 10/02/2024	22:58:28.58	spark335 	
Logoff	Wed 10/02/2024	23:05:43.85	oduarte  
Login	Wed 10/02/2024	23:51:38.82	ryuan13 	
Logoff	Wed 10/02/2024	23:52:56.59	spark335  
Logoff	Wed 10/02/2024	23:55:46.43	sdefreit  
Login	Thu 10/03/2024	 0:04:16.18	szhu90 	
Login	Thu 10/03/2024	 0:16:42.53	kmtruong 	
Login	Thu 10/03/2024	 0:18:42.21	jcanlapa 	
Logoff	Thu 10/03/2024	 0:20:53.37	szhu90  
Logoff	Thu 10/03/2024	 0:39:00.97	ryuan13  
Logoff	Thu 10/03/2024	 0:55:07.99	aallen38  
Login	Thu 10/03/2024	 0:59:12.52	abaum2 	
Logoff	Thu 10/03/2024	 1:06:48.33	kmtruong  
Logoff	Thu 10/03/2024	 1:32:02.68	abaum2  
Logoff	Thu 10/03/2024	 1:32:59.98	jcanlapa  
Login	Thu 10/03/2024	 1:35:11.86	bcjamal 	
Logoff	Thu 10/03/2024	 2:18:41.01	bcjamal  
Login	Thu 10/03/2024	 6:05:17.23	sngo9 	
Logoff	Thu 10/03/2024	 6:21:02.15	sngo9  
Login	Thu 10/03/2024	 8:32:07.50	kmtruong 	
Login	Thu 10/03/2024	 8:58:21.27	spark335 	
Login	Thu 10/03/2024	 9:06:45.37	jaconrad 	
Login	Thu 10/03/2024	 9:14:51.06	jlee948 	
Login	Thu 10/03/2024	 9:20:43.60	wz36 	
Logoff	Thu 10/03/2024	10:01:13.26	jlee948  
Login	Thu 10/03/2024	10:06:48.20	szhu90 	
Logoff	Thu 10/03/2024	10:10:24.28	spark335  
Login	Thu 10/03/2024	10:17:03.26	ytomokiy 	
Login	Thu 10/03/2024	10:41:19.74	spark335 	
Logoff	Thu 10/03/2024	10:46:40.76	szhu90  
Logoff	Thu 10/03/2024	10:49:49.04	ytomokiy  
Logoff	Thu 10/03/2024	10:59:53.81	kmtruong  
Login	Thu 10/03/2024	11:10:29.03	szhu90 	
Logoff	Thu 10/03/2024	11:12:30.77	spark335  
Logoff	Thu 10/03/2024	11:26:26.08	szhu90  
Login	Thu 10/03/2024	11:31:53.07	dmycue 	
Login	Thu 10/03/2024	12:12:13.84	jlee948 	
Login	Thu 10/03/2024	12:30:10.72	ryuan13 	
Login	Thu 10/03/2024	12:34:24.49	ytomokiy 	
Login	Thu 10/03/2024	12:43:32.38	jnsummer 	
Logoff	Thu 10/03/2024	12:45:12.32	jaconrad  
Logoff	Thu 10/03/2024	13:04:06.03	jlee948  
Login	Thu 10/03/2024	13:45:23.28	szhu90 	
Login	Thu 10/03/2024	13:50:18.89	dmarimek 	
Logoff	Thu 10/03/2024	13:51:40.34	ryuan13  
Logoff	Thu 10/03/2024	14:02:45.76	szhu90  
Login	Thu 10/03/2024	14:05:53.52	ithurnha 	
Login	Thu 10/03/2024	14:19:27.23	ryuan13 	
Logoff	Thu 10/03/2024	14:23:07.27	ithurnha  
Login	Thu 10/03/2024	14:33:19.79	jaconrad 	
Logoff	Thu 10/03/2024	14:43:43.18	jnsummer  
Login	Thu 10/03/2024	14:49:38.44	rcsantan 	
Login	Thu 10/03/2024	14:55:49.51	sbalaj18 	
Logoff	Thu 10/03/2024	14:58:13.64	dmarimek  
Logoff	Thu 10/03/2024	15:26:24.22	sbalaj18  
Logoff	Thu 10/03/2024	15:38:27.75	ytomokiy  
Logoff	Thu 10/03/2024	16:10:43.46	ryuan13  
Login	Thu 10/03/2024	16:24:54.27	bcjamal 	
Login	Thu 10/03/2024	16:29:11.48	sthoma54 	
Login	Thu 10/03/2024	16:37:04.85	mrbrough 	
Login	Thu 10/03/2024	16:52:36.40	afranco7 	
Logoff	Thu 10/03/2024	16:53:46.35	bcjamal  
Login	Thu 10/03/2024	16:55:10.73	agordonc 	
Logoff	Thu 10/03/2024	17:00:37.77	wz36  
Logoff	Thu 10/03/2024	17:04:01.57	sthoma54  
Login	Thu 10/03/2024	17:12:48.06	tjlang 	
Login	Thu 10/03/2024	17:13:36.13	jjchun 	
Logoff	Thu 10/03/2024	17:14:11.86	afranco7  
Logoff	Thu 10/03/2024	17:24:54.36	rcsantan  
Logoff	Thu 10/03/2024	17:36:31.56	jaconrad  
Logoff	Thu 10/03/2024	17:38:20.28	jjchun  
Login	Thu 10/03/2024	17:41:41.56	lllima 	
Login	Thu 10/03/2024	18:03:40.93	mgoeke 	
Logoff	Thu 10/03/2024	18:05:29.94	agordonc  
Logoff	Thu 10/03/2024	18:26:08.87	mrbrough  
Login	Thu 10/03/2024	18:30:20.79	kokunsei 	
Login	Thu 10/03/2024	18:31:55.87	nwanders 	
Login	Thu 10/03/2024	18:35:23.11	pmarcott 	
Logoff	Thu 10/03/2024	18:36:37.10	tjlang  
Login	Thu 10/03/2024	18:37:06.44	bcjamal 	
Logoff	Thu 10/03/2024	18:45:34.40	dmycue  
Login	Thu 10/03/2024	18:48:19.00	mkamisat 	
Logoff	Thu 10/03/2024	18:55:49.20	pmarcott  
Logoff	Thu 10/03/2024	19:04:24.11	kokunsei  
Logoff	Thu 10/03/2024	19:10:05.26	lllima  
Logoff	Thu 10/03/2024	19:10:26.56	nwanders  
Login	Thu 10/03/2024	19:34:16.03	agordonc 	
Logoff	Thu 10/03/2024	19:41:45.18	mkamisat  
Logoff	Thu 10/03/2024	19:41:57.07	mgoeke  
Login	Thu 10/03/2024	19:53:44.02	jcanlapa 	
Login	Thu 10/03/2024	20:23:28.34	nwanders 	
Login	Thu 10/03/2024	20:23:50.15	lllima 	
Logoff	Thu 10/03/2024	20:31:56.22	bcjamal  
Login	Thu 10/03/2024	21:00:03.28	mmyklebu 	
Login	Thu 10/03/2024	21:19:38.86	lwfrank 	
Login	Thu 10/03/2024	21:30:19.60	asun68 	
Logoff	Thu 10/03/2024	21:35:30.51	lllima  
Logoff	Thu 10/03/2024	21:47:16.94	nwanders  
Login	Thu 10/03/2024	21:49:55.79	nwanders 	
Login	Thu 10/03/2024	21:53:28.01	lllima 	
Logoff	Thu 10/03/2024	22:03:19.76	lwfrank  
Logoff	Thu 10/03/2024	22:06:31.45	agordonc  
Login	Thu 10/03/2024	22:18:06.49	ryuan13 	
Login	Thu 10/03/2024	22:18:30.14	qbaron 	
Login	Thu 10/03/2024	22:21:06.68	kpate153 	
Logoff	Thu 10/03/2024	22:24:44.51	mmyklebu  
Login	Thu 10/03/2024	22:26:42.99	kodonne3 	
Logoff	Thu 10/03/2024	22:46:39.49	kodonne3  
Login	Thu 10/03/2024	22:59:50.01	kokunsei 	
Logoff	Thu 10/03/2024	23:26:06.11	asun68  
Logoff	Thu 10/03/2024	23:29:09.16	qbaron  
Login	Thu 10/03/2024	23:39:51.73	aallen38 	
Logoff	Thu 10/03/2024	23:45:38.16	jcanlapa  
Login	Thu 10/03/2024	23:48:13.02	bcjamal 	
Login	Thu 10/03/2024	23:50:23.23	hbzheng 	
Logoff	Thu 10/03/2024	23:53:03.99	lllima  
Login	Fri 10/04/2024	 0:00:32.36	asun68 	
Logoff	Fri 10/04/2024	 0:13:27.48	nwanders  
Logoff	Fri 10/04/2024	 0:19:00.90	asun68  
Login	Fri 10/04/2024	 0:22:17.95	mgoeke 	
Login	Fri 10/04/2024	 0:30:39.89	kehsan 	
Logoff	Fri 10/04/2024	 0:56:54.66	aallen38  
Logoff	Fri 10/04/2024	 1:15:59.47	ryuan13  
Login	Fri 10/04/2024	 1:27:32.98	ksugano1 	
Logoff	Fri 10/04/2024	 1:29:16.41	bcjamal  
Logoff	Fri 10/04/2024	 1:30:53.27	mgoeke  
Login	Fri 10/04/2024	 1:33:54.77	fseck1 	
Login	Fri 10/04/2024	 1:43:12.26	jcanlapa 	
Login	Fri 10/04/2024	 1:50:40.26	mgoeke 	
Logoff	Fri 10/04/2024	 1:52:47.39	fseck1  
Logoff	Fri 10/04/2024	 2:16:05.59	mgoeke  
Logoff	Fri 10/04/2024	 2:26:52.16	kpate153  
Logoff	Fri 10/04/2024	 2:42:25.18	kokunsei  
Login	Fri 10/04/2024	 2:51:43.93	ytomokiy 	
Logoff	Fri 10/04/2024	 2:55:59.20	kehsan  
Logoff	Fri 10/04/2024	 3:13:03.65	ytomokiy  
Logoff	Fri 10/04/2024	 3:21:07.69	hbzheng  
Logoff	Fri 10/04/2024	 3:52:13.37	jcanlapa  
Login	Fri 10/04/2024	 3:55:34.99	kpate153 	
Login	Fri 10/04/2024	 4:01:51.38	mkamisat 	
Logoff	Fri 10/04/2024	 4:05:53.81	ksugano1  
Login	Fri 10/04/2024	 4:15:01.71	oppatel 	
Logoff	Fri 10/04/2024	 4:22:39.17	kpate153  
Login	Fri 10/04/2024	 4:32:46.34	rcsantan 	
Logoff	Fri 10/04/2024	 5:23:25.51	oppatel  
Logoff	Fri 10/04/2024	 5:33:43.96	rcsantan  
Logoff	Fri 10/04/2024	 5:53:35.55	mkamisat  
Login	Fri 10/04/2024	 8:16:18.68	ytomokiy 	
Login	Fri 10/04/2024	 8:45:45.38	dmycue 	
Login	Fri 10/04/2024	 8:49:39.58	wz36 	
Login	Fri 10/04/2024	 8:57:20.98	rlee127 	
Logoff	Fri 10/04/2024	 9:17:31.44	rlee127  
Login	Fri 10/04/2024	 9:24:09.54	mmyklebu 	
Login	Fri 10/04/2024	 9:29:18.03	jaconrad 	
Logoff	Fri 10/04/2024	 9:29:28.69	ytomokiy  
Logoff	Fri 10/04/2024	 9:51:42.41	jaconrad  
Login	Fri 10/04/2024	10:04:09.62	asun68 	
Logoff	Fri 10/04/2024	10:04:51.86	mmyklebu  
Login	Fri 10/04/2024	10:05:42.59	kodonne3 	
Login	Fri 10/04/2024	10:08:56.87	rlee127 	
Logoff	Fri 10/04/2024	10:23:03.94	asun68  
Login	Fri 10/04/2024	10:26:04.10	awill158 	
Logoff	Fri 10/04/2024	10:29:24.40	rlee127  
Login	Fri 10/04/2024	10:34:27.16	nherna20 	
Login	Fri 10/04/2024	10:37:37.62	kpate153 	
Logoff	Fri 10/04/2024	10:47:54.69	awill158  
Logoff	Fri 10/04/2024	11:02:10.09	kpate153  
Login	Fri 10/04/2024	11:18:14.24	mmyklebu 	
Logoff	Fri 10/04/2024	11:36:08.81	mmyklebu  
Logoff	Fri 10/04/2024	11:41:34.97	nherna20  
Login	Fri 10/04/2024	11:44:08.34	oppatel 	
Login	Fri 10/04/2024	12:02:48.84	szhu90 	
Logoff	Fri 10/04/2024	12:06:13.44	kodonne3  
Logoff	Fri 10/04/2024	12:19:39.20	szhu90  
Login	Fri 10/04/2024	12:34:20.33	rcsantan 	
Login	Fri 10/04/2024	12:41:04.59	hbzheng 	
Login	Fri 10/04/2024	12:53:51.96	bcjamal 	
Logoff	Fri 10/04/2024	12:58:53.01	oppatel  
Login	Fri 10/04/2024	12:59:28.92	asun68 	
Login	Fri 10/04/2024	13:07:33.74	senriqu4 	
Login	Fri 10/04/2024	13:12:29.43	kodonne3 	
Logoff	Fri 10/04/2024	13:13:15.61	hbzheng  
Login	Fri 10/04/2024	13:28:04.94	klchien 	
Logoff	Fri 10/04/2024	13:30:58.48	rcsantan  
Logoff	Fri 10/04/2024	13:44:10.38	senriqu4  
Logoff	Fri 10/04/2024	13:47:43.22	asun68  
Logoff	Fri 10/04/2024	13:56:13.82	klchien  
Logoff	Fri 10/04/2024	13:56:22.77	bcjamal  
Logoff	Fri 10/04/2024	14:16:00.64	kodonne3  
Login	Fri 10/04/2024	14:18:49.71	scharoe1 	
Login	Fri 10/04/2024	14:25:23.17	fbarrera 	
Login	Fri 10/04/2024	14:34:34.29	jabney 	
Logoff	Fri 10/04/2024	14:35:18.89	scharoe1  
Login	Fri 10/04/2024	14:53:12.10	asun68 	
Login	Fri 10/04/2024	15:04:57.53	mravisan 	
Logoff	Fri 10/04/2024	15:09:07.03	fbarrera  
Logoff	Fri 10/04/2024	15:12:23.61	jabney  
Logoff	Fri 10/04/2024	15:20:41.52	mravisan  
Logoff	Fri 10/04/2024	15:41:44.67	asun68  
Login	Fri 10/04/2024	15:44:12.82	szhu90 	
Logoff	Fri 10/04/2024	16:56:14.08	wz36  
Login	Fri 10/04/2024	17:13:28.96	pmarcott 	
Logoff	Fri 10/04/2024	17:32:24.58	pmarcott  
Login	Fri 10/04/2024	17:42:54.18	rlee127 	
Logoff	Fri 10/04/2024	18:15:35.49	szhu90  
Logoff	Fri 10/04/2024	18:32:05.74	rlee127  
Logoff	Fri 10/04/2024	20:12:03.27	dmycue  
Login	Fri 10/04/2024	22:17:40.69	mrbrough 	
Logoff	Fri 10/04/2024	22:50:54.10	mrbrough  
Login	Sat 10/05/2024	19:41:06.07	sthoma54 	
Logoff	Sat 10/05/2024	20:50:38.47	sthoma54  
Login	Sat 10/05/2024	21:23:08.34	tmdavis 	
Logoff	Sat 10/05/2024	21:38:43.18	tmdavis  
Login	Sun 10/06/2024	 7:52:28.65	dmittlem 	
Logoff	Sun 10/06/2024	 9:48:29.44	dmittlem  
Login	Sun 10/06/2024	12:10:55.04	rlee127 	
Logoff	Sun 10/06/2024	12:45:00.36	rlee127  
Login	Sun 10/06/2024	13:27:00.22	jabney 	
Logoff	Sun 10/06/2024	15:39:58.72	jabney  
Login	Sun 10/06/2024	15:42:36.68	jabney 	
Login	Sun 10/06/2024	16:11:53.51	mrbrough 	
Logoff	Sun 10/06/2024	16:27:32.22	jabney  
Login	Sun 10/06/2024	16:40:17.97	etduchno 	
Logoff	Sun 10/06/2024	16:42:48.67	mrbrough  
Logoff	Sun 10/06/2024	17:29:39.26	etduchno  
Login	Sun 10/06/2024	21:39:02.63	mrbrough 	
Logoff	Sun 10/06/2024	22:08:38.89	mrbrough  
Login	Mon 10/07/2024	 7:54:04.02	dmycue 	
Logoff	Mon 10/07/2024	17:01:11.59	wz36  
Logoff	Tue 10/08/2024	 3:40:22.43	dmycue  
Login	Tue 10/08/2024	20:40:31.12	mharlin2 	
Logoff	Tue 10/08/2024	21:29:58.17	mharlin2  
Login	Tue 10/08/2024	21:37:39.87	amanger 	
Logoff	Tue 10/08/2024	22:13:19.87	amanger  
Login	Wed 10/09/2024	 0:09:29.66	sroser 	
Login	Wed 10/09/2024	 2:21:53.78	nklemba 	
Logoff	Wed 10/09/2024	 2:37:58.36	sroser  
Logoff	Wed 10/09/2024	 2:55:55.10	nklemba  
Login	Wed 10/16/2024	 1:43:50.36	sthoma54 	
Login	Wed 10/16/2024	 1:44:56.81	myclarke 	
Logoff	Wed 10/16/2024	 2:19:09.74	sthoma54  
Login	Wed 10/16/2024	 2:47:49.47	aallen38 	
Logoff	Wed 10/16/2024	 3:05:51.30	aallen38  
Login	Wed 10/16/2024	 3:25:26.74	aallen38 	
Logoff	Wed 10/16/2024	 3:48:56.10	aallen38  
Logoff	Wed 10/16/2024	 3:48:56.54	myclarke  
Login	Tue 10/22/2024	22:12:24.29	amgutier 	
Login	Tue 10/22/2024	22:43:34.29	gmjennin 	
Login	Tue 10/22/2024	22:43:59.63	nrlong 	
Logoff	Tue 10/22/2024	22:49:02.07	amgutier  
Login	Tue 10/22/2024	23:15:21.97	kpate153 	
Logoff	Tue 10/22/2024	23:33:10.22	nrlong  
Login	Tue 10/22/2024	23:43:15.06	nwanders 	
Logoff	Tue 10/22/2024	23:55:46.16	kpate153  
Login	Wed 10/23/2024	 0:02:34.81	oppatel 	
Logoff	Wed 10/23/2024	 0:49:04.86	gmjennin  
Logoff	Wed 10/23/2024	 0:51:11.58	oppatel  
Login	Wed 10/23/2024	 1:07:32.02	myclarke 	
Logoff	Wed 10/23/2024	 1:11:47.68	nwanders  
Login	Wed 10/23/2024	 1:59:06.47	hbzheng 	
Logoff	Wed 10/23/2024	 2:42:06.81	hbzheng  
Logoff	Wed 10/23/2024	 3:20:42.39	myclarke  
Login	Tue 11/05/2024	19:55:04.74	jaconrad 	
Login	Tue 11/05/2024	19:55:51.98	ryuan13 	
Logoff	Tue 11/05/2024	21:29:22.65	jaconrad  
Logoff	Tue 11/05/2024	22:16:19.42	ryuan13  
Login	Tue 11/05/2024	23:48:22.53	agordonc 	
Login	Tue 11/05/2024	23:50:34.33	sdefreit 	
Logoff	Wed 11/06/2024	 0:38:50.12	agordonc  
Login	Wed 11/06/2024	 1:06:00.93	agordonc 	
Login	Wed 11/06/2024	 1:07:36.65	abaum2 	
Logoff	Wed 11/06/2024	 1:14:59.77	sdefreit  
Login	Wed 11/06/2024	 1:27:11.71	rcavin 	
Logoff	Wed 11/06/2024	 2:13:43.55	agordonc  
Login	Wed 11/06/2024	 3:07:45.54	jcanlapa 	
Logoff	Wed 11/06/2024	 3:26:34.99	abaum2  
Logoff	Wed 11/06/2024	 3:49:03.52	jcanlapa  
Logoff	Wed 11/06/2024	 3:51:44.56	rcavin  
